RUN	MainSimulation	mainsimulation	1672418997368	 	3.9.0
USER	Search	START	1672418997869
USER	ViewUser	START	1672418997870
USER	UpdateUser	START	1672418997871
USER	ViewUser	START	1672419001842
USER	Search	START	1672419002840
USER	ViewUser	START	1672419005839
USER	Search	START	1672419007840
USER	ViewUser	START	1672419010840
USER	Search	START	1672419012840
USER	ViewUser	START	1672419014840
USER	Search	START	1672419017840
USER	ViewUser	START	1672419019839
USER	ViewUser	START	1672419023840
USER	Search	START	1672419023840
USER	ViewUser	START	1672419027840
USER	Search	START	1672419028840
USER	ViewUser	START	1672419032840
USER	Search	START	1672419033840
USER	ViewUser	START	1672419036840
USER	Search	START	1672419038840
USER	ViewUser	START	1672419041839
USER	Search	START	1672419044840
USER	ViewUser	START	1672419045840
USER	ViewUser	START	1672419049839
USER	Search	START	1672419049840
USER	UpdateUser	START	1672419053840
USER	ViewUser	START	1672419054839
USER	Search	START	1672419054840
USER	ViewUser	START	1672419058840
USER	Search	START	1672419059839
USER	ViewUser	START	1672419063839
USER	Search	START	1672419065840
USER	ViewUser	START	1672419067840
USER	Search	START	1672419070840
USER	ViewUser	START	1672419072840
USER	Search	START	1672419075839
USER	ViewUser	START	1672419076839
USER	ViewUser	START	1672419080840
USER	Search	START	1672419080840
USER	ViewUser	START	1672419085840
USER	Search	START	1672419085840
USER	ViewUser	START	1672419089840
USER	Search	START	1672419091840
USER	ViewUser	START	1672419094840
USER	Search	START	1672419096840
USER	ViewUser	START	1672419098840
USER	Search	START	1672419101840
USER	ViewUser	START	1672419102841
USER	Search	START	1672419106839
USER	ViewUser	START	1672419107839
USER	UpdateUser	START	1672419109840
USER	ViewUser	START	1672419111840
REQUEST	Login	GoToLoginPage	1672419110191	1672419111920	OK	 
USER	Search	START	1672419112840
REQUEST	Login	SubmitCredentials	1672419111998	1672419113037	OK	 
REQUEST	Login	SubmitCredentials Redirect 1	1672419113040	1672419113310	OK	 
REQUEST	Login	GetAccessToken	1672419113317	1672419114850	OK	 
REQUEST	Login	GetCurrentUserDetails	1672419114964	1672419116396	OK	 
USER	ViewUser	START	1672419116840
USER	Search	START	1672419117840
REQUEST	Login	Datasets	1672419116440	1672419118143	OK	 
REQUEST	Login	Roles	1672419116444	1672419118144	OK	 
REQUEST	Login	ReportingGroups	1672419116442	1672419118201	OK	 
REQUEST	Login	FileshareGroups	1672419116444	1672419118201	OK	 
GROUP	Login	1672419110168	1672419118202	7770	OK
REQUEST	ViewUser	FetchUserDetails	1672419118204	1672419119695	OK	 
REQUEST	ViewUser	RoleGroups	1672419119702	1672419120357	OK	 
REQUEST	ViewUser	Establishments	1672419119705	1672419120362	OK	 
REQUEST	ViewUser	Datasets	1672419120358	1672419120406	OK	 
USER	ViewUser	START	1672419120840
REQUEST	ViewUser	Roles	1672419119703	1672419121834	OK	 
REQUEST	ViewUser	StaffGrades	1672419119706	1672419121837	OK	 
REQUEST	ViewUser	FetchUserHistory	1672419119702	1672419122139	OK	 
REQUEST	ViewUser	Groups	1672419119703	1672419122233	OK	 
GROUP	ViewUser	1672419118203	1672419122233	4023	OK
USER	Search	START	1672419122839
USER	ViewUser	START	1672419124840
USER	Search	START	1672419127840
USER	ViewUser	START	1672419129840
USER	Search	START	1672419133840
USER	ViewUser	START	1672419133841
USER	Search	START	1672419138840
USER	ViewUser	START	1672419138840
REQUEST	Login	GoToLoginPage	1672419140790	1672419140823	OK	 
REQUEST	Login	SubmitCredentials	1672419140828	1672419141138	OK	 
REQUEST	Login	SubmitCredentials Redirect 1	1672419141139	1672419141163	OK	 
REQUEST	Login	GetAccessToken	1672419141164	1672419141645	OK	 
REQUEST	Login	GetCurrentUserDetails	1672419141646	1672419141835	OK	 
REQUEST	Login	Roles	1672419141840	1672419142398	OK	 
REQUEST	Login	FileshareGroups	1672419141840	1672419142400	OK	 
REQUEST	Login	Datasets	1672419141839	1672419142733	OK	 
USER	ViewUser	START	1672419142840
REQUEST	Login	ReportingGroups	1672419141839	1672419143035	OK	 
GROUP	Login	1672419140789	1672419143036	2235	OK
REQUEST	ViewUser	FetchUserDetails	1672419143038	1672419143113	OK	 
REQUEST	ViewUser	Roles	1672419143120	1672419143203	OK	 
REQUEST	ViewUser	RoleGroups	1672419143119	1672419143235	OK	 
REQUEST	ViewUser	StaffGrades	1672419143121	1672419143300	OK	 
REQUEST	ViewUser	Establishments	1672419143120	1672419143307	OK	 
REQUEST	ViewUser	Datasets	1672419143204	1672419143340	OK	 
USER	Search	START	1672419143840
REQUEST	ViewUser	FetchUserHistory	1672419143119	1672419144336	OK	 
REQUEST	ViewUser	Groups	1672419143120	1672419144634	OK	 
GROUP	ViewUser	1672419143036	1672419144635	1592	OK
USER	ViewUser	START	1672419147840
USER	Search	START	1672419148839
USER	ViewUser	START	1672419151839
USER	Search	START	1672419153840
USER	ViewUser	START	1672419155839
USER	Search	START	1672419159839
USER	ViewUser	START	1672419160840
USER	Search	START	1672419164840
USER	ViewUser	START	1672419164840
USER	UpdateUser	START	1672419165840
USER	ViewUser	START	1672419169839
USER	Search	START	1672419169839
USER	ViewUser	START	1672419173839
USER	Search	START	1672419174839
USER	ViewUser	START	1672419177840
REQUEST	Login	GoToLoginPage	1672419180779	1672419180811	OK	 
USER	Search	START	1672419180840
REQUEST	Login	SubmitCredentials	1672419180815	1672419181051	OK	 
REQUEST	Login	SubmitCredentials Redirect 1	1672419181051	1672419181075	OK	 
REQUEST	Login	GetAccessToken	1672419181077	1672419181695	OK	 
REQUEST	Login	GetCurrentUserDetails	1672419181696	1672419181946	OK	 
REQUEST	Login	Roles	1672419181958	1672419182505	OK	 
REQUEST	Login	FileshareGroups	1672419181957	1672419182632	OK	 
REQUEST	Login	Datasets	1672419181956	1672419182635	OK	 
USER	ViewUser	START	1672419182840
REQUEST	Login	ReportingGroups	1672419181957	1672419182895	OK	 
GROUP	Login	1672419180779	1672419182896	2100	OK
REQUEST	UpdateUser	FetchUserDetails	1672419182897	1672419183543	OK	 
USER	Search	START	1672419185840
REQUEST	UpdateUser	UpdateUser	1672419183563	1672419186635	OK	 
GROUP	UpdateUser	1672419182896	1672419186635	3718	OK
USER	ViewUser	START	1672419186840
USER	Search	START	1672419190840
USER	ViewUser	START	1672419191839
USER	Search	START	1672419195839
USER	ViewUser	START	1672419195839
USER	ViewUser	START	1672419199839
USER	Search	START	1672419201840
USER	ViewUser	START	1672419204839
USER	Search	START	1672419206840
USER	ViewUser	START	1672419208839
USER	Search	START	1672419211840
USER	ViewUser	START	1672419213840
USER	Search	START	1672419216840
USER	ViewUser	START	1672419217840
REQUEST	Login	GoToLoginPage	1672419216956	1672419218349	OK	 
REQUEST	Login	SubmitCredentials	1672419218353	1672419218809	OK	 
REQUEST	Login	SubmitCredentials Redirect 1	1672419218810	1672419218845	OK	 
REQUEST	Login	GetAccessToken	1672419218846	1672419219881	OK	 
REQUEST	Login	GetCurrentUserDetails	1672419219883	1672419220092	OK	 
REQUEST	Login	ReportingGroups	1672419220096	1672419220551	OK	 
REQUEST	Login	Datasets	1672419220095	1672419220801	OK	 
REQUEST	Login	FileshareGroups	1672419220096	1672419220802	OK	 
REQUEST	Login	Roles	1672419220097	1672419220805	OK	 
GROUP	Login	1672419216956	1672419220805	3838	OK
REQUEST	ViewUser	FetchUserDetails	1672419220807	1672419221215	OK	 
REQUEST	ViewUser	Roles	1672419221219	1672419221739	OK	 
REQUEST	ViewUser	StaffGrades	1672419221220	1672419221740	OK	 
REQUEST	ViewUser	RoleGroups	1672419221219	1672419221741	OK	 
REQUEST	ViewUser	Datasets	1672419221739	1672419222201	OK	 
REQUEST	ViewUser	Establishments	1672419221220	1672419223098	OK	 
REQUEST	ViewUser	Groups	1672419221220	1672419223099	OK	 
REQUEST	ViewUser	FetchUserHistory	1672419221218	1672419223099	OK	 
GROUP	ViewUser	1672419220806	1672419223100	2290	OK
REQUEST	Login	GoToLoginPage	1672419231433	1672419231463	OK	 
REQUEST	Login	SubmitCredentials	1672419231466	1672419231605	OK	 
REQUEST	Login	SubmitCredentials Redirect 1	1672419231606	1672419231622	OK	 
REQUEST	Login	GetAccessToken	1672419231623	1672419232316	OK	 
REQUEST	Login	GetCurrentUserDetails	1672419232317	1672419232486	OK	 
REQUEST	Login	Datasets	1672419232489	1672419232744	OK	 
REQUEST	Login	Roles	1672419232490	1672419232745	OK	 
REQUEST	Login	ReportingGroups	1672419232489	1672419233332	OK	 
REQUEST	Login	FileshareGroups	1672419232490	1672419233340	OK	 
GROUP	Login	1672419231432	1672419233340	1899	OK
REQUEST	ViewUser	FetchUserDetails	1672419233341	1672419234532	OK	 
REQUEST	ViewUser	RoleGroups	1672419234537	1672419235175	OK	 
REQUEST	ViewUser	Establishments	1672419234538	1672419235177	OK	 
REQUEST	ViewUser	StaffGrades	1672419234538	1672419235178	OK	 
REQUEST	ViewUser	Datasets	1672419235175	1672419235452	OK	 
REQUEST	ViewUser	Roles	1672419234537	1672419235456	OK	 
REQUEST	ViewUser	Groups	1672419234537	1672419235457	OK	 
REQUEST	ViewUser	FetchUserHistory	1672419234536	1672419235457	OK	 
GROUP	ViewUser	1672419233340	1672419235458	2112	OK
REQUEST	Login	GoToLoginPage	1672419238498	1672419238522	OK	 
REQUEST	Login	SubmitCredentials	1672419238525	1672419238588	OK	 
REQUEST	Login	SubmitCredentials Redirect 1	1672419238588	1672419238607	OK	 
REQUEST	Login	GetAccessToken	1672419238607	1672419238942	OK	 
REQUEST	Login	GetCurrentUserDetails	1672419238944	1672419239122	OK	 
REQUEST	Login	Roles	1672419239125	1672419239358	OK	 
REQUEST	Login	ReportingGroups	1672419239124	1672419241046	OK	 
REQUEST	Login	Datasets	1672419239124	1672419241047	OK	 
REQUEST	Login	FileshareGroups	1672419239125	1672419241048	OK	 
GROUP	Login	1672419238498	1672419241048	2543	OK
REQUEST	Search	SearchByUsername	1672419241049	1672419241968	OK	 
GROUP	Search	1672419241048	1672419241974	919	OK
REQUEST	Login	GoToLoginPage	1672419255594	1672419255619	OK	 
REQUEST	Login	SubmitCredentials	1672419255622	1672419255733	OK	 
REQUEST	Login	SubmitCredentials Redirect 1	1672419255733	1672419255752	OK	 
REQUEST	Login	GetAccessToken	1672419255753	1672419256051	OK	 
REQUEST	Login	GetCurrentUserDetails	1672419256052	1672419256308	OK	 
REQUEST	Login	Datasets	1672419256311	1672419257161	OK	 
REQUEST	Login	ReportingGroups	1672419256312	1672419257232	OK	 
REQUEST	Login	Roles	1672419256313	1672419257421	OK	 
REQUEST	Login	FileshareGroups	1672419256312	1672419257424	OK	 
GROUP	Login	1672419255594	1672419257424	1822	OK
REQUEST	ViewUser	FetchUserDetails	1672419257425	1672419258097	OK	 
REQUEST	ViewUser	Establishments	1672419258103	1672419259143	OK	 
REQUEST	ViewUser	RoleGroups	1672419258102	1672419259144	OK	 
REQUEST	ViewUser	Groups	1672419258102	1672419259145	OK	 
REQUEST	ViewUser	Datasets	1672419259144	1672419259157	OK	 
REQUEST	ViewUser	FetchUserHistory	1672419258101	1672419259423	OK	 
REQUEST	ViewUser	StaffGrades	1672419258103	1672419259423	OK	 
REQUEST	ViewUser	Roles	1672419258102	1672419259424	OK	 
GROUP	ViewUser	1672419257424	1672419259424	1995	OK
REQUEST	Login	GoToLoginPage	1672419301939	1672419301963	OK	 
REQUEST	Login	SubmitCredentials	1672419301965	1672419302031	OK	 
REQUEST	Login	SubmitCredentials Redirect 1	1672419302031	1672419302049	OK	 
REQUEST	Login	GetAccessToken	1672419302050	1672419302315	OK	 
REQUEST	Login	GetCurrentUserDetails	1672419302316	1672419302481	OK	 
REQUEST	Login	Datasets	1672419302483	1672419302769	OK	 
REQUEST	Login	Roles	1672419302485	1672419302770	OK	 
REQUEST	Login	FileshareGroups	1672419302484	1672419303039	OK	 
REQUEST	Login	ReportingGroups	1672419302484	1672419303040	OK	 
GROUP	Login	1672419301938	1672419303040	1095	OK
REQUEST	Search	SearchByUsername	1672419303041	1672419303520	OK	 
GROUP	Search	1672419303040	1672419303521	479	OK
REQUEST	Login	GoToLoginPage	1672419322941	1672419322965	OK	 
REQUEST	Login	SubmitCredentials	1672419322967	1672419323036	OK	 
REQUEST	Login	SubmitCredentials Redirect 1	1672419323036	1672419323052	OK	 
REQUEST	Login	GetAccessToken	1672419323053	1672419323338	OK	 
REQUEST	Login	GetCurrentUserDetails	1672419323339	1672419323667	OK	 
REQUEST	Login	Datasets	1672419323669	1672419324045	OK	 
REQUEST	Login	Roles	1672419323671	1672419324046	OK	 
REQUEST	Login	FileshareGroups	1672419323670	1672419324838	OK	 
REQUEST	Login	ReportingGroups	1672419323670	1672419324839	OK	 
GROUP	Login	1672419322941	1672419324839	1892	OK
REQUEST	Search	SearchByUsername	1672419324841	1672419326186	OK	 
GROUP	Search	1672419324839	1672419326187	1345	OK
REQUEST	Login	GoToLoginPage	1672419329676	1672419329699	OK	 
REQUEST	Login	SubmitCredentials	1672419329701	1672419329753	OK	 
REQUEST	Login	SubmitCredentials Redirect 1	1672419329754	1672419329771	OK	 
REQUEST	Login	GetAccessToken	1672419329772	1672419330284	OK	 
REQUEST	Login	GetCurrentUserDetails	1672419330285	1672419330466	OK	 
REQUEST	Login	FileshareGroups	1672419330469	1672419330861	OK	 
REQUEST	Login	Datasets	1672419330469	1672419330862	OK	 
REQUEST	Login	Roles	1672419330470	1672419331298	OK	 
REQUEST	Login	ReportingGroups	1672419330469	1672419331299	OK	 
GROUP	Login	1672419329675	1672419331299	1616	OK
REQUEST	ViewUser	FetchUserDetails	1672419331300	1672419331615	OK	 
REQUEST	ViewUser	StaffGrades	1672419331620	1672419331713	OK	 
REQUEST	ViewUser	RoleGroups	1672419331619	1672419331714	OK	 
REQUEST	ViewUser	Datasets	1672419331713	1672419331800	OK	 
REQUEST	ViewUser	Roles	1672419331619	1672419331841	OK	 
REQUEST	ViewUser	Establishments	1672419331620	1672419331941	OK	 
REQUEST	ViewUser	FetchUserHistory	1672419331618	1672419332235	OK	 
REQUEST	ViewUser	Groups	1672419331620	1672419332539	OK	 
GROUP	ViewUser	1672419331300	1672419332540	1237	OK
REQUEST	Login	GoToLoginPage	1672419370477	1672419370500	OK	 
REQUEST	Login	SubmitCredentials	1672419370502	1672419370606	OK	 
REQUEST	Login	SubmitCredentials Redirect 1	1672419370606	1672419370619	OK	 
REQUEST	Login	GetAccessToken	1672419370620	1672419370873	OK	 
REQUEST	Login	GetCurrentUserDetails	1672419370874	1672419371046	OK	 
REQUEST	Login	Datasets	1672419371048	1672419371412	OK	 
REQUEST	Login	FileshareGroups	1672419371049	1672419371413	OK	 
REQUEST	Login	ReportingGroups	1672419371048	1672419371852	OK	 
REQUEST	Login	Roles	1672419371049	1672419371853	OK	 
GROUP	Login	1672419370477	1672419371853	1370	OK
REQUEST	Search	SearchByUsername	1672419371854	1672419372440	OK	 
GROUP	Search	1672419371854	1672419372441	586	OK
REQUEST	Login	GoToLoginPage	1672419417369	1672419417393	OK	 
REQUEST	Login	SubmitCredentials	1672419417395	1672419417451	OK	 
REQUEST	Login	SubmitCredentials Redirect 1	1672419417452	1672419417468	OK	 
REQUEST	Login	GetAccessToken	1672419417469	1672419417758	OK	 
REQUEST	Login	GetCurrentUserDetails	1672419417759	1672419417947	OK	 
REQUEST	Login	Datasets	1672419417952	1672419418298	OK	 
REQUEST	Login	Roles	1672419417956	1672419418299	OK	 
REQUEST	Login	FileshareGroups	1672419417954	1672419418624	OK	 
REQUEST	Login	ReportingGroups	1672419417953	1672419418695	OK	 
GROUP	Login	1672419417369	1672419418695	1318	OK
REQUEST	Search	SearchByUsername	1672419418696	1672419419151	OK	 
GROUP	Search	1672419418695	1672419419152	455	OK
REQUEST	Login	GoToLoginPage	1672419419241	1672419419258	OK	 
REQUEST	Login	SubmitCredentials	1672419419260	1672419419333	OK	 
REQUEST	Login	SubmitCredentials Redirect 1	1672419419333	1672419419346	OK	 
REQUEST	Login	GetAccessToken	1672419419347	1672419419721	OK	 
REQUEST	Login	GetCurrentUserDetails	1672419419722	1672419419978	OK	 
REQUEST	Login	Datasets	1672419419980	1672419420339	OK	 
REQUEST	Login	Roles	1672419419981	1672419420339	OK	 
REQUEST	Login	FileshareGroups	1672419419981	1672419420953	OK	 
REQUEST	Login	ReportingGroups	1672419419980	1672419420954	OK	 
GROUP	Login	1672419419241	1672419420955	1708	OK
REQUEST	Search	SearchByUsername	1672419420956	1672419421414	OK	 
GROUP	Search	1672419420955	1672419421415	458	OK
REQUEST	Login	GoToLoginPage	1672419428197	1672419428217	OK	 
REQUEST	Login	SubmitCredentials	1672419428223	1672419428397	OK	 
REQUEST	Login	SubmitCredentials Redirect 1	1672419428398	1672419428412	OK	 
REQUEST	Login	GetAccessToken	1672419428413	1672419428635	OK	 
REQUEST	Login	GetCurrentUserDetails	1672419428636	1672419428797	OK	 
REQUEST	Login	Datasets	1672419428799	1672419429248	OK	 
REQUEST	Login	FileshareGroups	1672419428800	1672419429252	OK	 
REQUEST	Login	GoToLoginPage	1672419429088	1672419429349	OK	 
REQUEST	Login	ReportingGroups	1672419428800	1672419429352	OK	 
REQUEST	Login	Roles	1672419428800	1672419429353	OK	 
GROUP	Login	1672419428197	1672419429353	1145	OK
REQUEST	ViewUser	FetchUserDetails	1672419429353	1672419429728	OK	 
REQUEST	Login	SubmitCredentials	1672419429351	1672419429732	OK	 
REQUEST	Login	SubmitCredentials Redirect 1	1672419429733	1672419430100	OK	 
REQUEST	ViewUser	Roles	1672419429733	1672419430264	OK	 
REQUEST	ViewUser	FetchUserHistory	1672419429731	1672419430265	OK	 
REQUEST	ViewUser	Datasets	1672419430264	1672419430276	OK	 
REQUEST	ViewUser	Establishments	1672419429734	1672419430332	OK	 
REQUEST	ViewUser	RoleGroups	1672419429733	1672419431107	OK	 
REQUEST	ViewUser	Groups	1672419429733	1672419431107	OK	 
REQUEST	ViewUser	StaffGrades	1672419429734	1672419431108	OK	 
GROUP	ViewUser	1672419429353	1672419431108	1752	OK
REQUEST	Login	GetAccessToken	1672419430101	1672419431346	OK	 
REQUEST	Login	GetCurrentUserDetails	1672419431347	1672419431496	OK	 
REQUEST	Login	Datasets	1672419431498	1672419431703	OK	 
REQUEST	Login	Roles	1672419431500	1672419431704	OK	 
REQUEST	Login	FileshareGroups	1672419431499	1672419431771	OK	 
REQUEST	Login	ReportingGroups	1672419431499	1672419432412	OK	 
GROUP	Login	1672419429088	1672419432412	3317	OK
REQUEST	Search	SearchByUsername	1672419432413	1672419432864	OK	 
GROUP	Search	1672419432413	1672419432865	451	OK
REQUEST	Login	GoToLoginPage	1672419454080	1672419454098	OK	 
REQUEST	Login	SubmitCredentials	1672419454100	1672419454160	OK	 
REQUEST	Login	SubmitCredentials Redirect 1	1672419454161	1672419454241	OK	 
REQUEST	Login	GetAccessToken	1672419454242	1672419454465	OK	 
REQUEST	Login	GetCurrentUserDetails	1672419454466	1672419455345	OK	 
REQUEST	Login	Datasets	1672419455347	1672419455760	OK	 
REQUEST	Login	FileshareGroups	1672419455348	1672419455762	OK	 
REQUEST	Login	Roles	1672419455348	1672419456254	OK	 
REQUEST	Login	ReportingGroups	1672419455347	1672419456258	OK	 
GROUP	Login	1672419454080	1672419456258	2171	OK
REQUEST	Search	SearchByUsername	1672419456259	1672419456732	OK	 
GROUP	Search	1672419456258	1672419456733	473	OK
REQUEST	Login	GoToLoginPage	1672419465998	1672419466015	OK	 
REQUEST	Login	SubmitCredentials	1672419466017	1672419466080	OK	 
REQUEST	Login	SubmitCredentials Redirect 1	1672419466080	1672419466092	OK	 
REQUEST	Login	GetAccessToken	1672419466093	1672419466453	OK	 
REQUEST	Login	GetCurrentUserDetails	1672419466454	1672419466622	OK	 
REQUEST	Login	FileshareGroups	1672419466625	1672419466913	OK	 
REQUEST	Login	Datasets	1672419466624	1672419466914	OK	 
REQUEST	Login	ReportingGroups	1672419466624	1672419468034	OK	 
REQUEST	Login	Roles	1672419466625	1672419468034	OK	 
GROUP	Login	1672419465997	1672419468035	2031	OK
REQUEST	Search	SearchByUsername	1672419468035	1672419468688	OK	 
GROUP	Search	1672419468035	1672419468689	653	OK
REQUEST	Login	GoToLoginPage	1672419479521	1672419479542	OK	 
REQUEST	Login	SubmitCredentials	1672419479544	1672419479636	OK	 
REQUEST	Login	SubmitCredentials Redirect 1	1672419479636	1672419479652	OK	 
REQUEST	Login	GetAccessToken	1672419479652	1672419480254	OK	 
REQUEST	Login	GetCurrentUserDetails	1672419480255	1672419480430	OK	 
REQUEST	Login	Roles	1672419480432	1672419481016	OK	 
REQUEST	Login	FileshareGroups	1672419480432	1672419481016	OK	 
REQUEST	Login	Datasets	1672419480431	1672419481340	OK	 
REQUEST	Login	ReportingGroups	1672419480432	1672419481340	OK	 
GROUP	Login	1672419479521	1672419481340	1815	OK
REQUEST	ViewUser	FetchUserDetails	1672419481342	1672419481385	OK	 
REQUEST	ViewUser	Roles	1672419481388	1672419481441	OK	 
REQUEST	ViewUser	RoleGroups	1672419481388	1672419481507	OK	 
REQUEST	ViewUser	StaffGrades	1672419481389	1672419481535	OK	 
REQUEST	ViewUser	Establishments	1672419481388	1672419481539	OK	 
REQUEST	ViewUser	Datasets	1672419481441	1672419481599	OK	 
REQUEST	ViewUser	FetchUserHistory	1672419481387	1672419481741	OK	 
REQUEST	ViewUser	Groups	1672419481388	1672419482198	OK	 
GROUP	ViewUser	1672419481341	1672419482198	854	OK
REQUEST	Login	GoToLoginPage	1672419501227	1672419501249	OK	 
REQUEST	Login	SubmitCredentials	1672419501255	1672419501317	OK	 
REQUEST	Login	SubmitCredentials Redirect 1	1672419501317	1672419501330	OK	 
REQUEST	Login	GetAccessToken	1672419501331	1672419501755	OK	 
REQUEST	Login	GetCurrentUserDetails	1672419501756	1672419501946	OK	 
REQUEST	Login	Datasets	1672419501948	1672419502258	OK	 
REQUEST	Login	FileshareGroups	1672419501949	1672419502259	OK	 
REQUEST	Login	Roles	1672419501949	1672419502657	OK	 
REQUEST	Login	ReportingGroups	1672419501949	1672419502658	OK	 
GROUP	Login	1672419501227	1672419502659	1422	OK
REQUEST	ViewUser	FetchUserDetails	1672419502659	1672419502700	OK	 
REQUEST	ViewUser	Roles	1672419502702	1672419502751	OK	 
REQUEST	ViewUser	StaffGrades	1672419502703	1672419502752	OK	 
REQUEST	ViewUser	RoleGroups	1672419502702	1672419502752	OK	 
REQUEST	ViewUser	Datasets	1672419502751	1672419502842	OK	 
REQUEST	ViewUser	Establishments	1672419502703	1672419503195	OK	 
REQUEST	ViewUser	FetchUserHistory	1672419502702	1672419503313	OK	 
REQUEST	ViewUser	Groups	1672419502703	1672419503807	OK	 
GROUP	ViewUser	1672419502659	1672419503807	1146	OK
REQUEST	Login	GoToLoginPage	1672419518870	1672419518891	OK	 
REQUEST	Login	SubmitCredentials	1672419518893	1672419518946	OK	 
REQUEST	Login	SubmitCredentials Redirect 1	1672419518947	1672419518962	OK	 
REQUEST	Login	GetAccessToken	1672419518963	1672419519261	OK	 
REQUEST	Login	GetCurrentUserDetails	1672419519263	1672419519607	OK	 
REQUEST	Login	FileshareGroups	1672419519610	1672419519967	OK	 
REQUEST	Login	Datasets	1672419519610	1672419519968	OK	 
REQUEST	Login	ReportingGroups	1672419519610	1672419520158	OK	 
REQUEST	Login	Roles	1672419519611	1672419520158	OK	 
GROUP	Login	1672419518870	1672419520159	1281	OK
REQUEST	ViewUser	FetchUserDetails	1672419520159	1672419520387	OK	 
REQUEST	ViewUser	RoleGroups	1672419520390	1672419520582	OK	 
REQUEST	ViewUser	Datasets	1672419520582	1672419520606	OK	 
REQUEST	ViewUser	Establishments	1672419520393	1672419520607	OK	 
REQUEST	ViewUser	FetchUserHistory	1672419520390	1672419521636	OK	 
REQUEST	ViewUser	Roles	1672419520390	1672419521637	OK	 
REQUEST	ViewUser	Groups	1672419520393	1672419521642	OK	 
REQUEST	ViewUser	StaffGrades	1672419520394	1672419521646	OK	 
GROUP	ViewUser	1672419520159	1672419521646	1484	OK
REQUEST	Login	GoToLoginPage	1672419529057	1672419529073	OK	 
REQUEST	Login	SubmitCredentials	1672419529076	1672419529399	OK	 
REQUEST	Login	SubmitCredentials Redirect 1	1672419529400	1672419529412	OK	 
REQUEST	Login	GetAccessToken	1672419529413	1672419530139	OK	 
REQUEST	Login	GetCurrentUserDetails	1672419530140	1672419530333	OK	 
REQUEST	Login	Roles	1672419530336	1672419530672	OK	 
REQUEST	Login	FileshareGroups	1672419530336	1672419530673	OK	 
REQUEST	Login	Datasets	1672419530335	1672419530906	OK	 
REQUEST	Login	ReportingGroups	1672419530335	1672419530910	OK	 
GROUP	Login	1672419529057	1672419530910	1845	OK
REQUEST	Search	SearchByUsername	1672419530911	1672419531371	OK	 
GROUP	Search	1672419530910	1672419531371	460	OK
REQUEST	Login	GoToLoginPage	1672419532069	1672419532087	OK	 
REQUEST	Login	SubmitCredentials	1672419532088	1672419532136	OK	 
REQUEST	Login	SubmitCredentials Redirect 1	1672419532137	1672419532152	OK	 
REQUEST	Login	GetAccessToken	1672419532152	1672419532452	OK	 
REQUEST	Login	GetCurrentUserDetails	1672419532453	1672419532716	OK	 
REQUEST	Login	Datasets	1672419532718	1672419533041	OK	 
REQUEST	Login	Roles	1672419532719	1672419533042	OK	 
REQUEST	Login	FileshareGroups	1672419532719	1672419533810	OK	 
REQUEST	Login	ReportingGroups	1672419532718	1672419533810	OK	 
GROUP	Login	1672419532068	1672419533810	1736	OK
REQUEST	ViewUser	FetchUserDetails	1672419533811	1672419533932	OK	 
REQUEST	ViewUser	StaffGrades	1672419533935	1672419534043	OK	 
REQUEST	ViewUser	Datasets	1672419534044	1672419534395	OK	 
REQUEST	ViewUser	RoleGroups	1672419533934	1672419534398	OK	 
REQUEST	ViewUser	Roles	1672419533934	1672419534400	OK	 
REQUEST	ViewUser	Establishments	1672419533935	1672419534410	OK	 
REQUEST	ViewUser	FetchUserHistory	1672419533934	1672419534446	OK	 
REQUEST	ViewUser	Groups	1672419533935	1672419534934	OK	 
GROUP	ViewUser	1672419533811	1672419534935	1122	OK
REQUEST	Login	GoToLoginPage	1672419551184	1672419551201	OK	 
REQUEST	Login	SubmitCredentials	1672419551202	1672419551266	OK	 
REQUEST	Login	SubmitCredentials Redirect 1	1672419551266	1672419551278	OK	 
REQUEST	Login	GetAccessToken	1672419551279	1672419551483	OK	 
REQUEST	Login	GetCurrentUserDetails	1672419551484	1672419551653	OK	 
REQUEST	Login	Datasets	1672419551655	1672419551966	OK	 
REQUEST	Login	FileshareGroups	1672419551655	1672419551968	OK	 
REQUEST	Login	ReportingGroups	1672419551655	1672419552169	OK	 
REQUEST	Login	Roles	1672419551656	1672419552169	OK	 
GROUP	Login	1672419551184	1672419552170	982	OK
REQUEST	Search	SearchByUsername	1672419552170	1672419552746	OK	 
GROUP	Search	1672419552170	1672419552746	576	OK
REQUEST	Login	GoToLoginPage	1672419574552	1672419574575	OK	 
REQUEST	Login	SubmitCredentials	1672419574576	1672419574638	OK	 
REQUEST	Login	SubmitCredentials Redirect 1	1672419574639	1672419574651	OK	 
REQUEST	Login	GetAccessToken	1672419574651	1672419574925	OK	 
REQUEST	Login	GetCurrentUserDetails	1672419574926	1672419575108	OK	 
REQUEST	Login	Roles	1672419575111	1672419575302	OK	 
REQUEST	Login	GoToLoginPage	1672419576326	1672419576502	OK	 
REQUEST	Login	Datasets	1672419575110	1672419576505	OK	 
REQUEST	Login	ReportingGroups	1672419575110	1672419576505	OK	 
REQUEST	Login	FileshareGroups	1672419575111	1672419576506	OK	 
GROUP	Login	1672419574552	1672419576506	1949	OK
REQUEST	ViewUser	FetchUserDetails	1672419576507	1672419576773	OK	 
REQUEST	Login	SubmitCredentials	1672419576503	1672419576777	OK	 
REQUEST	Login	SubmitCredentials Redirect 1	1672419576777	1672419576792	OK	 
REQUEST	ViewUser	Roles	1672419576775	1672419577936	OK	 
REQUEST	ViewUser	FetchUserHistory	1672419576775	1672419577937	OK	 
REQUEST	ViewUser	Establishments	1672419576776	1672419577938	OK	 
REQUEST	Login	GoToLoginPage	1672419576952	1672419578114	OK	 
REQUEST	ViewUser	Datasets	1672419577937	1672419578120	OK	 
REQUEST	ViewUser	Groups	1672419576775	1672419578122	OK	 
REQUEST	Login	GetAccessToken	1672419576792	1672419578140	OK	 
REQUEST	Login	SubmitCredentials	1672419578116	1672419578180	OK	 
REQUEST	ViewUser	StaffGrades	1672419576776	1672419578200	OK	 
REQUEST	ViewUser	RoleGroups	1672419576775	1672419578206	OK	 
GROUP	ViewUser	1672419576506	1672419578207	1699	OK
REQUEST	Login	SubmitCredentials Redirect 1	1672419578180	1672419578211	OK	 
REQUEST	Login	GetCurrentUserDetails	1672419578140	1672419578909	OK	 
REQUEST	Login	Roles	1672419578912	1672419579208	OK	 
REQUEST	Login	GetAccessToken	1672419578212	1672419579247	OK	 
REQUEST	Login	Datasets	1672419578911	1672419579336	OK	 
REQUEST	Login	FileshareGroups	1672419578912	1672419579336	OK	 
REQUEST	Login	GetCurrentUserDetails	1672419579248	1672419579402	OK	 
REQUEST	Login	ReportingGroups	1672419579403	1672419580155	OK	 
REQUEST	Login	FileshareGroups	1672419579404	1672419580158	OK	 
REQUEST	Login	Datasets	1672419579403	1672419580339	OK	 
REQUEST	Login	ReportingGroups	1672419578911	1672419580339	OK	 
REQUEST	Login	Roles	1672419579404	1672419580339	OK	 
GROUP	Login	1672419576952	1672419580339	3382	OK
GROUP	Login	1672419576326	1672419580340	4011	OK
REQUEST	ViewUser	FetchUserDetails	1672419580340	1672419580496	OK	 
REQUEST	ViewUser	Establishments	1672419580499	1672419580904	OK	 
REQUEST	ViewUser	Roles	1672419580499	1672419580906	OK	 
REQUEST	Search	SearchByUsername	1672419580340	1672419580905	OK	 
GROUP	Search	1672419580340	1672419580906	565	OK
REQUEST	ViewUser	Datasets	1672419580904	1672419580918	OK	 
REQUEST	ViewUser	RoleGroups	1672419580498	1672419582053	OK	 
REQUEST	ViewUser	FetchUserHistory	1672419580498	1672419582132	OK	 
REQUEST	ViewUser	StaffGrades	1672419580499	1672419582134	OK	 
REQUEST	ViewUser	Groups	1672419580499	1672419582136	OK	 
GROUP	ViewUser	1672419580340	1672419582136	1794	OK
REQUEST	Login	GoToLoginPage	1672419582896	1672419582912	OK	 
REQUEST	Login	SubmitCredentials	1672419582913	1672419582960	OK	 
REQUEST	Login	SubmitCredentials Redirect 1	1672419582960	1672419582975	OK	 
REQUEST	Login	GetAccessToken	1672419582976	1672419583193	OK	 
REQUEST	Login	GetCurrentUserDetails	1672419583194	1672419583363	OK	 
REQUEST	Login	Roles	1672419583366	1672419583978	OK	 
REQUEST	Login	FileshareGroups	1672419583366	1672419583978	OK	 
REQUEST	Login	Datasets	1672419583365	1672419583978	OK	 
REQUEST	Login	ReportingGroups	1672419583365	1672419584100	OK	 
GROUP	Login	1672419582895	1672419584100	1199	OK
REQUEST	Login	GoToLoginPage	1672419584153	1672419584169	OK	 
REQUEST	ViewUser	FetchUserDetails	1672419584102	1672419584215	OK	 
REQUEST	ViewUser	RoleGroups	1672419584217	1672419584338	OK	 
REQUEST	ViewUser	Establishments	1672419584217	1672419584341	OK	 
REQUEST	ViewUser	Datasets	1672419584339	1672419584348	OK	 
REQUEST	ViewUser	Roles	1672419584217	1672419584398	OK	 
REQUEST	ViewUser	StaffGrades	1672419584218	1672419584403	OK	 
REQUEST	Login	SubmitCredentials	1672419584170	1672419584407	OK	 
REQUEST	Login	SubmitCredentials Redirect 1	1672419584408	1672419584440	OK	 
REQUEST	ViewUser	FetchUserHistory	1672419584216	1672419584806	OK	 
REQUEST	ViewUser	Groups	1672419584217	1672419584835	OK	 
GROUP	ViewUser	1672419584101	1672419584835	732	OK
REQUEST	Login	GetAccessToken	1672419584441	1672419585342	OK	 
REQUEST	Login	GetCurrentUserDetails	1672419585343	1672419585631	OK	 
REQUEST	Login	Datasets	1672419585632	1672419585910	OK	 
REQUEST	Login	Roles	1672419585633	1672419585912	OK	 
REQUEST	Login	FileshareGroups	1672419585633	1672419586186	OK	 
REQUEST	Login	ReportingGroups	1672419585632	1672419586187	OK	 
GROUP	Login	1672419584153	1672419586187	2029	OK
REQUEST	Search	SearchByUsername	1672419586188	1672419586628	OK	 
GROUP	Search	1672419586187	1672419586629	440	OK
REQUEST	Login	GoToLoginPage	1672419598718	1672419598739	OK	 
REQUEST	Login	SubmitCredentials	1672419598741	1672419598794	OK	 
REQUEST	Login	SubmitCredentials Redirect 1	1672419598794	1672419598812	OK	 
REQUEST	Login	GetAccessToken	1672419598812	1672419599029	OK	 
REQUEST	Login	GetCurrentUserDetails	1672419599030	1672419599185	OK	 
REQUEST	Login	Roles	1672419599188	1672419599377	OK	 
REQUEST	Login	Datasets	1672419599186	1672419599378	OK	 
REQUEST	Login	ReportingGroups	1672419599187	1672419599658	OK	 
REQUEST	Login	FileshareGroups	1672419599187	1672419599659	OK	 
GROUP	Login	1672419598718	1672419599660	938	OK
REQUEST	Search	SearchByUsername	1672419599660	1672419600269	OK	 
GROUP	Search	1672419599660	1672419600270	609	OK
REQUEST	Login	GoToLoginPage	1672419615112	1672419615308	OK	 
REQUEST	Login	SubmitCredentials	1672419615309	1672419615374	OK	 
REQUEST	Login	SubmitCredentials Redirect 1	1672419615374	1672419615408	OK	 
REQUEST	Login	GetAccessToken	1672419615408	1672419615979	OK	 
REQUEST	Login	GetCurrentUserDetails	1672419615980	1672419616161	OK	 
REQUEST	Login	Datasets	1672419616162	1672419616496	OK	 
REQUEST	Login	Roles	1672419616163	1672419616497	OK	 
REQUEST	Login	ReportingGroups	1672419616163	1672419616720	OK	 
REQUEST	Login	FileshareGroups	1672419616163	1672419616721	OK	 
GROUP	Login	1672419615112	1672419616721	1606	OK
REQUEST	ViewUser	FetchUserDetails	1672419616722	1672419616908	OK	 
REQUEST	ViewUser	RoleGroups	1672419616910	1672419617327	OK	 
REQUEST	ViewUser	StaffGrades	1672419616911	1672419617330	OK	 
REQUEST	ViewUser	Establishments	1672419616911	1672419617331	OK	 
REQUEST	ViewUser	Datasets	1672419617327	1672419618150	OK	 
REQUEST	ViewUser	FetchUserHistory	1672419616910	1672419618233	OK	 
REQUEST	ViewUser	Groups	1672419616911	1672419618234	OK	 
REQUEST	ViewUser	Roles	1672419616911	1672419618235	OK	 
GROUP	ViewUser	1672419616721	1672419618236	1512	OK
REQUEST	Login	GoToLoginPage	1672419621032	1672419621049	OK	 
REQUEST	Login	SubmitCredentials	1672419621051	1672419621113	OK	 
REQUEST	Login	SubmitCredentials Redirect 1	1672419621113	1672419621125	OK	 
REQUEST	Login	GetAccessToken	1672419621126	1672419621430	OK	 
REQUEST	Login	GetCurrentUserDetails	1672419621431	1672419621591	OK	 
REQUEST	Login	Datasets	1672419621593	1672419622043	OK	 
REQUEST	Login	Roles	1672419621594	1672419622044	OK	 
REQUEST	Login	FileshareGroups	1672419621594	1672419622045	OK	 
REQUEST	Login	ReportingGroups	1672419621593	1672419622142	OK	 
GROUP	Login	1672419621032	1672419622143	1106	OK
REQUEST	Search	SearchByUsername	1672419622144	1672419622646	OK	 
GROUP	Search	1672419622143	1672419622646	502	OK
REQUEST	Login	GoToLoginPage	1672419644922	1672419644942	OK	 
REQUEST	Login	SubmitCredentials	1672419644944	1672419645006	OK	 
REQUEST	Login	SubmitCredentials Redirect 1	1672419645007	1672419645024	OK	 
REQUEST	Login	GetAccessToken	1672419645024	1672419645272	OK	 
REQUEST	Login	GetCurrentUserDetails	1672419645273	1672419645434	OK	 
REQUEST	Login	Datasets	1672419645436	1672419645755	OK	 
REQUEST	Login	FileshareGroups	1672419645439	1672419645757	OK	 
REQUEST	Login	Roles	1672419645439	1672419646314	OK	 
REQUEST	Login	ReportingGroups	1672419645436	1672419646602	OK	 
GROUP	Login	1672419644921	1672419646602	1675	OK
REQUEST	ViewUser	FetchUserDetails	1672419646602	1672419646629	OK	 
REQUEST	ViewUser	RoleGroups	1672419646631	1672419646648	OK	 
REQUEST	ViewUser	StaffGrades	1672419646632	1672419646658	OK	 
REQUEST	ViewUser	Roles	1672419646631	1672419646704	OK	 
REQUEST	ViewUser	Datasets	1672419646649	1672419646708	OK	 
REQUEST	ViewUser	Establishments	1672419646632	1672419646714	OK	 
REQUEST	ViewUser	FetchUserHistory	1672419646631	1672419647008	OK	 
REQUEST	ViewUser	Groups	1672419646632	1672419647240	OK	 
GROUP	ViewUser	1672419646602	1672419647240	636	OK
REQUEST	Login	GoToLoginPage	1672419655421	1672419655440	OK	 
REQUEST	Login	SubmitCredentials	1672419655442	1672419655490	OK	 
REQUEST	Login	SubmitCredentials Redirect 1	1672419655491	1672419655507	OK	 
REQUEST	Login	GetAccessToken	1672419655508	1672419655726	OK	 
REQUEST	Login	GetCurrentUserDetails	1672419655727	1672419655890	OK	 
REQUEST	Login	Roles	1672419655892	1672419656163	OK	 
REQUEST	Login	FileshareGroups	1672419655892	1672419656167	OK	 
REQUEST	Login	ReportingGroups	1672419655892	1672419656950	OK	 
REQUEST	Login	Datasets	1672419655891	1672419656951	OK	 
GROUP	Login	1672419655420	1672419656951	1524	OK
REQUEST	Search	SearchByUsername	1672419656952	1672419657669	OK	 
GROUP	Search	1672419656951	1672419657669	717	OK
REQUEST	Login	GoToLoginPage	1672419668574	1672419668593	OK	 
REQUEST	Login	SubmitCredentials	1672419668594	1672419668653	OK	 
REQUEST	Login	SubmitCredentials Redirect 1	1672419668653	1672419668665	OK	 
REQUEST	Login	GetAccessToken	1672419668666	1672419669037	OK	 
REQUEST	Login	GetCurrentUserDetails	1672419669038	1672419669218	OK	 
REQUEST	Login	ReportingGroups	1672419669219	1672419669752	OK	 
REQUEST	Login	Datasets	1672419669219	1672419669822	OK	 
REQUEST	Login	Roles	1672419669220	1672419669822	OK	 
REQUEST	Login	FileshareGroups	1672419669219	1672419669823	OK	 
GROUP	Login	1672419668574	1672419669824	1246	OK
REQUEST	Search	SearchByUsername	1672419669824	1672419670795	OK	 
GROUP	Search	1672419669824	1672419670795	971	OK
REQUEST	Login	GoToLoginPage	1672419690320	1672419690338	OK	 
REQUEST	Login	SubmitCredentials	1672419690340	1672419690397	OK	 
REQUEST	Login	SubmitCredentials Redirect 1	1672419690397	1672419690408	OK	 
REQUEST	Login	GetAccessToken	1672419690409	1672419690628	OK	 
REQUEST	Login	GetCurrentUserDetails	1672419690628	1672419690779	OK	 
REQUEST	Login	Datasets	1672419690780	1672419691084	OK	 
REQUEST	Login	Roles	1672419690781	1672419691085	OK	 
REQUEST	Login	FileshareGroups	1672419690781	1672419691194	OK	 
REQUEST	Login	ReportingGroups	1672419690780	1672419691232	OK	 
GROUP	Login	1672419690320	1672419691232	908	OK
REQUEST	ViewUser	FetchUserDetails	1672419691233	1672419691308	OK	 
REQUEST	ViewUser	Roles	1672419691310	1672419691328	OK	 
REQUEST	ViewUser	StaffGrades	1672419691311	1672419691328	OK	 
REQUEST	ViewUser	Establishments	1672419691311	1672419691329	OK	 
REQUEST	ViewUser	RoleGroups	1672419691310	1672419691330	OK	 
REQUEST	ViewUser	Datasets	1672419691328	1672419691341	OK	 
REQUEST	ViewUser	FetchUserHistory	1672419691310	1672419691351	OK	 
REQUEST	ViewUser	Groups	1672419691311	1672419691716	OK	 
GROUP	ViewUser	1672419691232	1672419691717	482	OK
REQUEST	Login	GoToLoginPage	1672419703166	1672419703185	OK	 
REQUEST	Login	SubmitCredentials	1672419703186	1672419703249	OK	 
REQUEST	Login	SubmitCredentials Redirect 1	1672419703249	1672419703261	OK	 
REQUEST	Login	GetAccessToken	1672419703262	1672419703516	OK	 
REQUEST	Login	GetCurrentUserDetails	1672419703517	1672419703690	OK	 
REQUEST	Login	FileshareGroups	1672419703692	1672419704040	OK	 
REQUEST	Login	Datasets	1672419703691	1672419704040	OK	 
REQUEST	Login	ReportingGroups	1672419703692	1672419704656	OK	 
REQUEST	Login	Roles	1672419703693	1672419704656	OK	 
GROUP	Login	1672419703166	1672419704656	1486	OK
REQUEST	ViewUser	FetchUserDetails	1672419704657	1672419704867	OK	 
REQUEST	ViewUser	Roles	1672419704869	1672419705554	OK	 
REQUEST	ViewUser	StaffGrades	1672419704870	1672419705554	OK	 
REQUEST	ViewUser	RoleGroups	1672419704869	1672419705555	OK	 
REQUEST	ViewUser	Datasets	1672419705554	1672419705567	OK	 
REQUEST	ViewUser	Groups	1672419704869	1672419705574	OK	 
REQUEST	ViewUser	Establishments	1672419704870	1672419705575	OK	 
REQUEST	ViewUser	FetchUserHistory	1672419704868	1672419705575	OK	 
GROUP	ViewUser	1672419704656	1672419705575	917	OK
REQUEST	Login	GoToLoginPage	1672419710981	1672419710998	OK	 
REQUEST	Login	SubmitCredentials	1672419710999	1672419711147	OK	 
REQUEST	Login	SubmitCredentials Redirect 1	1672419711147	1672419711162	OK	 
REQUEST	Login	GetAccessToken	1672419711163	1672419711460	OK	 
REQUEST	Login	GetCurrentUserDetails	1672419711461	1672419711708	OK	 
REQUEST	Login	Roles	1672419711711	1672419712064	OK	 
REQUEST	Login	FileshareGroups	1672419711711	1672419712065	OK	 
REQUEST	Login	ReportingGroups	1672419711710	1672419712438	OK	 
REQUEST	Login	Datasets	1672419711710	1672419712438	OK	 
GROUP	Login	1672419710981	1672419712438	1452	OK
REQUEST	Search	SearchByUsername	1672419712439	1672419713019	OK	 
GROUP	Search	1672419712438	1672419713019	580	OK
REQUEST	Login	GoToLoginPage	1672419732322	1672419732340	OK	 
REQUEST	Login	SubmitCredentials	1672419732342	1672419732400	OK	 
REQUEST	Login	SubmitCredentials Redirect 1	1672419732401	1672419732411	OK	 
REQUEST	Login	GetAccessToken	1672419732412	1672419732627	OK	 
REQUEST	Login	GetCurrentUserDetails	1672419732628	1672419732816	OK	 
REQUEST	Login	FileshareGroups	1672419732818	1672419733176	OK	 
REQUEST	Login	Roles	1672419732818	1672419733176	OK	 
REQUEST	Login	Datasets	1672419732818	1672419733418	OK	 
REQUEST	Login	ReportingGroups	1672419732818	1672419733794	OK	 
GROUP	Login	1672419732322	1672419733795	1467	OK
REQUEST	Search	SearchByUsername	1672419733795	1672419734245	OK	 
GROUP	Search	1672419733795	1672419734245	450	OK
REQUEST	Login	GoToLoginPage	1672419773213	1672419773233	OK	 
REQUEST	Login	SubmitCredentials	1672419773234	1672419773283	OK	 
REQUEST	Login	SubmitCredentials Redirect 1	1672419773283	1672419773297	OK	 
REQUEST	Login	GetAccessToken	1672419773298	1672419773544	OK	 
REQUEST	Login	GetCurrentUserDetails	1672419773545	1672419773707	OK	 
REQUEST	Login	GoToLoginPage	1672419773912	1672419774143	OK	 
REQUEST	Login	Roles	1672419773709	1672419774149	OK	 
REQUEST	Login	FileshareGroups	1672419773709	1672419774149	OK	 
REQUEST	Login	Datasets	1672419773708	1672419774275	OK	 
REQUEST	Login	ReportingGroups	1672419773709	1672419774276	OK	 
GROUP	Login	1672419773213	1672419774276	1059	OK
REQUEST	Login	SubmitCredentials	1672419774145	1672419774362	OK	 
REQUEST	ViewUser	FetchUserDetails	1672419774276	1672419774362	OK	 
REQUEST	Login	SubmitCredentials Redirect 1	1672419774362	1672419774378	OK	 
REQUEST	ViewUser	RoleGroups	1672419774364	1672419774388	OK	 
REQUEST	ViewUser	Datasets	1672419774388	1672419774401	OK	 
REQUEST	ViewUser	FetchUserHistory	1672419774363	1672419774427	OK	 
REQUEST	ViewUser	StaffGrades	1672419774364	1672419774440	OK	 
REQUEST	ViewUser	Roles	1672419774364	1672419774441	OK	 
REQUEST	ViewUser	Establishments	1672419774364	1672419774447	OK	 
REQUEST	Login	GetAccessToken	1672419774379	1672419774816	OK	 
REQUEST	ViewUser	Groups	1672419774364	1672419774827	OK	 
GROUP	ViewUser	1672419774276	1672419774827	550	OK
REQUEST	Login	GetCurrentUserDetails	1672419774816	1672419774968	OK	 
REQUEST	Login	Datasets	1672419774969	1672419775249	OK	 
REQUEST	Login	Roles	1672419774971	1672419775250	OK	 
REQUEST	Login	ReportingGroups	1672419774969	1672419776202	OK	 
REQUEST	Login	FileshareGroups	1672419774970	1672419776203	OK	 
GROUP	Login	1672419773911	1672419776203	2287	OK
REQUEST	Search	SearchByUsername	1672419776204	1672419776948	OK	 
GROUP	Search	1672419776203	1672419776949	744	OK
REQUEST	Login	GoToLoginPage	1672419794709	1672419794729	OK	 
REQUEST	Login	SubmitCredentials	1672419794730	1672419794778	OK	 
REQUEST	Login	SubmitCredentials Redirect 1	1672419794779	1672419794795	OK	 
REQUEST	Login	GetAccessToken	1672419794795	1672419795460	OK	 
REQUEST	Login	GetCurrentUserDetails	1672419795461	1672419795626	OK	 
REQUEST	Login	FileshareGroups	1672419795628	1672419795787	OK	 
REQUEST	Login	ReportingGroups	1672419795627	1672419796433	OK	 
REQUEST	Login	Roles	1672419795628	1672419796434	OK	 
REQUEST	Login	Datasets	1672419795627	1672419796435	OK	 
GROUP	Login	1672419794708	1672419796435	1722	OK
REQUEST	ViewUser	FetchUserDetails	1672419796435	1672419796473	OK	 
REQUEST	ViewUser	RoleGroups	1672419796475	1672419796498	OK	 
REQUEST	ViewUser	Roles	1672419796475	1672419796498	OK	 
REQUEST	ViewUser	Establishments	1672419796475	1672419796499	OK	 
REQUEST	ViewUser	StaffGrades	1672419796476	1672419796502	OK	 
REQUEST	ViewUser	Datasets	1672419796498	1672419796540	OK	 
REQUEST	ViewUser	FetchUserHistory	1672419796475	1672419796547	OK	 
REQUEST	ViewUser	Groups	1672419796475	1672419797083	OK	 
GROUP	ViewUser	1672419796435	1672419797083	647	OK
REQUEST	Login	GoToLoginPage	1672419804750	1672419804768	OK	 
REQUEST	Login	SubmitCredentials	1672419804770	1672419804813	OK	 
REQUEST	Login	SubmitCredentials Redirect 1	1672419804814	1672419804828	OK	 
REQUEST	Login	GetAccessToken	1672419804829	1672419805162	OK	 
REQUEST	Login	GetCurrentUserDetails	1672419805163	1672419805349	OK	 
REQUEST	Login	GoToLoginPage	1672419805634	1672419805651	OK	 
REQUEST	Login	Roles	1672419805350	1672419805652	OK	 
REQUEST	Login	FileshareGroups	1672419805350	1672419805653	OK	 
REQUEST	Login	Datasets	1672419805350	1672419806240	OK	 
REQUEST	Login	ReportingGroups	1672419805350	1672419806241	OK	 
GROUP	Login	1672419804750	1672419806241	1486	OK
REQUEST	Login	SubmitCredentials	1672419805653	1672419806541	OK	 
REQUEST	Login	SubmitCredentials Redirect 1	1672419806542	1672419806558	OK	 
REQUEST	Search	SearchByUsername	1672419806241	1672419807111	OK	 
GROUP	Search	1672419806241	1672419807112	870	OK
REQUEST	Login	GetAccessToken	1672419806559	1672419807113	OK	 
REQUEST	Login	GetCurrentUserDetails	1672419807113	1672419807302	OK	 
REQUEST	Login	FileshareGroups	1672419807304	1672419807656	OK	 
REQUEST	Login	Datasets	1672419807304	1672419807657	OK	 
REQUEST	Login	ReportingGroups	1672419807304	1672419807768	OK	 
REQUEST	Login	Roles	1672419807304	1672419807768	OK	 
GROUP	Login	1672419805634	1672419807769	2130	OK
REQUEST	ViewUser	FetchUserDetails	1672419807769	1672419807993	OK	 
REQUEST	ViewUser	Roles	1672419807995	1672419808170	OK	 
REQUEST	ViewUser	StaffGrades	1672419807996	1672419808196	OK	 
REQUEST	ViewUser	Establishments	1672419807995	1672419808204	OK	 
REQUEST	ViewUser	Datasets	1672419808170	1672419808340	OK	 
REQUEST	ViewUser	RoleGroups	1672419807995	1672419808775	OK	 
REQUEST	ViewUser	Groups	1672419807995	1672419808775	OK	 
REQUEST	ViewUser	FetchUserHistory	1672419807995	1672419808775	OK	 
GROUP	ViewUser	1672419807769	1672419808775	1005	OK
REQUEST	Login	GoToLoginPage	1672419829804	1672419829821	OK	 
REQUEST	Login	SubmitCredentials	1672419829822	1672419829872	OK	 
REQUEST	Login	SubmitCredentials Redirect 1	1672419829872	1672419829888	OK	 
REQUEST	Login	GetAccessToken	1672419829889	1672419830157	OK	 
REQUEST	Login	GetCurrentUserDetails	1672419830158	1672419830322	OK	 
REQUEST	Login	Datasets	1672419830323	1672419830678	OK	 
REQUEST	Login	FileshareGroups	1672419830324	1672419830679	OK	 
REQUEST	Login	ReportingGroups	1672419830323	1672419831305	OK	 
REQUEST	Login	Roles	1672419830324	1672419831306	OK	 
GROUP	Login	1672419829804	1672419831306	1498	OK
REQUEST	Search	SearchByUsername	1672419831307	1672419831952	OK	 
GROUP	Search	1672419831306	1672419831953	645	OK
REQUEST	Login	GoToLoginPage	1672419849235	1672419849254	OK	 
REQUEST	Login	SubmitCredentials	1672419849256	1672419849555	OK	 
REQUEST	Login	SubmitCredentials Redirect 1	1672419849555	1672419849573	OK	 
REQUEST	Login	GetAccessToken	1672419849573	1672419850352	OK	 
REQUEST	Login	GetCurrentUserDetails	1672419850352	1672419850520	OK	 
REQUEST	Login	FileshareGroups	1672419850522	1672419850678	OK	 
REQUEST	Login	ReportingGroups	1672419850522	1672419851266	OK	 
REQUEST	Login	Roles	1672419850523	1672419851266	OK	 
REQUEST	Login	Datasets	1672419850522	1672419851266	OK	 
GROUP	Login	1672419849234	1672419851266	2028	OK
REQUEST	ViewUser	FetchUserDetails	1672419851267	1672419851450	OK	 
REQUEST	ViewUser	Roles	1672419851451	1672419851707	OK	 
REQUEST	ViewUser	RoleGroups	1672419851451	1672419851709	OK	 
REQUEST	ViewUser	Datasets	1672419851708	1672419851720	OK	 
REQUEST	ViewUser	Establishments	1672419851452	1672419851721	OK	 
REQUEST	ViewUser	Groups	1672419851452	1672419852757	OK	 
REQUEST	ViewUser	StaffGrades	1672419851452	1672419852757	OK	 
REQUEST	ViewUser	FetchUserHistory	1672419851451	1672419852758	OK	 
GROUP	ViewUser	1672419851266	1672419852758	1490	OK
REQUEST	Login	GoToLoginPage	1672419855176	1672419855194	OK	 
REQUEST	Login	SubmitCredentials	1672419855196	1672419855242	OK	 
REQUEST	Login	SubmitCredentials Redirect 1	1672419855243	1672419855257	OK	 
REQUEST	Login	GetAccessToken	1672419855257	1672419855522	OK	 
REQUEST	Login	GetCurrentUserDetails	1672419855523	1672419855724	OK	 
REQUEST	Login	Datasets	1672419855725	1672419855871	OK	 
REQUEST	Login	FileshareGroups	1672419855725	1672419855877	OK	 
REQUEST	Login	Roles	1672419855725	1672419855877	OK	 
REQUEST	Login	ReportingGroups	1672419855725	1672419856245	OK	 
GROUP	Login	1672419855176	1672419856246	1066	OK
REQUEST	Search	SearchByUsername	1672419856246	1672419856695	OK	 
GROUP	Search	1672419856246	1672419856695	449	OK
REQUEST	Login	GoToLoginPage	1672419893220	1672419893241	OK	 
REQUEST	Login	SubmitCredentials	1672419893242	1672419893302	OK	 
REQUEST	Login	SubmitCredentials Redirect 1	1672419893303	1672419893315	OK	 
REQUEST	Login	GetAccessToken	1672419893315	1672419893615	OK	 
REQUEST	Login	GetCurrentUserDetails	1672419893616	1672419893880	OK	 
REQUEST	Login	Roles	1672419893882	1672419894312	OK	 
REQUEST	Login	Datasets	1672419893881	1672419894313	OK	 
REQUEST	Login	FileshareGroups	1672419893882	1672419894537	OK	 
REQUEST	Login	ReportingGroups	1672419893882	1672419894538	OK	 
GROUP	Login	1672419893220	1672419894538	1314	OK
REQUEST	ViewUser	FetchUserDetails	1672419894538	1672419894595	OK	 
REQUEST	ViewUser	RoleGroups	1672419894596	1672419894621	OK	 
REQUEST	ViewUser	Roles	1672419894596	1672419894641	OK	 
REQUEST	ViewUser	StaffGrades	1672419894597	1672419894641	OK	 
REQUEST	ViewUser	Datasets	1672419894622	1672419894641	OK	 
REQUEST	ViewUser	Establishments	1672419894596	1672419894710	OK	 
REQUEST	ViewUser	FetchUserHistory	1672419894596	1672419894741	OK	 
REQUEST	ViewUser	Groups	1672419894596	1672419895095	OK	 
GROUP	ViewUser	1672419894538	1672419895095	556	OK
REQUEST	Login	GoToLoginPage	1672419900534	1672419900552	OK	 
REQUEST	Login	SubmitCredentials	1672419900554	1672419900601	OK	 
REQUEST	Login	SubmitCredentials Redirect 1	1672419900601	1672419900618	OK	 
REQUEST	Login	GetAccessToken	1672419900618	1672419900802	OK	 
REQUEST	Login	GetCurrentUserDetails	1672419900803	1672419900955	OK	 
REQUEST	Login	FileshareGroups	1672419900957	1672419901109	OK	 
REQUEST	Login	Datasets	1672419900956	1672419901153	OK	 
REQUEST	Login	Roles	1672419900957	1672419901157	OK	 
REQUEST	Login	ReportingGroups	1672419900956	1672419902050	OK	 
GROUP	Login	1672419900534	1672419902050	1512	OK
REQUEST	ViewUser	FetchUserDetails	1672419902051	1672419902088	OK	 
REQUEST	ViewUser	Roles	1672419902090	1672419902112	OK	 
REQUEST	ViewUser	Establishments	1672419902090	1672419902123	OK	 
REQUEST	ViewUser	RoleGroups	1672419902090	1672419902140	OK	 
REQUEST	ViewUser	Datasets	1672419902112	1672419902144	OK	 
REQUEST	ViewUser	StaffGrades	1672419902090	1672419902144	OK	 
REQUEST	ViewUser	FetchUserHistory	1672419902089	1672419902204	OK	 
REQUEST	ViewUser	Groups	1672419902090	1672419903033	OK	 
GROUP	ViewUser	1672419902050	1672419903033	981	OK
REQUEST	Login	GoToLoginPage	1672419915149	1672419915168	OK	 
REQUEST	Login	SubmitCredentials	1672419915169	1672419915215	OK	 
REQUEST	Login	SubmitCredentials Redirect 1	1672419915215	1672419915229	OK	 
REQUEST	Login	GetAccessToken	1672419915229	1672419915741	OK	 
REQUEST	Login	GetCurrentUserDetails	1672419915742	1672419915892	OK	 
REQUEST	Login	Datasets	1672419915893	1672419916163	OK	 
REQUEST	Login	Roles	1672419915894	1672419916164	OK	 
REQUEST	Login	FileshareGroups	1672419915894	1672419916360	OK	 
REQUEST	Login	ReportingGroups	1672419915893	1672419916395	OK	 
GROUP	Login	1672419915149	1672419916395	1243	OK
REQUEST	ViewUser	FetchUserDetails	1672419916395	1672419916429	OK	 
REQUEST	ViewUser	RoleGroups	1672419916430	1672419916495	OK	 
REQUEST	ViewUser	Establishments	1672419916431	1672419916504	OK	 
REQUEST	ViewUser	Datasets	1672419916495	1672419916506	OK	 
REQUEST	ViewUser	Roles	1672419916430	1672419916538	OK	 
REQUEST	ViewUser	StaffGrades	1672419916431	1672419916539	OK	 
REQUEST	ViewUser	FetchUserHistory	1672419916430	1672419916649	OK	 
REQUEST	ViewUser	Groups	1672419916431	1672419917033	OK	 
GROUP	ViewUser	1672419916395	1672419917033	637	OK
REQUEST	Login	GoToLoginPage	1672419918449	1672419918467	OK	 
REQUEST	Login	SubmitCredentials	1672419918468	1672419918528	OK	 
REQUEST	Login	SubmitCredentials Redirect 1	1672419918529	1672419918541	OK	 
REQUEST	Login	GetAccessToken	1672419918541	1672419918751	OK	 
REQUEST	Login	GetCurrentUserDetails	1672419918752	1672419918925	OK	 
REQUEST	Login	FileshareGroups	1672419918927	1672419919182	OK	 
REQUEST	Login	Datasets	1672419918926	1672419919705	OK	 
REQUEST	Login	Roles	1672419918927	1672419919797	OK	 
REQUEST	Login	ReportingGroups	1672419918926	1672419919819	OK	 
GROUP	Login	1672419918449	1672419919819	1366	OK
REQUEST	ViewUser	FetchUserDetails	1672419919820	1672419919845	OK	 
REQUEST	ViewUser	StaffGrades	1672419919847	1672419919862	OK	 
REQUEST	ViewUser	Roles	1672419919847	1672419919863	OK	 
REQUEST	ViewUser	RoleGroups	1672419919847	1672419919863	OK	 
REQUEST	ViewUser	Datasets	1672419919863	1672419919908	OK	 
REQUEST	ViewUser	Establishments	1672419919847	1672419920006	OK	 
REQUEST	ViewUser	FetchUserHistory	1672419919846	1672419920307	OK	 
REQUEST	ViewUser	Groups	1672419919847	1672419920896	OK	 
GROUP	ViewUser	1672419919820	1672419920896	1075	OK
REQUEST	Login	GoToLoginPage	1672419936070	1672419936089	OK	 
REQUEST	Login	SubmitCredentials	1672419936090	1672419936149	OK	 
REQUEST	Login	SubmitCredentials Redirect 1	1672419936149	1672419936161	OK	 
REQUEST	Login	GetAccessToken	1672419936161	1672419936536	OK	 
REQUEST	Login	GetCurrentUserDetails	1672419936536	1672419936758	OK	 
REQUEST	Login	Datasets	1672419936759	1672419937018	OK	 
REQUEST	Login	Roles	1672419936760	1672419937019	OK	 
REQUEST	Login	FileshareGroups	1672419936760	1672419937374	OK	 
REQUEST	Login	ReportingGroups	1672419936759	1672419937374	OK	 
GROUP	Login	1672419936070	1672419937375	1303	OK
REQUEST	ViewUser	FetchUserDetails	1672419937375	1672419937750	OK	 
REQUEST	ViewUser	Roles	1672419937751	1672419937777	OK	 
REQUEST	ViewUser	StaffGrades	1672419937752	1672419937780	OK	 
REQUEST	ViewUser	Datasets	1672419937777	1672419937841	OK	 
REQUEST	ViewUser	RoleGroups	1672419937751	1672419937843	OK	 
REQUEST	ViewUser	Establishments	1672419937752	1672419937847	OK	 
REQUEST	ViewUser	FetchUserHistory	1672419937751	1672419938114	OK	 
REQUEST	ViewUser	Groups	1672419937752	1672419938327	OK	 
GROUP	ViewUser	1672419937375	1672419938327	951	OK
REQUEST	Login	GoToLoginPage	1672419964426	1672419964444	OK	 
REQUEST	Login	SubmitCredentials	1672419964446	1672419964509	OK	 
REQUEST	Login	SubmitCredentials Redirect 1	1672419964509	1672419964521	OK	 
REQUEST	Login	GetAccessToken	1672419964521	1672419964916	OK	 
REQUEST	Login	GetCurrentUserDetails	1672419964917	1672419965068	OK	 
REQUEST	Login	FileshareGroups	1672419965069	1672419965233	OK	 
REQUEST	Login	Datasets	1672419965069	1672419965695	OK	 
REQUEST	Login	ReportingGroups	1672419965069	1672419965696	OK	 
REQUEST	Login	Roles	1672419965069	1672419965696	OK	 
GROUP	Login	1672419964426	1672419965697	1268	OK
REQUEST	Search	SearchByUsername	1672419965697	1672419966286	OK	 
GROUP	Search	1672419965697	1672419966286	589	OK
REQUEST	Login	GoToLoginPage	1672419968884	1672419968904	OK	 
REQUEST	Login	SubmitCredentials	1672419968905	1672419968947	OK	 
REQUEST	Login	SubmitCredentials Redirect 1	1672419968948	1672419968962	OK	 
REQUEST	Login	GetAccessToken	1672419968963	1672419969156	OK	 
REQUEST	Login	GetCurrentUserDetails	1672419969157	1672419969334	OK	 
REQUEST	Login	Datasets	1672419969334	1672419969626	OK	 
REQUEST	Login	Roles	1672419969335	1672419969627	OK	 
REQUEST	Login	FileshareGroups	1672419969335	1672419969996	OK	 
REQUEST	Login	ReportingGroups	1672419969335	1672419970317	OK	 
GROUP	Login	1672419968884	1672419970317	1429	OK
REQUEST	Search	SearchByUsername	1672419970318	1672419970768	OK	 
GROUP	Search	1672419970317	1672419970768	450	OK
REQUEST	Login	GoToLoginPage	1672419993969	1672419993987	OK	 
REQUEST	Login	SubmitCredentials	1672419993988	1672419994035	OK	 
REQUEST	Login	SubmitCredentials Redirect 1	1672419994036	1672419994050	OK	 
REQUEST	Login	GetAccessToken	1672419994050	1672419994269	OK	 
REQUEST	Login	GetCurrentUserDetails	1672419994270	1672419994548	OK	 
REQUEST	Login	FileshareGroups	1672419994550	1672419994902	OK	 
REQUEST	Login	Datasets	1672419994549	1672419994902	OK	 
REQUEST	Login	ReportingGroups	1672419994549	1672419995131	OK	 
REQUEST	Login	Roles	1672419994550	1672419995131	OK	 
GROUP	Login	1672419993969	1672419995131	1158	OK
REQUEST	Search	SearchByUsername	1672419995132	1672419995715	OK	 
GROUP	Search	1672419995131	1672419995715	583	OK
REQUEST	Login	GoToLoginPage	1672420007181	1672420007199	OK	 
REQUEST	Login	SubmitCredentials	1672420007200	1672420007264	OK	 
REQUEST	Login	SubmitCredentials Redirect 1	1672420007265	1672420007278	OK	 
REQUEST	Login	GetAccessToken	1672420007279	1672420007488	OK	 
REQUEST	Login	GetCurrentUserDetails	1672420007489	1672420007670	OK	 
REQUEST	Login	FileshareGroups	1672420007671	1672420007846	OK	 
REQUEST	Login	Roles	1672420007671	1672420008714	OK	 
REQUEST	Login	ReportingGroups	1672420007671	1672420008714	OK	 
REQUEST	Login	Datasets	1672420007671	1672420008715	OK	 
GROUP	Login	1672420007181	1672420008715	1529	OK
REQUEST	Search	SearchByUsername	1672420008715	1672420009294	OK	 
GROUP	Search	1672420008715	1672420009294	579	OK
REQUEST	Login	GoToLoginPage	1672420046761	1672420046780	OK	 
REQUEST	Login	SubmitCredentials	1672420046782	1672420046828	OK	 
REQUEST	Login	SubmitCredentials Redirect 1	1672420046828	1672420046844	OK	 
REQUEST	Login	GoToLoginPage	1672420046967	1672420046982	OK	 
REQUEST	Login	GetAccessToken	1672420046844	1672420047061	OK	 
REQUEST	Login	SubmitCredentials	1672420046983	1672420047094	OK	 
REQUEST	Login	SubmitCredentials Redirect 1	1672420047094	1672420047397	OK	 
REQUEST	Login	GetCurrentUserDetails	1672420047062	1672420047403	OK	 
REQUEST	Login	FileshareGroups	1672420047404	1672420047621	OK	 
REQUEST	Login	Roles	1672420047404	1672420047622	OK	 
REQUEST	Login	Datasets	1672420047403	1672420047635	OK	 
REQUEST	Login	ReportingGroups	1672420047404	1672420048335	OK	 
GROUP	Login	1672420046760	1672420048336	1572	OK
REQUEST	Login	GetAccessToken	1672420047398	1672420048336	OK	 
REQUEST	ViewUser	FetchUserDetails	1672420048336	1672420048359	OK	 
REQUEST	ViewUser	RoleGroups	1672420048360	1672420048447	OK	 
REQUEST	ViewUser	Establishments	1672420048360	1672420048448	OK	 
REQUEST	ViewUser	Roles	1672420048360	1672420048497	OK	 
REQUEST	ViewUser	StaffGrades	1672420048361	1672420048500	OK	 
REQUEST	ViewUser	Datasets	1672420048447	1672420048502	OK	 
REQUEST	Login	GetCurrentUserDetails	1672420048337	1672420048504	OK	 
REQUEST	ViewUser	FetchUserHistory	1672420048360	1672420048603	OK	 
REQUEST	Login	Roles	1672420048506	1672420049212	OK	 
REQUEST	Login	ReportingGroups	1672420048505	1672420049213	OK	 
REQUEST	Login	FileshareGroups	1672420048506	1672420049552	OK	 
REQUEST	Login	Datasets	1672420048505	1672420049553	OK	 
GROUP	Login	1672420046967	1672420049553	2582	OK
REQUEST	ViewUser	Groups	1672420048360	1672420049553	OK	 
GROUP	ViewUser	1672420048336	1672420049554	1217	OK
REQUEST	Login	GoToLoginPage	1672420050093	1672420050209	OK	 
REQUEST	Search	SearchByUsername	1672420049554	1672420050210	OK	 
GROUP	Search	1672420049553	1672420050211	656	OK
REQUEST	Login	SubmitCredentials	1672420050210	1672420050304	OK	 
REQUEST	Login	SubmitCredentials Redirect 1	1672420050304	1672420050315	OK	 
REQUEST	Login	GetAccessToken	1672420050315	1672420050577	OK	 
REQUEST	Login	GetCurrentUserDetails	1672420050577	1672420050727	OK	 
REQUEST	Login	Roles	1672420050729	1672420050900	OK	 
REQUEST	Login	FileshareGroups	1672420050729	1672420051013	OK	 
REQUEST	Login	Datasets	1672420050728	1672420051014	OK	 
REQUEST	Login	ReportingGroups	1672420050729	1672420051443	OK	 
GROUP	Login	1672420050092	1672420051443	1348	OK
REQUEST	ViewUser	FetchUserDetails	1672420051444	1672420051615	OK	 
REQUEST	ViewUser	Roles	1672420051616	1672420051646	OK	 
REQUEST	ViewUser	RoleGroups	1672420051616	1672420051646	OK	 
REQUEST	ViewUser	StaffGrades	1672420051617	1672420051647	OK	 
REQUEST	ViewUser	Datasets	1672420051646	1672420051705	OK	 
REQUEST	ViewUser	Establishments	1672420051616	1672420051713	OK	 
REQUEST	ViewUser	FetchUserHistory	1672420051616	1672420052004	OK	 
REQUEST	ViewUser	Groups	1672420051616	1672420052702	OK	 
GROUP	ViewUser	1672420051443	1672420052703	1258	OK
REQUEST	Login	GoToLoginPage	1672420072727	1672420072742	OK	 
REQUEST	Login	SubmitCredentials	1672420072743	1672420072803	OK	 
REQUEST	Login	SubmitCredentials Redirect 1	1672420072804	1672420072814	OK	 
REQUEST	Login	GetAccessToken	1672420072815	1672420073020	OK	 
REQUEST	Login	GetCurrentUserDetails	1672420073020	1672420073222	OK	 
REQUEST	Login	Datasets	1672420073224	1672420073609	OK	 
REQUEST	Login	Roles	1672420073224	1672420073609	OK	 
REQUEST	Login	FileshareGroups	1672420073224	1672420073797	OK	 
REQUEST	Login	ReportingGroups	1672420073224	1672420073797	OK	 
GROUP	Login	1672420072727	1672420073797	1066	OK
REQUEST	ViewUser	FetchUserDetails	1672420073798	1672420073831	OK	 
REQUEST	ViewUser	Roles	1672420073833	1672420073849	OK	 
REQUEST	ViewUser	StaffGrades	1672420073833	1672420073851	OK	 
REQUEST	ViewUser	RoleGroups	1672420073832	1672420073851	OK	 
REQUEST	ViewUser	Datasets	1672420073849	1672420073862	OK	 
REQUEST	ViewUser	FetchUserHistory	1672420073832	1672420073876	OK	 
REQUEST	ViewUser	Establishments	1672420073833	1672420073895	OK	 
REQUEST	ViewUser	Groups	1672420073833	1672420074348	OK	 
GROUP	ViewUser	1672420073797	1672420074348	549	OK
REQUEST	Login	GoToLoginPage	1672420084609	1672420084631	OK	 
REQUEST	Login	SubmitCredentials	1672420084632	1672420084685	OK	 
REQUEST	Login	SubmitCredentials Redirect 1	1672420084685	1672420084702	OK	 
REQUEST	Login	GetAccessToken	1672420084703	1672420084893	OK	 
REQUEST	Login	GetCurrentUserDetails	1672420084894	1672420085056	OK	 
REQUEST	Login	Datasets	1672420085057	1672420085648	OK	 
REQUEST	Login	ReportingGroups	1672420085057	1672420085648	OK	 
REQUEST	Login	FileshareGroups	1672420085058	1672420086103	OK	 
REQUEST	Login	Roles	1672420085058	1672420086105	OK	 
GROUP	Login	1672420084609	1672420086105	1492	OK
REQUEST	UpdateUser	FetchUserDetails	1672420086106	1672420086297	OK	 
REQUEST	UpdateUser	UpdateUser	1672420086306	1672420088727	OK	 
GROUP	UpdateUser	1672420086105	1672420088727	2612	OK
REQUEST	Login	GoToLoginPage	1672420097779	1672420097793	OK	 
REQUEST	Login	SubmitCredentials	1672420097795	1672420097853	OK	 
REQUEST	Login	SubmitCredentials Redirect 1	1672420097853	1672420097864	OK	 
REQUEST	Login	GetAccessToken	1672420097864	1672420098071	OK	 
REQUEST	Login	GetCurrentUserDetails	1672420098072	1672420098246	OK	 
REQUEST	Login	FileshareGroups	1672420098247	1672420098442	OK	 
REQUEST	Login	Datasets	1672420098246	1672420098913	OK	 
REQUEST	Login	Roles	1672420098247	1672420098914	OK	 
REQUEST	Login	ReportingGroups	1672420098247	1672420098914	OK	 
GROUP	Login	1672420097779	1672420098914	1132	OK
REQUEST	ViewUser	FetchUserDetails	1672420098914	1672420098942	OK	 
REQUEST	ViewUser	Roles	1672420098943	1672420098956	OK	 
REQUEST	ViewUser	RoleGroups	1672420098943	1672420098956	OK	 
REQUEST	ViewUser	StaffGrades	1672420098944	1672420098959	OK	 
REQUEST	ViewUser	Establishments	1672420098944	1672420098964	OK	 
REQUEST	ViewUser	Datasets	1672420098956	1672420098964	OK	 
REQUEST	ViewUser	FetchUserHistory	1672420098943	1672420099007	OK	 
REQUEST	ViewUser	Groups	1672420098943	1672420099509	OK	 
GROUP	ViewUser	1672420098914	1672420099509	594	OK
REQUEST	Login	GoToLoginPage	1672420115594	1672420115613	OK	 
REQUEST	Login	SubmitCredentials	1672420115614	1672420115660	OK	 
REQUEST	Login	SubmitCredentials Redirect 1	1672420115660	1672420115676	OK	 
REQUEST	Login	GetAccessToken	1672420115676	1672420115875	OK	 
REQUEST	Login	GetCurrentUserDetails	1672420115875	1672420116040	OK	 
REQUEST	Login	Datasets	1672420116041	1672420116200	OK	 
REQUEST	Login	Roles	1672420116042	1672420116206	OK	 
REQUEST	Login	FileshareGroups	1672420116042	1672420116206	OK	 
REQUEST	Login	ReportingGroups	1672420116041	1672420116649	OK	 
GROUP	Login	1672420115594	1672420116649	1053	OK
REQUEST	ViewUser	FetchUserDetails	1672420116650	1672420116683	OK	 
REQUEST	ViewUser	StaffGrades	1672420116684	1672420116809	OK	 
REQUEST	ViewUser	Establishments	1672420116684	1672420116813	OK	 
REQUEST	ViewUser	RoleGroups	1672420116684	1672420116835	OK	 
REQUEST	ViewUser	Roles	1672420116684	1672420116836	OK	 
REQUEST	ViewUser	Datasets	1672420116809	1672420116842	OK	 
REQUEST	ViewUser	FetchUserHistory	1672420116684	1672420116852	OK	 
REQUEST	ViewUser	Groups	1672420116684	1672420117068	OK	 
GROUP	ViewUser	1672420116649	1672420117069	418	OK
REQUEST	Login	GoToLoginPage	1672420139054	1672420139072	OK	 
REQUEST	Login	SubmitCredentials	1672420139073	1672420139197	OK	 
REQUEST	Login	SubmitCredentials Redirect 1	1672420139198	1672420139209	OK	 
REQUEST	Login	GetAccessToken	1672420139210	1672420139402	OK	 
REQUEST	Login	GetCurrentUserDetails	1672420139403	1672420139599	OK	 
REQUEST	Login	ReportingGroups	1672420139600	1672420139897	OK	 
REQUEST	Login	Roles	1672420139601	1672420139897	OK	 
REQUEST	Login	FileshareGroups	1672420139601	1672420139910	OK	 
REQUEST	Login	Datasets	1672420139600	1672420139910	OK	 
GROUP	Login	1672420139054	1672420139910	851	OK
REQUEST	ViewUser	FetchUserDetails	1672420139910	1672420140090	OK	 
REQUEST	ViewUser	RoleGroups	1672420140091	1672420140536	OK	 
REQUEST	ViewUser	FetchUserHistory	1672420140090	1672420140537	OK	 
REQUEST	ViewUser	StaffGrades	1672420140091	1672420140542	OK	 
REQUEST	ViewUser	Datasets	1672420140536	1672420140820	OK	 
REQUEST	ViewUser	Roles	1672420140091	1672420140823	OK	 
REQUEST	ViewUser	Groups	1672420140091	1672420140895	OK	 
REQUEST	ViewUser	Establishments	1672420140091	1672420140911	OK	 
GROUP	ViewUser	1672420139910	1672420140911	1001	OK
REQUEST	Login	GoToLoginPage	1672420158176	1672420158194	OK	 
REQUEST	Login	SubmitCredentials	1672420158195	1672420158252	OK	 
REQUEST	Login	SubmitCredentials Redirect 1	1672420158252	1672420158263	OK	 
REQUEST	Login	GetAccessToken	1672420158263	1672420158475	OK	 
REQUEST	Login	GetCurrentUserDetails	1672420158475	1672420158633	OK	 
REQUEST	Login	Datasets	1672420158634	1672420158926	OK	 
REQUEST	Login	FileshareGroups	1672420158635	1672420158928	OK	 
REQUEST	Login	Roles	1672420158635	1672420159235	OK	 
REQUEST	Login	ReportingGroups	1672420158634	1672420159235	OK	 
GROUP	Login	1672420158176	1672420159236	1058	OK
REQUEST	Search	SearchByUsername	1672420159236	1672420159678	OK	 
GROUP	Search	1672420159236	1672420159678	442	OK
REQUEST	Login	GoToLoginPage	1672420206322	1672420206342	OK	 
REQUEST	Login	SubmitCredentials	1672420206344	1672420206433	OK	 
REQUEST	Login	SubmitCredentials Redirect 1	1672420206433	1672420206448	OK	 
REQUEST	Login	GetAccessToken	1672420206448	1672420206736	OK	 
REQUEST	Login	GetCurrentUserDetails	1672420206737	1672420206890	OK	 
REQUEST	Login	Datasets	1672420206891	1672420207237	OK	 
REQUEST	Login	Roles	1672420206891	1672420207237	OK	 
REQUEST	Login	ReportingGroups	1672420206891	1672420207456	OK	 
REQUEST	Login	FileshareGroups	1672420206891	1672420207456	OK	 
GROUP	Login	1672420206322	1672420207457	1132	OK
REQUEST	Search	SearchByUsername	1672420207457	1672420208021	OK	 
GROUP	Search	1672420207457	1672420208022	564	OK
REQUEST	Login	GoToLoginPage	1672420212178	1672420212194	OK	 
REQUEST	Login	SubmitCredentials	1672420212195	1672420212238	OK	 
REQUEST	Login	SubmitCredentials Redirect 1	1672420212238	1672420212252	OK	 
REQUEST	Login	GetAccessToken	1672420212252	1672420212569	OK	 
REQUEST	Login	GetCurrentUserDetails	1672420212569	1672420212835	OK	 
REQUEST	Login	Datasets	1672420212836	1672420213152	OK	 
REQUEST	Login	Roles	1672420212837	1672420213152	OK	 
REQUEST	Login	FileshareGroups	1672420212837	1672420213920	OK	 
REQUEST	Login	ReportingGroups	1672420212836	1672420213999	OK	 
GROUP	Login	1672420212178	1672420213999	1819	OK
REQUEST	ViewUser	FetchUserDetails	1672420214000	1672420214025	OK	 
REQUEST	ViewUser	RoleGroups	1672420214026	1672420214042	OK	 
REQUEST	ViewUser	StaffGrades	1672420214027	1672420214051	OK	 
REQUEST	ViewUser	Roles	1672420214026	1672420214105	OK	 
REQUEST	ViewUser	Datasets	1672420214042	1672420214109	OK	 
REQUEST	ViewUser	Establishments	1672420214026	1672420214195	OK	 
REQUEST	ViewUser	FetchUserHistory	1672420214026	1672420214308	OK	 
REQUEST	ViewUser	Groups	1672420214026	1672420214664	OK	 
GROUP	ViewUser	1672420213999	1672420214665	664	OK
REQUEST	Login	GoToLoginPage	1672420231467	1672420231485	OK	 
REQUEST	Login	SubmitCredentials	1672420231486	1672420231532	OK	 
REQUEST	Login	SubmitCredentials Redirect 1	1672420231532	1672420231546	OK	 
REQUEST	Login	GetAccessToken	1672420231547	1672420231743	OK	 
REQUEST	Login	GetCurrentUserDetails	1672420231743	1672420231908	OK	 
REQUEST	Login	Datasets	1672420231909	1672420232262	OK	 
REQUEST	Login	Roles	1672420231910	1672420232264	OK	 
REQUEST	Login	ReportingGroups	1672420231909	1672420232459	OK	 
REQUEST	Login	FileshareGroups	1672420231910	1672420232459	OK	 
GROUP	Login	1672420231467	1672420232459	989	OK
REQUEST	ViewUser	FetchUserDetails	1672420232460	1672420232618	OK	 
REQUEST	Login	GoToLoginPage	1672420233007	1672420233083	OK	 
REQUEST	ViewUser	FetchUserHistory	1672420232619	1672420233087	OK	 
REQUEST	ViewUser	StaffGrades	1672420232620	1672420233087	OK	 
REQUEST	ViewUser	Roles	1672420232619	1672420233087	OK	 
REQUEST	ViewUser	Datasets	1672420233087	1672420233099	OK	 
REQUEST	ViewUser	Groups	1672420232619	1672420233253	OK	 
REQUEST	ViewUser	RoleGroups	1672420232619	1672420233253	OK	 
REQUEST	ViewUser	Establishments	1672420232620	1672420233334	OK	 
GROUP	ViewUser	1672420232459	1672420233334	873	OK
REQUEST	Login	SubmitCredentials	1672420233085	1672420233360	OK	 
REQUEST	Login	SubmitCredentials Redirect 1	1672420233360	1672420233375	OK	 
REQUEST	Login	GetAccessToken	1672420233375	1672420234155	OK	 
REQUEST	Login	GetCurrentUserDetails	1672420234155	1672420234311	OK	 
REQUEST	Login	Datasets	1672420234312	1672420234641	OK	 
REQUEST	Login	Roles	1672420234313	1672420234642	OK	 
REQUEST	Login	FileshareGroups	1672420234313	1672420235207	OK	 
REQUEST	Login	ReportingGroups	1672420234312	1672420235209	OK	 
GROUP	Login	1672420233007	1672420235209	2199	OK
REQUEST	ViewUser	FetchUserDetails	1672420235210	1672420235495	OK	 
REQUEST	ViewUser	Roles	1672420235496	1672420235513	OK	 
REQUEST	ViewUser	RoleGroups	1672420235496	1672420235518	OK	 
REQUEST	ViewUser	Datasets	1672420235513	1672420235521	OK	 
REQUEST	ViewUser	StaffGrades	1672420235497	1672420235522	OK	 
REQUEST	ViewUser	FetchUserHistory	1672420235496	1672420235544	OK	 
REQUEST	ViewUser	Establishments	1672420235496	1672420235603	OK	 
REQUEST	ViewUser	Groups	1672420235496	1672420236054	OK	 
GROUP	ViewUser	1672420235210	1672420236054	843	OK
REQUEST	Login	GoToLoginPage	1672420262772	1672420262786	OK	 
REQUEST	Login	SubmitCredentials	1672420262788	1672420262847	OK	 
REQUEST	Login	SubmitCredentials Redirect 1	1672420262847	1672420262856	OK	 
REQUEST	Login	GetAccessToken	1672420262857	1672420263169	OK	 
REQUEST	Login	GetCurrentUserDetails	1672420263170	1672420263327	OK	 
REQUEST	Login	Roles	1672420263329	1672420263640	OK	 
REQUEST	Login	FileshareGroups	1672420263329	1672420263640	OK	 
REQUEST	Login	Datasets	1672420263328	1672420263843	OK	 
REQUEST	Login	ReportingGroups	1672420263328	1672420263843	OK	 
GROUP	Login	1672420262772	1672420263844	1066	OK
REQUEST	ViewUser	FetchUserDetails	1672420263844	1672420263875	OK	 
REQUEST	ViewUser	Roles	1672420263876	1672420263893	OK	 
REQUEST	ViewUser	StaffGrades	1672420263877	1672420263895	OK	 
REQUEST	ViewUser	Establishments	1672420263876	1672420263896	OK	 
REQUEST	ViewUser	Datasets	1672420263893	1672420263905	OK	 
REQUEST	ViewUser	RoleGroups	1672420263876	1672420263907	OK	 
REQUEST	ViewUser	FetchUserHistory	1672420263876	1672420263941	OK	 
REQUEST	ViewUser	Groups	1672420263876	1672420264708	OK	 
GROUP	ViewUser	1672420263844	1672420264708	863	OK
REQUEST	Login	GoToLoginPage	1672420288992	1672420289012	OK	 
REQUEST	Login	SubmitCredentials	1672420289014	1672420289063	OK	 
REQUEST	Login	SubmitCredentials Redirect 1	1672420289063	1672420289080	OK	 
REQUEST	Login	GetAccessToken	1672420289081	1672420289271	OK	 
REQUEST	Login	GetCurrentUserDetails	1672420289272	1672420289454	OK	 
REQUEST	Login	ReportingGroups	1672420289455	1672420289827	OK	 
REQUEST	Login	Datasets	1672420289455	1672420289938	OK	 
REQUEST	Login	Roles	1672420289455	1672420289938	OK	 
REQUEST	Login	FileshareGroups	1672420289455	1672420289938	OK	 
GROUP	Login	1672420288992	1672420289938	941	OK
REQUEST	ViewUser	FetchUserDetails	1672420289939	1672420290094	OK	 
REQUEST	ViewUser	Roles	1672420290095	1672420290580	OK	 
REQUEST	ViewUser	StaffGrades	1672420290095	1672420290580	OK	 
REQUEST	ViewUser	FetchUserHistory	1672420290095	1672420290580	OK	 
REQUEST	ViewUser	Datasets	1672420290580	1672420290596	OK	 
REQUEST	ViewUser	RoleGroups	1672420290095	1672420290647	OK	 
REQUEST	ViewUser	Groups	1672420290095	1672420290652	OK	 
REQUEST	ViewUser	Establishments	1672420290095	1672420290733	OK	 
GROUP	ViewUser	1672420289939	1672420290733	794	OK
REQUEST	Login	GoToLoginPage	1672420343512	1672420343535	OK	 
REQUEST	Login	SubmitCredentials	1672420343536	1672420343586	OK	 
REQUEST	Login	SubmitCredentials Redirect 1	1672420343586	1672420343602	OK	 
REQUEST	Login	GetAccessToken	1672420343603	1672420343794	OK	 
REQUEST	Login	GetCurrentUserDetails	1672420343795	1672420344318	OK	 
REQUEST	Login	GoToLoginPage	1672420344492	1672420344508	OK	 
REQUEST	Login	FileshareGroups	1672420344320	1672420344855	OK	 
REQUEST	Login	Datasets	1672420344319	1672420344950	OK	 
REQUEST	Login	Roles	1672420344320	1672420344950	OK	 
REQUEST	Login	ReportingGroups	1672420344319	1672420344950	OK	 
GROUP	Login	1672420343512	1672420344950	1434	OK
REQUEST	Login	SubmitCredentials	1672420344509	1672420344950	OK	 
REQUEST	Login	SubmitCredentials Redirect 1	1672420344951	1672420344964	OK	 
REQUEST	ViewUser	FetchUserDetails	1672420344950	1672420345129	OK	 
REQUEST	Login	GetAccessToken	1672420344964	1672420345235	OK	 
REQUEST	ViewUser	Roles	1672420345132	1672420345402	OK	 
REQUEST	ViewUser	RoleGroups	1672420345132	1672420345403	OK	 
REQUEST	ViewUser	StaffGrades	1672420345132	1672420345407	OK	 
REQUEST	ViewUser	Datasets	1672420345402	1672420345540	OK	 
REQUEST	Login	GetCurrentUserDetails	1672420345235	1672420345611	OK	 
REQUEST	Login	ReportingGroups	1672420345612	1672420346174	OK	 
REQUEST	ViewUser	FetchUserHistory	1672420345131	1672420346783	OK	 
REQUEST	ViewUser	Groups	1672420345132	1672420346783	OK	 
REQUEST	ViewUser	Establishments	1672420345132	1672420346784	OK	 
GROUP	ViewUser	1672420344950	1672420346784	1832	OK
REQUEST	Login	FileshareGroups	1672420345612	1672420346787	OK	 
REQUEST	Login	Datasets	1672420345611	1672420346787	OK	 
REQUEST	Login	Roles	1672420345612	1672420346788	OK	 
GROUP	Login	1672420344491	1672420346788	2294	OK
REQUEST	UpdateUser	FetchUserDetails	1672420346788	1672420346979	OK	 
REQUEST	UpdateUser	UpdateUser	1672420346992	1672420347453	OK	 
GROUP	UpdateUser	1672420346788	1672420347453	652	OK
REQUEST	Login	GoToLoginPage	1672420355486	1672420355503	OK	 
REQUEST	Login	SubmitCredentials	1672420355504	1672420355551	OK	 
REQUEST	Login	SubmitCredentials Redirect 1	1672420355551	1672420355566	OK	 
REQUEST	Login	GetAccessToken	1672420355567	1672420355967	OK	 
REQUEST	Login	GetCurrentUserDetails	1672420355967	1672420356153	OK	 
REQUEST	Login	Datasets	1672420356154	1672420356375	OK	 
REQUEST	Login	FileshareGroups	1672420356155	1672420356377	OK	 
REQUEST	Login	Roles	1672420356155	1672420356712	OK	 
REQUEST	Login	ReportingGroups	1672420356154	1672420356798	OK	 
GROUP	Login	1672420355486	1672420356798	1309	OK
REQUEST	Search	SearchByUsername	1672420356798	1672420357303	OK	 
GROUP	Search	1672420356798	1672420357304	505	OK
REQUEST	Login	GoToLoginPage	1672420364902	1672420364921	OK	 
REQUEST	Login	SubmitCredentials	1672420364922	1672420364982	OK	 
REQUEST	Login	SubmitCredentials Redirect 1	1672420364982	1672420364994	OK	 
REQUEST	Login	GetAccessToken	1672420364994	1672420365220	OK	 
REQUEST	Login	GetCurrentUserDetails	1672420365221	1672420365398	OK	 
REQUEST	Login	Datasets	1672420365399	1672420365732	OK	 
REQUEST	Login	FileshareGroups	1672420365399	1672420365733	OK	 
REQUEST	Login	ReportingGroups	1672420365399	1672420365792	OK	 
REQUEST	Login	Roles	1672420365400	1672420365792	OK	 
GROUP	Login	1672420364902	1672420365792	887	OK
REQUEST	Search	SearchByUsername	1672420365792	1672420366392	OK	 
GROUP	Search	1672420365792	1672420366392	600	OK
REQUEST	Login	GoToLoginPage	1672420376526	1672420376542	OK	 
REQUEST	Login	SubmitCredentials	1672420376543	1672420376601	OK	 
REQUEST	Login	SubmitCredentials Redirect 1	1672420376601	1672420376612	OK	 
REQUEST	Login	GetAccessToken	1672420376613	1672420376820	OK	 
REQUEST	Login	GetCurrentUserDetails	1672420376820	1672420377017	OK	 
REQUEST	Login	Datasets	1672420377018	1672420377352	OK	 
REQUEST	Login	Roles	1672420377019	1672420377352	OK	 
REQUEST	Login	FileshareGroups	1672420377019	1672420377934	OK	 
REQUEST	Login	ReportingGroups	1672420377018	1672420377934	OK	 
GROUP	Login	1672420376526	1672420377934	1405	OK
REQUEST	ViewUser	FetchUserDetails	1672420377935	1672420377962	OK	 
REQUEST	ViewUser	RoleGroups	1672420377963	1672420377985	OK	 
REQUEST	ViewUser	Roles	1672420377963	1672420378039	OK	 
REQUEST	ViewUser	StaffGrades	1672420377963	1672420378041	OK	 
REQUEST	ViewUser	Establishments	1672420377963	1672420378042	OK	 
REQUEST	ViewUser	Datasets	1672420377985	1672420378211	OK	 
REQUEST	ViewUser	FetchUserHistory	1672420377962	1672420378323	OK	 
REQUEST	ViewUser	Groups	1672420377963	1672420378416	OK	 
GROUP	ViewUser	1672420377934	1672420378416	481	OK
REQUEST	Login	GoToLoginPage	1672420394444	1672420394462	OK	 
REQUEST	Login	SubmitCredentials	1672420394463	1672420394509	OK	 
REQUEST	Login	SubmitCredentials Redirect 1	1672420394509	1672420394525	OK	 
REQUEST	Login	GetAccessToken	1672420394525	1672420394714	OK	 
REQUEST	Login	GetCurrentUserDetails	1672420394715	1672420395405	OK	 
REQUEST	Login	Datasets	1672420395406	1672420395719	OK	 
REQUEST	Login	FileshareGroups	1672420395407	1672420395719	OK	 
REQUEST	Login	ReportingGroups	1672420395407	1672420396210	OK	 
REQUEST	Login	Roles	1672420395407	1672420396211	OK	 
GROUP	Login	1672420394444	1672420396211	1764	OK
REQUEST	Search	SearchByUsername	1672420396211	1672420396867	OK	 
GROUP	Search	1672420396211	1672420396868	656	OK
REQUEST	Login	GoToLoginPage	1672420406506	1672420406522	OK	 
REQUEST	Login	SubmitCredentials	1672420406525	1672420406569	OK	 
REQUEST	Login	SubmitCredentials Redirect 1	1672420406569	1672420406584	OK	 
REQUEST	Login	GetAccessToken	1672420406585	1672420406774	OK	 
REQUEST	Login	GetCurrentUserDetails	1672420406775	1672420406945	OK	 
REQUEST	Login	Datasets	1672420406946	1672420407091	OK	 
REQUEST	Login	FileshareGroups	1672420406949	1672420407097	OK	 
REQUEST	Login	Roles	1672420406950	1672420407505	OK	 
REQUEST	Login	ReportingGroups	1672420406946	1672420407505	OK	 
GROUP	Login	1672420406506	1672420407505	993	OK
REQUEST	ViewUser	FetchUserDetails	1672420407506	1672420407537	OK	 
REQUEST	ViewUser	Roles	1672420407538	1672420407554	OK	 
REQUEST	ViewUser	RoleGroups	1672420407538	1672420407557	OK	 
REQUEST	ViewUser	Establishments	1672420407538	1672420407560	OK	 
REQUEST	ViewUser	StaffGrades	1672420407538	1672420407561	OK	 
REQUEST	ViewUser	Datasets	1672420407555	1672420407565	OK	 
REQUEST	ViewUser	FetchUserHistory	1672420407538	1672420408037	OK	 
REQUEST	ViewUser	Groups	1672420407538	1672420408239	OK	 
GROUP	ViewUser	1672420407505	1672420408239	733	OK
REQUEST	Login	GoToLoginPage	1672420412231	1672420412246	OK	 
REQUEST	Login	SubmitCredentials	1672420412248	1672420412303	OK	 
REQUEST	Login	SubmitCredentials Redirect 1	1672420412303	1672420412313	OK	 
REQUEST	Login	GetAccessToken	1672420412314	1672420412526	OK	 
REQUEST	Login	GetCurrentUserDetails	1672420412526	1672420412767	OK	 
REQUEST	Login	Datasets	1672420412768	1672420413090	OK	 
REQUEST	Login	FileshareGroups	1672420412768	1672420413093	OK	 
REQUEST	Login	Roles	1672420412768	1672420413565	OK	 
REQUEST	Login	ReportingGroups	1672420412768	1672420413565	OK	 
GROUP	Login	1672420412231	1672420413565	1330	OK
REQUEST	ViewUser	FetchUserDetails	1672420413566	1672420413653	OK	 
REQUEST	ViewUser	RoleGroups	1672420413654	1672420413675	OK	 
REQUEST	ViewUser	Datasets	1672420413676	1672420413687	OK	 
REQUEST	ViewUser	Roles	1672420413654	1672420413737	OK	 
REQUEST	ViewUser	StaffGrades	1672420413654	1672420413741	OK	 
REQUEST	ViewUser	Establishments	1672420413654	1672420413741	OK	 
REQUEST	ViewUser	FetchUserHistory	1672420413653	1672420413913	OK	 
REQUEST	ViewUser	Groups	1672420413654	1672420414806	OK	 
GROUP	ViewUser	1672420413565	1672420414806	1240	OK
REQUEST	Login	GoToLoginPage	1672420444034	1672420444048	OK	 
REQUEST	Login	SubmitCredentials	1672420444050	1672420444107	OK	 
REQUEST	Login	SubmitCredentials Redirect 1	1672420444108	1672420444117	OK	 
REQUEST	Login	GetAccessToken	1672420444118	1672420444333	OK	 
REQUEST	Login	GetCurrentUserDetails	1672420444334	1672420444516	OK	 
REQUEST	Login	FileshareGroups	1672420444518	1672420444785	OK	 
REQUEST	Login	Roles	1672420444518	1672420444786	OK	 
REQUEST	Login	ReportingGroups	1672420444517	1672420445024	OK	 
REQUEST	Login	Datasets	1672420444517	1672420445025	OK	 
GROUP	Login	1672420444034	1672420445025	985	OK
REQUEST	ViewUser	FetchUserDetails	1672420445025	1672420445270	OK	 
REQUEST	ViewUser	Roles	1672420445271	1672420445712	OK	 
REQUEST	ViewUser	RoleGroups	1672420445271	1672420445712	OK	 
REQUEST	ViewUser	Establishments	1672420445271	1672420445712	OK	 
REQUEST	ViewUser	Datasets	1672420445712	1672420446008	OK	 
REQUEST	ViewUser	StaffGrades	1672420445272	1672420446823	OK	 
REQUEST	ViewUser	Groups	1672420445271	1672420446823	OK	 
REQUEST	ViewUser	FetchUserHistory	1672420445271	1672420446824	OK	 
GROUP	ViewUser	1672420445025	1672420446825	1799	OK
REQUEST	Login	GoToLoginPage	1672420470018	1672420470031	OK	 
REQUEST	Login	SubmitCredentials	1672420470032	1672420470084	OK	 
REQUEST	Login	SubmitCredentials Redirect 1	1672420470085	1672420470094	OK	 
REQUEST	Login	GetAccessToken	1672420470094	1672420470294	OK	 
REQUEST	Login	GetCurrentUserDetails	1672420470295	1672420470455	OK	 
REQUEST	Login	Roles	1672420470457	1672420470738	OK	 
REQUEST	Login	Datasets	1672420470456	1672420470738	OK	 
REQUEST	Login	FileshareGroups	1672420470457	1672420470765	OK	 
REQUEST	Login	ReportingGroups	1672420470456	1672420470765	OK	 
GROUP	Login	1672420470018	1672420470765	743	OK
REQUEST	UpdateUser	FetchUserDetails	1672420470766	1672420470786	OK	 
REQUEST	UpdateUser	UpdateUser	1672420470787	1672420471101	OK	 
GROUP	UpdateUser	1672420470766	1672420471101	334	OK
REQUEST	Login	GoToLoginPage	1672420482208	1672420482228	OK	 
REQUEST	Login	SubmitCredentials	1672420482229	1672420482285	OK	 
REQUEST	Login	SubmitCredentials Redirect 1	1672420482285	1672420482296	OK	 
REQUEST	Login	GetAccessToken	1672420482296	1672420482501	OK	 
REQUEST	Login	GetCurrentUserDetails	1672420482501	1672420482649	OK	 
REQUEST	Login	Datasets	1672420482650	1672420482993	OK	 
REQUEST	Login	Roles	1672420482651	1672420482994	OK	 
REQUEST	Login	ReportingGroups	1672420482650	1672420483357	OK	 
REQUEST	Login	FileshareGroups	1672420482651	1672420483358	OK	 
GROUP	Login	1672420482208	1672420483358	1148	OK
REQUEST	Search	SearchByUsername	1672420483360	1672420483938	OK	 
GROUP	Search	1672420483358	1672420483938	578	OK
REQUEST	Login	GoToLoginPage	1672420487214	1672420487232	OK	 
REQUEST	Login	SubmitCredentials	1672420487234	1672420487277	OK	 
REQUEST	Login	SubmitCredentials Redirect 1	1672420487277	1672420487291	OK	 
REQUEST	Login	GetAccessToken	1672420487292	1672420487490	OK	 
REQUEST	Login	GetCurrentUserDetails	1672420487490	1672420487722	OK	 
REQUEST	Login	Datasets	1672420487723	1672420488008	OK	 
REQUEST	Login	Roles	1672420487723	1672420488010	OK	 
REQUEST	Login	FileshareGroups	1672420487723	1672420488021	OK	 
REQUEST	Login	ReportingGroups	1672420487723	1672420488029	OK	 
GROUP	Login	1672420487214	1672420488029	811	OK
REQUEST	ViewUser	FetchUserDetails	1672420488029	1672420488050	OK	 
REQUEST	ViewUser	Establishments	1672420488052	1672420488072	OK	 
REQUEST	ViewUser	Roles	1672420488052	1672420488074	OK	 
REQUEST	ViewUser	RoleGroups	1672420488052	1672420488074	OK	 
REQUEST	ViewUser	StaffGrades	1672420488052	1672420488078	OK	 
REQUEST	ViewUser	Datasets	1672420488073	1672420488136	OK	 
REQUEST	ViewUser	FetchUserHistory	1672420488051	1672420488144	OK	 
REQUEST	ViewUser	Groups	1672420488052	1672420488637	OK	 
GROUP	ViewUser	1672420488029	1672420488638	608	OK
REQUEST	Login	GoToLoginPage	1672420508613	1672420508630	OK	 
REQUEST	Login	SubmitCredentials	1672420508631	1672420508675	OK	 
REQUEST	Login	SubmitCredentials Redirect 1	1672420508675	1672420508689	OK	 
REQUEST	Login	GetAccessToken	1672420508689	1672420508912	OK	 
REQUEST	Login	GetCurrentUserDetails	1672420508912	1672420509075	OK	 
REQUEST	Login	Datasets	1672420509076	1672420509234	OK	 
REQUEST	Login	Roles	1672420509077	1672420509239	OK	 
REQUEST	Login	FileshareGroups	1672420509077	1672420509240	OK	 
REQUEST	Login	ReportingGroups	1672420509077	1672420509750	OK	 
GROUP	Login	1672420508613	1672420509750	1135	OK
REQUEST	ViewUser	FetchUserDetails	1672420509751	1672420509845	OK	 
REQUEST	ViewUser	StaffGrades	1672420509847	1672420509865	OK	 
REQUEST	ViewUser	RoleGroups	1672420509847	1672420509866	OK	 
REQUEST	ViewUser	Establishments	1672420509847	1672420509869	OK	 
REQUEST	ViewUser	FetchUserHistory	1672420509847	1672420509908	OK	 
REQUEST	ViewUser	Roles	1672420509847	1672420509934	OK	 
REQUEST	ViewUser	Datasets	1672420509865	1672420509939	OK	 
REQUEST	ViewUser	Groups	1672420509847	1672420510734	OK	 
GROUP	ViewUser	1672420509751	1672420510734	981	OK
REQUEST	Login	GoToLoginPage	1672420531869	1672420531888	OK	 
REQUEST	Login	SubmitCredentials	1672420531889	1672420531935	OK	 
REQUEST	Login	SubmitCredentials Redirect 1	1672420531935	1672420531951	OK	 
REQUEST	Login	GetAccessToken	1672420531951	1672420532170	OK	 
REQUEST	Login	GetCurrentUserDetails	1672420532170	1672420532341	OK	 
REQUEST	Login	Roles	1672420532342	1672420532646	OK	 
REQUEST	Login	FileshareGroups	1672420532342	1672420532648	OK	 
REQUEST	Login	GoToLoginPage	1672420532841	1672420532961	OK	 
REQUEST	Login	ReportingGroups	1672420532341	1672420532962	OK	 
REQUEST	Login	Datasets	1672420532341	1672420532962	OK	 
GROUP	Login	1672420531869	1672420532962	1092	OK
REQUEST	Login	SubmitCredentials	1672420532962	1672420533019	OK	 
REQUEST	Login	SubmitCredentials Redirect 1	1672420533019	1672420533033	OK	 
REQUEST	Login	GetAccessToken	1672420533033	1672420533255	OK	 
REQUEST	Login	GetCurrentUserDetails	1672420533256	1672420533400	OK	 
REQUEST	Search	SearchByUsername	1672420532963	1672420533557	OK	 
GROUP	Search	1672420532963	1672420533557	594	OK
REQUEST	Login	Datasets	1672420533401	1672420533863	OK	 
REQUEST	Login	Roles	1672420533402	1672420533863	OK	 
REQUEST	Login	FileshareGroups	1672420533402	1672420534048	OK	 
REQUEST	Login	ReportingGroups	1672420533401	1672420534048	OK	 
GROUP	Login	1672420532841	1672420534048	1204	OK
REQUEST	Search	SearchByUsername	1672420534048	1672420534659	OK	 
GROUP	Search	1672420534048	1672420534660	611	OK
REQUEST	Login	GoToLoginPage	1672420553450	1672420553469	OK	 
REQUEST	Login	SubmitCredentials	1672420553470	1672420553519	OK	 
REQUEST	Login	SubmitCredentials Redirect 1	1672420553520	1672420553535	OK	 
REQUEST	Login	GetAccessToken	1672420553536	1672420553751	OK	 
REQUEST	Login	GetCurrentUserDetails	1672420553752	1672420553897	OK	 
REQUEST	Login	FileshareGroups	1672420553898	1672420554157	OK	 
REQUEST	Login	Roles	1672420553898	1672420554158	OK	 
REQUEST	Login	Datasets	1672420553898	1672420554741	OK	 
REQUEST	Login	ReportingGroups	1672420553898	1672420554756	OK	 
GROUP	Login	1672420553450	1672420554756	1301	OK
REQUEST	Search	SearchByUsername	1672420554757	1672420555270	OK	 
GROUP	Search	1672420554757	1672420555271	513	OK
REQUEST	Login	GoToLoginPage	1672420562123	1672420562142	OK	 
REQUEST	Login	SubmitCredentials	1672420562145	1672420562191	OK	 
REQUEST	Login	SubmitCredentials Redirect 1	1672420562191	1672420562207	OK	 
REQUEST	Login	GetAccessToken	1672420562207	1672420562443	OK	 
REQUEST	Login	GetCurrentUserDetails	1672420562443	1672420562592	OK	 
REQUEST	Login	Datasets	1672420562593	1672420562767	OK	 
REQUEST	Login	FileshareGroups	1672420562593	1672420562775	OK	 
REQUEST	Login	ReportingGroups	1672420562593	1672420563208	OK	 
REQUEST	Login	Roles	1672420562594	1672420563208	OK	 
GROUP	Login	1672420562123	1672420563208	1081	OK
REQUEST	Search	SearchByUsername	1672420563208	1672420563809	OK	 
GROUP	Search	1672420563208	1672420563809	601	OK
REQUEST	Login	GoToLoginPage	1672420575997	1672420576015	OK	 
REQUEST	Login	SubmitCredentials	1672420576016	1672420576072	OK	 
REQUEST	Login	SubmitCredentials Redirect 1	1672420576073	1672420576083	OK	 
REQUEST	Login	GetAccessToken	1672420576084	1672420576277	OK	 
REQUEST	Login	GetCurrentUserDetails	1672420576278	1672420576445	OK	 
REQUEST	Login	FileshareGroups	1672420576446	1672420576736	OK	 
REQUEST	Login	Roles	1672420576446	1672420576737	OK	 
REQUEST	Login	ReportingGroups	1672420576446	1672420577038	OK	 
REQUEST	Login	Datasets	1672420576446	1672420577038	OK	 
GROUP	Login	1672420575997	1672420577038	1037	OK
REQUEST	Search	SearchByUsername	1672420577038	1672420577621	OK	 
GROUP	Search	1672420577038	1672420577621	583	OK
REQUEST	Login	GoToLoginPage	1672420606119	1672420606136	OK	 
REQUEST	Login	SubmitCredentials	1672420606137	1672420606190	OK	 
REQUEST	Login	SubmitCredentials Redirect 1	1672420606191	1672420606201	OK	 
REQUEST	Login	GetAccessToken	1672420606201	1672420606404	OK	 
REQUEST	Login	GetCurrentUserDetails	1672420606404	1672420606564	OK	 
REQUEST	Login	Roles	1672420606565	1672420606863	OK	 
REQUEST	Login	FileshareGroups	1672420606565	1672420606863	OK	 
REQUEST	Login	Datasets	1672420606564	1672420607205	OK	 
REQUEST	Login	ReportingGroups	1672420606565	1672420607304	OK	 
GROUP	Login	1672420606119	1672420607304	1183	OK
REQUEST	ViewUser	FetchUserDetails	1672420607304	1672420607399	OK	 
REQUEST	ViewUser	StaffGrades	1672420607400	1672420607415	OK	 
REQUEST	ViewUser	RoleGroups	1672420607400	1672420607415	OK	 
REQUEST	ViewUser	Roles	1672420607400	1672420607415	OK	 
REQUEST	ViewUser	Datasets	1672420607415	1672420607709	OK	 
REQUEST	ViewUser	Establishments	1672420607400	1672420607796	OK	 
REQUEST	ViewUser	FetchUserHistory	1672420607400	1672420608100	OK	 
REQUEST	ViewUser	Groups	1672420607400	1672420608522	OK	 
GROUP	ViewUser	1672420607304	1672420608522	1217	OK
REQUEST	UpdateUser	FetchUserDetails	1672420622922	1672420622957	OK	 
REQUEST	UpdateUser	UpdateUser	1672420622958	1672420623266	OK	 
GROUP	UpdateUser	1672419186636	1672420623266	343	OK
REQUEST	Login	GoToLoginPage	1672420634734	1672420634750	OK	 
REQUEST	Login	SubmitCredentials	1672420634751	1672420634810	OK	 
REQUEST	Login	SubmitCredentials Redirect 1	1672420634810	1672420634821	OK	 
REQUEST	Login	GetAccessToken	1672420634821	1672420635012	OK	 
REQUEST	Login	GetCurrentUserDetails	1672420635013	1672420635168	OK	 
REQUEST	Login	Roles	1672420635170	1672420635419	OK	 
REQUEST	Login	Datasets	1672420635169	1672420635419	OK	 
REQUEST	Login	FileshareGroups	1672420635170	1672420635739	OK	 
REQUEST	Login	ReportingGroups	1672420635169	1672420635739	OK	 
GROUP	Login	1672420634734	1672420635739	1002	OK
REQUEST	ViewUser	FetchUserDetails	1672420635739	1672420635842	OK	 
REQUEST	ViewUser	RoleGroups	1672420635843	1672420635907	OK	 
REQUEST	ViewUser	StaffGrades	1672420635843	1672420635915	OK	 
REQUEST	ViewUser	Roles	1672420635843	1672420635935	OK	 
REQUEST	ViewUser	Establishments	1672420635843	1672420635941	OK	 
REQUEST	ViewUser	Datasets	1672420635908	1672420636001	OK	 
REQUEST	ViewUser	FetchUserHistory	1672420635843	1672420636025	OK	 
REQUEST	ViewUser	Groups	1672420635843	1672420636638	OK	 
GROUP	ViewUser	1672420635739	1672420636639	899	OK
REQUEST	Login	GoToLoginPage	1672420651632	1672420651655	OK	 
REQUEST	Login	SubmitCredentials	1672420651657	1672420651703	OK	 
REQUEST	Login	SubmitCredentials Redirect 1	1672420651703	1672420651719	OK	 
REQUEST	Login	GetAccessToken	1672420651720	1672420652001	OK	 
REQUEST	Login	GetCurrentUserDetails	1672420652001	1672420652325	OK	 
REQUEST	Login	ReportingGroups	1672420652326	1672420652710	OK	 
REQUEST	Login	Datasets	1672420652326	1672420652766	OK	 
REQUEST	Login	FileshareGroups	1672420652327	1672420652768	OK	 
REQUEST	Login	Roles	1672420652327	1672420652768	OK	 
GROUP	Login	1672420651632	1672420652768	1132	OK
REQUEST	ViewUser	FetchUserDetails	1672420652769	1672420653295	OK	 
REQUEST	ViewUser	RoleGroups	1672420653296	1672420653651	OK	 
REQUEST	ViewUser	Groups	1672420653296	1672420653652	OK	 
REQUEST	ViewUser	StaffGrades	1672420653296	1672420653652	OK	 
REQUEST	ViewUser	Datasets	1672420653651	1672420653661	OK	 
REQUEST	ViewUser	Roles	1672420653296	1672420653777	OK	 
REQUEST	ViewUser	FetchUserHistory	1672420653296	1672420653777	OK	 
REQUEST	ViewUser	Establishments	1672420653296	1672420653778	OK	 
GROUP	ViewUser	1672420652768	1672420653778	1008	OK
REQUEST	Login	GoToLoginPage	1672420684349	1672420684371	OK	 
REQUEST	Login	SubmitCredentials	1672420684372	1672420684420	OK	 
REQUEST	Login	SubmitCredentials Redirect 1	1672420684421	1672420684437	OK	 
REQUEST	Login	GetAccessToken	1672420684437	1672420684668	OK	 
REQUEST	Login	GetCurrentUserDetails	1672420684668	1672420684838	OK	 
REQUEST	Login	FileshareGroups	1672420684840	1672420685048	OK	 
REQUEST	Login	Roles	1672420684840	1672420685048	OK	 
REQUEST	Login	Datasets	1672420684839	1672420685365	OK	 
REQUEST	Login	ReportingGroups	1672420684839	1672420685365	OK	 
GROUP	Login	1672420684349	1672420685365	1013	OK
REQUEST	Search	SearchByUsername	1672420685366	1672420685801	OK	 
GROUP	Search	1672420685365	1672420685801	435	OK
USER	Search	END	1672420743315
REQUEST	Login	GoToLoginPage	1672420760479	1672420760500	OK	 
REQUEST	Login	SubmitCredentials	1672420760501	1672420760552	OK	 
REQUEST	Login	SubmitCredentials Redirect 1	1672420760553	1672420760569	OK	 
REQUEST	Login	GetAccessToken	1672420760569	1672420760768	OK	 
REQUEST	Login	GetCurrentUserDetails	1672420760768	1672420761019	OK	 
REQUEST	Login	Roles	1672420761021	1672420761328	OK	 
REQUEST	Login	FileshareGroups	1672420761020	1672420761329	OK	 
REQUEST	Login	Datasets	1672420761020	1672420761548	OK	 
REQUEST	Login	ReportingGroups	1672420761020	1672420761739	OK	 
GROUP	Login	1672420760479	1672420761739	1257	OK
REQUEST	ViewUser	FetchUserDetails	1672420761740	1672420761839	OK	 
REQUEST	ViewUser	RoleGroups	1672420761840	1672420761856	OK	 
REQUEST	ViewUser	Roles	1672420761840	1672420761860	OK	 
REQUEST	ViewUser	StaffGrades	1672420761841	1672420761862	OK	 
REQUEST	ViewUser	Establishments	1672420761841	1672420761867	OK	 
REQUEST	ViewUser	Datasets	1672420761856	1672420761867	OK	 
REQUEST	ViewUser	FetchUserHistory	1672420761840	1672420761899	OK	 
REQUEST	ViewUser	Groups	1672420761841	1672420762664	OK	 
GROUP	ViewUser	1672420761739	1672420762664	923	OK
