RUN	MainSimulation	mainsimulation	1672413759135	 	3.9.0
USER	ViewUser	START	1672413759779
USER	Search	START	1672413759782
USER	UpdateUser	START	1672413759786
USER	ViewUser	START	1672413763746
USER	Search	START	1672413764746
USER	ViewUser	START	1672413767746
USER	Search	START	1672413769746
USER	ViewUser	START	1672413772746
USER	Search	START	1672413774747
USER	ViewUser	START	1672413776746
USER	Search	START	1672413779746
USER	ViewUser	START	1672413781745
USER	Search	START	1672413785746
USER	ViewUser	START	1672413785746
USER	ViewUser	START	1672413789746
USER	Search	START	1672413790746
USER	ViewUser	START	1672413794746
USER	Search	START	1672413795745
USER	ViewUser	START	1672413798746
USER	Search	START	1672413800746
USER	ViewUser	START	1672413803746
USER	Search	START	1672413806746
USER	ViewUser	START	1672413807746
USER	ViewUser	START	1672413811746
USER	Search	START	1672413811746
USER	UpdateUser	START	1672413815746
USER	ViewUser	START	1672413816745
USER	Search	START	1672413816746
REQUEST	Login	GoToLoginPage	1672413817864	1672413817904	OK	 
REQUEST	Login	SubmitCredentials	1672413818041	1672413818149	OK	 
REQUEST	Login	SubmitCredentials Redirect 1	1672413818153	1672413818170	OK	 
REQUEST	Login	GetAccessToken	1672413818177	1672413818548	OK	 
REQUEST	Login	GetCurrentUserDetails	1672413818742	1672413819040	OK	 
REQUEST	Login	FileshareGroups	1672413819071	1672413819377	OK	 
REQUEST	Login	Datasets	1672413819069	1672413819379	OK	 
REQUEST	Login	Roles	1672413819071	1672413819552	OK	 
REQUEST	Login	ReportingGroups	1672413819070	1672413819555	OK	 
GROUP	Login	1672413817837	1672413819556	1326	OK
REQUEST	Search	SearchByUsername	1672413819559	1672413820048	OK	 
GROUP	Search	1672413819557	1672413820055	489	OK
USER	ViewUser	START	1672413820746
USER	Search	START	1672413821747
USER	ViewUser	START	1672413825746
USER	Search	START	1672413827746
USER	ViewUser	START	1672413829746
USER	Search	START	1672413832746
USER	ViewUser	START	1672413834746
USER	Search	START	1672413837746
USER	ViewUser	START	1672413838746
USER	Search	START	1672413842746
USER	ViewUser	START	1672413842747
USER	Search	START	1672413847746
USER	ViewUser	START	1672413847746
USER	ViewUser	START	1672413851746
USER	Search	START	1672413853746
USER	ViewUser	START	1672413856745
USER	Search	START	1672413858746
USER	ViewUser	START	1672413860746
USER	Search	START	1672413863745
USER	ViewUser	START	1672413864746
USER	Search	START	1672413868746
USER	ViewUser	START	1672413869746
USER	UpdateUser	START	1672413871746
USER	ViewUser	START	1672413873746
USER	Search	START	1672413874746
USER	ViewUser	START	1672413878746
USER	Search	START	1672413879746
REQUEST	Login	GoToLoginPage	1672413879992	1672413880025	OK	 
REQUEST	Login	SubmitCredentials	1672413880034	1672413880095	OK	 
REQUEST	Login	SubmitCredentials Redirect 1	1672413880096	1672413880112	OK	 
REQUEST	Login	GetAccessToken	1672413880114	1672413880339	OK	 
REQUEST	Login	GetCurrentUserDetails	1672413880341	1672413880711	OK	 
REQUEST	Login	FileshareGroups	1672413880717	1672413881094	OK	 
REQUEST	Login	Datasets	1672413880716	1672413881096	OK	 
REQUEST	Login	ReportingGroups	1672413880716	1672413881277	OK	 
REQUEST	Login	Roles	1672413880718	1672413881279	OK	 
GROUP	Login	1672413879992	1672413881279	1269	OK
REQUEST	Search	SearchByUsername	1672413881281	1672413881976	OK	 
GROUP	Search	1672413881280	1672413881979	695	OK
USER	ViewUser	START	1672413882745
USER	Search	START	1672413884747
USER	ViewUser	START	1672413886746
USER	Search	START	1672413889746
USER	ViewUser	START	1672413891745
USER	ViewUser	START	1672413895746
USER	Search	START	1672413895746
USER	Search	START	1672413900746
USER	ViewUser	START	1672413900746
USER	ViewUser	START	1672413904746
USER	Search	START	1672413905745
USER	ViewUser	START	1672413909745
USER	Search	START	1672413910746
USER	ViewUser	START	1672413913746
USER	Search	START	1672413915745
USER	ViewUser	START	1672413917746
USER	Search	START	1672413921745
USER	ViewUser	START	1672413922746
USER	Search	START	1672413926746
USER	ViewUser	START	1672413926746
USER	UpdateUser	START	1672413927745
USER	Search	START	1672413931746
USER	ViewUser	START	1672413931746
REQUEST	Login	GoToLoginPage	1672413934428	1672413934450	OK	 
REQUEST	Login	SubmitCredentials	1672413934455	1672413934510	OK	 
REQUEST	Login	SubmitCredentials Redirect 1	1672413934510	1672413934546	OK	 
REQUEST	Login	GetAccessToken	1672413934548	1672413934906	OK	 
REQUEST	Login	GetCurrentUserDetails	1672413934908	1672413935113	OK	 
REQUEST	Login	FileshareGroups	1672413935119	1672413935347	OK	 
USER	ViewUser	START	1672413935746
REQUEST	Login	Roles	1672413935119	1672413936253	OK	 
REQUEST	Login	ReportingGroups	1672413935118	1672413936255	OK	 
REQUEST	Login	Datasets	1672413935117	1672413936257	OK	 
GROUP	Login	1672413934427	1672413936258	1817	OK
REQUEST	ViewUser	FetchUserDetails	1672413936259	1672413936653	OK	 
USER	Search	START	1672413936745
REQUEST	ViewUser	RoleGroups	1672413936659	1672413937166	OK	 
REQUEST	ViewUser	Roles	1672413936659	1672413937173	OK	 
REQUEST	ViewUser	StaffGrades	1672413936661	1672413937175	OK	 
REQUEST	ViewUser	Datasets	1672413937167	1672413937222	OK	 
REQUEST	Login	GoToLoginPage	1672413937327	1672413937345	OK	 
REQUEST	ViewUser	Groups	1672413936660	1672413938070	OK	 
REQUEST	ViewUser	Establishments	1672413936660	1672413938073	OK	 
REQUEST	ViewUser	FetchUserHistory	1672413936658	1672413938075	OK	 
GROUP	ViewUser	1672413936258	1672413938075	1812	OK
REQUEST	Login	SubmitCredentials	1672413937351	1672413938173	OK	 
REQUEST	Login	SubmitCredentials Redirect 1	1672413938174	1672413938185	OK	 
REQUEST	Login	GetAccessToken	1672413938187	1672413938785	OK	 
REQUEST	Login	GetCurrentUserDetails	1672413938786	1672413938999	OK	 
REQUEST	Login	FileshareGroups	1672413939004	1672413939223	OK	 
USER	ViewUser	START	1672413939746
REQUEST	Login	ReportingGroups	1672413939003	1672413939855	OK	 
REQUEST	Login	Roles	1672413939004	1672413939856	OK	 
REQUEST	Login	Datasets	1672413939003	1672413939857	OK	 
GROUP	Login	1672413937326	1672413939858	2518	OK
REQUEST	Search	SearchByUsername	1672413939859	1672413940365	OK	 
GROUP	Search	1672413939858	1672413940367	506	OK
USER	Search	START	1672413942746
USER	ViewUser	START	1672413944745
USER	Search	START	1672413947745
USER	ViewUser	START	1672413948746
USER	Search	START	1672413952746
USER	ViewUser	START	1672413953746
REQUEST	Login	GoToLoginPage	1672413955449	1672413955467	OK	 
REQUEST	Login	SubmitCredentials	1672413955471	1672413955522	OK	 
REQUEST	Login	SubmitCredentials Redirect 1	1672413955523	1672413955536	OK	 
REQUEST	Login	GetAccessToken	1672413955537	1672413955794	OK	 
REQUEST	Login	GetCurrentUserDetails	1672413955796	1672413956002	OK	 
REQUEST	Login	ReportingGroups	1672413956006	1672413956407	OK	 
REQUEST	Login	Roles	1672413956007	1672413956475	OK	 
REQUEST	Login	FileshareGroups	1672413956007	1672413956477	OK	 
REQUEST	Login	Datasets	1672413956006	1672413956483	OK	 
GROUP	Login	1672413955448	1672413956483	1023	OK
REQUEST	ViewUser	FetchUserDetails	1672413956484	1672413957198	OK	 
REQUEST	ViewUser	RoleGroups	1672413957202	1672413957635	OK	 
REQUEST	ViewUser	StaffGrades	1672413957203	1672413957638	OK	 
REQUEST	ViewUser	Roles	1672413957202	1672413957639	OK	 
USER	Search	START	1672413957746
USER	ViewUser	START	1672413957746
REQUEST	ViewUser	Groups	1672413957202	1672413958556	OK	 
REQUEST	ViewUser	FetchUserHistory	1672413957201	1672413958558	OK	 
REQUEST	ViewUser	Establishments	1672413957203	1672413958558	OK	 
REQUEST	ViewUser	Datasets	1672413957636	1672413958661	OK	 
GROUP	ViewUser	1672413956483	1672413958662	2175	OK
REQUEST	Login	GoToLoginPage	1672413958673	1672413958691	OK	 
REQUEST	Login	SubmitCredentials	1672413958696	1672413958754	OK	 
REQUEST	Login	SubmitCredentials Redirect 1	1672413958755	1672413958765	OK	 
REQUEST	Login	GetAccessToken	1672413958766	1672413958983	OK	 
REQUEST	Login	GetCurrentUserDetails	1672413958985	1672413959189	OK	 
REQUEST	Login	FileshareGroups	1672413959193	1672413959550	OK	 
REQUEST	Login	Roles	1672413959194	1672413959551	OK	 
REQUEST	Login	ReportingGroups	1672413959192	1672413959952	OK	 
REQUEST	Login	Datasets	1672413959192	1672413959956	OK	 
GROUP	Login	1672413958673	1672413959956	1272	OK
REQUEST	ViewUser	FetchUserDetails	1672413959957	1672413960338	OK	 
REQUEST	ViewUser	Roles	1672413960342	1672413960500	OK	 
REQUEST	ViewUser	Establishments	1672413960343	1672413960542	OK	 
REQUEST	ViewUser	Datasets	1672413960501	1672413960546	OK	 
REQUEST	ViewUser	Groups	1672413960343	1672413961252	OK	 
REQUEST	ViewUser	RoleGroups	1672413960342	1672413961253	OK	 
REQUEST	ViewUser	FetchUserHistory	1672413960341	1672413961255	OK	 
REQUEST	ViewUser	StaffGrades	1672413960344	1672413961366	OK	 
GROUP	ViewUser	1672413959956	1672413961367	1407	OK
USER	ViewUser	START	1672413961746
USER	Search	START	1672413963745
USER	ViewUser	START	1672413966746
USER	Search	START	1672413968746
USER	ViewUser	START	1672413970746
USER	Search	START	1672413973746
USER	ViewUser	START	1672413975745
USER	Search	START	1672413978745
USER	ViewUser	START	1672413979746
REQUEST	Login	GoToLoginPage	1672414034417	1672414034444	OK	 
REQUEST	Login	SubmitCredentials	1672414034447	1672414034582	OK	 
REQUEST	Login	SubmitCredentials Redirect 1	1672414034583	1672414034597	OK	 
REQUEST	Login	GetAccessToken	1672414034598	1672414034841	OK	 
REQUEST	Login	GetCurrentUserDetails	1672414034842	1672414035072	OK	 
REQUEST	Login	ReportingGroups	1672414035076	1672414035597	OK	 
REQUEST	Login	Roles	1672414035077	1672414035779	OK	 
REQUEST	Login	FileshareGroups	1672414035077	1672414035780	OK	 
REQUEST	Login	Datasets	1672414035075	1672414035782	OK	 
GROUP	Login	1672414034417	1672414035782	1356	OK
REQUEST	ViewUser	FetchUserDetails	1672414035783	1672414036118	OK	 
REQUEST	ViewUser	Roles	1672414036123	1672414036461	OK	 
REQUEST	ViewUser	FetchUserHistory	1672414036122	1672414036463	OK	 
REQUEST	ViewUser	Establishments	1672414036124	1672414036503	OK	 
REQUEST	ViewUser	Datasets	1672414036461	1672414036506	OK	 
REQUEST	ViewUser	Groups	1672414036123	1672414036947	OK	 
REQUEST	ViewUser	RoleGroups	1672414036123	1672414036948	OK	 
REQUEST	ViewUser	StaffGrades	1672414036124	1672414037054	OK	 
GROUP	ViewUser	1672414035782	1672414037055	1269	OK
REQUEST	Login	GoToLoginPage	1672414038692	1672414038708	OK	 
REQUEST	Login	SubmitCredentials	1672414038712	1672414038771	OK	 
REQUEST	Login	SubmitCredentials Redirect 1	1672414038772	1672414038848	OK	 
REQUEST	Login	GetAccessToken	1672414038849	1672414039074	OK	 
REQUEST	Login	GetCurrentUserDetails	1672414039075	1672414039304	OK	 
REQUEST	Login	FileshareGroups	1672414039307	1672414039681	OK	 
REQUEST	Login	Datasets	1672414039306	1672414039685	OK	 
REQUEST	Login	Roles	1672414039308	1672414039959	OK	 
REQUEST	Login	ReportingGroups	1672414039307	1672414039960	OK	 
GROUP	Login	1672414038692	1672414039960	1259	OK
REQUEST	Search	SearchByUsername	1672414039961	1672414040526	OK	 
GROUP	Search	1672414039960	1672414040527	565	OK
REQUEST	Login	GoToLoginPage	1672414067342	1672414067362	OK	 
REQUEST	Login	SubmitCredentials	1672414067364	1672414067425	OK	 
REQUEST	Login	SubmitCredentials Redirect 1	1672414067425	1672414067436	OK	 
REQUEST	Login	GetAccessToken	1672414067437	1672414067638	OK	 
REQUEST	Login	GetCurrentUserDetails	1672414067639	1672414067956	OK	 
REQUEST	Login	FileshareGroups	1672414067960	1672414068297	OK	 
REQUEST	Login	Datasets	1672414067959	1672414068300	OK	 
REQUEST	Login	ReportingGroups	1672414067959	1672414068554	OK	 
REQUEST	Login	Roles	1672414067960	1672414068555	OK	 
GROUP	Login	1672414067342	1672414068556	1208	OK
REQUEST	Login	GoToLoginPage	1672414069189	1672414069208	OK	 
REQUEST	ViewUser	FetchUserDetails	1672414068557	1672414069391	OK	 
REQUEST	ViewUser	RoleGroups	1672414069395	1672414069947	OK	 
REQUEST	ViewUser	Establishments	1672414069397	1672414069951	OK	 
REQUEST	ViewUser	FetchUserHistory	1672414069395	1672414069952	OK	 
REQUEST	ViewUser	Datasets	1672414069948	1672414069992	OK	 
REQUEST	ViewUser	Roles	1672414069396	1672414070247	OK	 
REQUEST	ViewUser	Groups	1672414069396	1672414070248	OK	 
REQUEST	Login	SubmitCredentials	1672414069211	1672414070249	OK	 
REQUEST	Login	SubmitCredentials Redirect 1	1672414070250	1672414070261	OK	 
REQUEST	ViewUser	StaffGrades	1672414069397	1672414070370	OK	 
GROUP	ViewUser	1672414068556	1672414070371	1811	OK
REQUEST	Login	GetAccessToken	1672414070262	1672414070471	OK	 
REQUEST	Login	GetCurrentUserDetails	1672414070472	1672414070966	OK	 
REQUEST	Login	Roles	1672414070970	1672414071145	OK	 
REQUEST	Login	FileshareGroups	1672414070969	1672414071158	OK	 
REQUEST	Login	Datasets	1672414070968	1672414071240	OK	 
REQUEST	Login	ReportingGroups	1672414070969	1672414071643	OK	 
GROUP	Login	1672414069189	1672414071643	2446	OK
REQUEST	Search	SearchByUsername	1672414071644	1672414072137	OK	 
GROUP	Search	1672414071644	1672414072138	493	OK
REQUEST	Login	GoToLoginPage	1672414087918	1672414087938	OK	 
REQUEST	Login	SubmitCredentials	1672414087940	1672414088094	OK	 
REQUEST	Login	SubmitCredentials Redirect 1	1672414088094	1672414088107	OK	 
REQUEST	Login	GetAccessToken	1672414088108	1672414088350	OK	 
REQUEST	Login	GetCurrentUserDetails	1672414088351	1672414088619	OK	 
REQUEST	Login	Roles	1672414088623	1672414088968	OK	 
REQUEST	Login	Datasets	1672414088622	1672414088971	OK	 
REQUEST	Login	ReportingGroups	1672414088622	1672414089041	OK	 
REQUEST	Login	FileshareGroups	1672414088623	1672414089042	OK	 
GROUP	Login	1672414087918	1672414089043	1119	OK
REQUEST	Search	SearchByUsername	1672414089044	1672414089671	OK	 
GROUP	Search	1672414089043	1672414089671	627	OK
REQUEST	Login	GoToLoginPage	1672414123141	1672414123159	OK	 
REQUEST	Login	SubmitCredentials	1672414123162	1672414123220	OK	 
REQUEST	Login	SubmitCredentials Redirect 1	1672414123220	1672414123232	OK	 
REQUEST	Login	GetAccessToken	1672414123233	1672414123459	OK	 
REQUEST	Login	GetCurrentUserDetails	1672414123460	1672414123674	OK	 
REQUEST	Login	FileshareGroups	1672414123677	1672414124066	OK	 
REQUEST	Login	Roles	1672414123677	1672414124068	OK	 
REQUEST	Login	ReportingGroups	1672414123676	1672414124568	OK	 
REQUEST	Login	Datasets	1672414123676	1672414124571	OK	 
GROUP	Login	1672414123141	1672414124571	1423	OK
REQUEST	ViewUser	FetchUserDetails	1672414124572	1672414124903	OK	 
REQUEST	ViewUser	RoleGroups	1672414124907	1672414125384	OK	 
REQUEST	ViewUser	FetchUserHistory	1672414124906	1672414125389	OK	 
REQUEST	ViewUser	Establishments	1672414124908	1672414125427	OK	 
REQUEST	ViewUser	Datasets	1672414125385	1672414125428	OK	 
REQUEST	ViewUser	Groups	1672414124907	1672414126645	OK	 
REQUEST	ViewUser	Roles	1672414124907	1672414126646	OK	 
REQUEST	ViewUser	StaffGrades	1672414124908	1672414126649	OK	 
GROUP	ViewUser	1672414124571	1672414126650	2075	OK
REQUEST	Login	GoToLoginPage	1672414145378	1672414145395	OK	 
REQUEST	Login	SubmitCredentials	1672414145397	1672414145461	OK	 
REQUEST	Login	SubmitCredentials Redirect 1	1672414145462	1672414145474	OK	 
REQUEST	Login	GetAccessToken	1672414145475	1672414145759	OK	 
REQUEST	Login	GetCurrentUserDetails	1672414145761	1672414145951	OK	 
REQUEST	Login	FileshareGroups	1672414145954	1672414146279	OK	 
REQUEST	Login	Datasets	1672414145953	1672414146284	OK	 
REQUEST	Login	ReportingGroups	1672414145954	1672414146380	OK	 
REQUEST	Login	Roles	1672414145955	1672414146381	OK	 
GROUP	Login	1672414145378	1672414146381	995	OK
REQUEST	Search	SearchByUsername	1672414146382	1672414146989	OK	 
GROUP	Search	1672414146381	1672414146990	607	OK
REQUEST	Login	GoToLoginPage	1672414163033	1672414163051	OK	 
REQUEST	Login	SubmitCredentials	1672414163053	1672414163112	OK	 
REQUEST	Login	SubmitCredentials Redirect 1	1672414163112	1672414163122	OK	 
REQUEST	Login	GetAccessToken	1672414163123	1672414163330	OK	 
REQUEST	Login	GetCurrentUserDetails	1672414163331	1672414163565	OK	 
REQUEST	Login	FileshareGroups	1672414163568	1672414163881	OK	 
REQUEST	Login	Datasets	1672414163567	1672414163886	OK	 
REQUEST	Login	ReportingGroups	1672414163568	1672414164244	OK	 
REQUEST	Login	Roles	1672414163569	1672414164247	OK	 
GROUP	Login	1672414163033	1672414164248	1209	OK
REQUEST	ViewUser	FetchUserDetails	1672414164248	1672414164648	OK	 
REQUEST	ViewUser	Roles	1672414164652	1672414164799	OK	 
REQUEST	ViewUser	Establishments	1672414164652	1672414164840	OK	 
REQUEST	ViewUser	Datasets	1672414164800	1672414164843	OK	 
REQUEST	ViewUser	Groups	1672414164652	1672414165950	OK	 
REQUEST	ViewUser	RoleGroups	1672414164651	1672414165951	OK	 
REQUEST	ViewUser	StaffGrades	1672414164653	1672414165951	OK	 
REQUEST	ViewUser	FetchUserHistory	1672414164651	1672414165953	OK	 
GROUP	ViewUser	1672414164248	1672414165953	1703	OK
REQUEST	Login	GoToLoginPage	1672414173092	1672414173109	OK	 
REQUEST	Login	SubmitCredentials	1672414173111	1672414173170	OK	 
REQUEST	Login	SubmitCredentials Redirect 1	1672414173171	1672414173185	OK	 
REQUEST	Login	GetAccessToken	1672414173186	1672414173410	OK	 
REQUEST	Login	GetCurrentUserDetails	1672414173411	1672414173621	OK	 
REQUEST	Login	FileshareGroups	1672414173624	1672414174147	OK	 
REQUEST	Login	Roles	1672414173624	1672414174149	OK	 
REQUEST	Login	Datasets	1672414173623	1672414174152	OK	 
REQUEST	Login	ReportingGroups	1672414173623	1672414174156	OK	 
GROUP	Login	1672414173092	1672414174156	1057	OK
REQUEST	Search	SearchByUsername	1672414174157	1672414174718	OK	 
GROUP	Search	1672414174156	1672414174719	561	OK
REQUEST	Login	GoToLoginPage	1672414182071	1672414182084	OK	 
REQUEST	Login	SubmitCredentials	1672414182087	1672414182148	OK	 
REQUEST	Login	SubmitCredentials Redirect 1	1672414182149	1672414182159	OK	 
REQUEST	Login	GoToLoginPage	1672414182292	1672414182374	OK	 
REQUEST	Login	GetAccessToken	1672414182160	1672414182379	OK	 
REQUEST	Login	SubmitCredentials	1672414182376	1672414182428	OK	 
REQUEST	Login	SubmitCredentials Redirect 1	1672414182429	1672414182455	OK	 
REQUEST	Login	GetCurrentUserDetails	1672414182381	1672414182744	OK	 
REQUEST	Login	GetAccessToken	1672414182456	1672414183011	OK	 
REQUEST	Login	FileshareGroups	1672414182747	1672414183325	OK	 
REQUEST	Login	Roles	1672414182748	1672414183326	OK	 
REQUEST	Login	Datasets	1672414182746	1672414183328	OK	 
REQUEST	Login	ReportingGroups	1672414182747	1672414183843	OK	 
GROUP	Login	1672414182070	1672414183843	1763	OK
REQUEST	Login	GetCurrentUserDetails	1672414183012	1672414183848	OK	 
REQUEST	Login	Roles	1672414183851	1672414184346	OK	 
REQUEST	Login	FileshareGroups	1672414183851	1672414184347	OK	 
REQUEST	Login	Datasets	1672414183850	1672414184350	OK	 
REQUEST	ViewUser	FetchUserDetails	1672414183844	1672414184739	OK	 
REQUEST	ViewUser	Roles	1672414184743	1672414184761	OK	 
REQUEST	ViewUser	Datasets	1672414184762	1672414184813	OK	 
REQUEST	ViewUser	Establishments	1672414184743	1672414184816	OK	 
REQUEST	ViewUser	RoleGroups	1672414184742	1672414184845	OK	 
REQUEST	Login	ReportingGroups	1672414183850	1672414184859	OK	 
GROUP	Login	1672414182292	1672414184860	2561	OK
REQUEST	ViewUser	StaffGrades	1672414184743	1672414184952	OK	 
REQUEST	ViewUser	FetchUserHistory	1672414184742	1672414185047	OK	 
REQUEST	UpdateUser	FetchUserDetails	1672414184861	1672414185753	OK	 
REQUEST	ViewUser	Groups	1672414184743	1672414185851	OK	 
GROUP	ViewUser	1672414183844	1672414185851	2004	OK
REQUEST	UpdateUser	UpdateUser	1672414185763	1672414189031	OK	 
GROUP	UpdateUser	1672414184860	1672414189031	4160	OK
REQUEST	Login	GoToLoginPage	1672414194571	1672414194587	OK	 
REQUEST	Login	SubmitCredentials	1672414194590	1672414194652	OK	 
REQUEST	Login	SubmitCredentials Redirect 1	1672414194652	1672414194662	OK	 
REQUEST	Login	GetAccessToken	1672414194663	1672414194860	OK	 
REQUEST	Login	GetCurrentUserDetails	1672414194862	1672414195067	OK	 
REQUEST	Login	Roles	1672414195071	1672414195365	OK	 
REQUEST	Login	FileshareGroups	1672414195071	1672414195367	OK	 
REQUEST	Login	ReportingGroups	1672414195070	1672414195667	OK	 
REQUEST	Login	Datasets	1672414195070	1672414195671	OK	 
GROUP	Login	1672414194570	1672414195672	1093	OK
REQUEST	ViewUser	FetchUserDetails	1672414195673	1672414196451	OK	 
REQUEST	ViewUser	RoleGroups	1672414196455	1672414196856	OK	 
REQUEST	ViewUser	Roles	1672414196455	1672414196857	OK	 
REQUEST	ViewUser	StaffGrades	1672414196456	1672414196858	OK	 
REQUEST	ViewUser	Datasets	1672414196857	1672414196965	OK	 
REQUEST	ViewUser	Groups	1672414196455	1672414197105	OK	 
REQUEST	ViewUser	FetchUserHistory	1672414196454	1672414197108	OK	 
REQUEST	ViewUser	Establishments	1672414196455	1672414197109	OK	 
GROUP	ViewUser	1672414195672	1672414197109	1433	OK
REQUEST	Login	GoToLoginPage	1672414204731	1672414204744	OK	 
REQUEST	Login	SubmitCredentials	1672414204747	1672414204805	OK	 
REQUEST	Login	SubmitCredentials Redirect 1	1672414204805	1672414204817	OK	 
REQUEST	Login	GetAccessToken	1672414204818	1672414205144	OK	 
REQUEST	Login	GetCurrentUserDetails	1672414205145	1672414205373	OK	 
REQUEST	Login	ReportingGroups	1672414205376	1672414205963	OK	 
REQUEST	Login	FileshareGroups	1672414205376	1672414205963	OK	 
REQUEST	Login	Roles	1672414205377	1672414205965	OK	 
REQUEST	Login	Datasets	1672414205376	1672414205967	OK	 
GROUP	Login	1672414204730	1672414205967	1229	OK
REQUEST	ViewUser	FetchUserDetails	1672414205968	1672414206233	OK	 
REQUEST	ViewUser	Roles	1672414206237	1672414206664	OK	 
REQUEST	ViewUser	RoleGroups	1672414206236	1672414206665	OK	 
REQUEST	ViewUser	StaffGrades	1672414206238	1672414206666	OK	 
REQUEST	ViewUser	Establishments	1672414206237	1672414206745	OK	 
REQUEST	ViewUser	Datasets	1672414206665	1672414207148	OK	 
REQUEST	ViewUser	FetchUserHistory	1672414206236	1672414207150	OK	 
REQUEST	ViewUser	Groups	1672414206237	1672414207748	OK	 
GROUP	ViewUser	1672414205968	1672414207748	1778	OK
REQUEST	Login	GoToLoginPage	1672414214895	1672414214913	OK	 
REQUEST	Login	SubmitCredentials	1672414214915	1672414214977	OK	 
REQUEST	Login	SubmitCredentials Redirect 1	1672414214977	1672414214991	OK	 
REQUEST	Login	GetAccessToken	1672414214992	1672414215206	OK	 
REQUEST	Login	GetCurrentUserDetails	1672414215207	1672414215429	OK	 
REQUEST	Login	FileshareGroups	1672414215431	1672414215763	OK	 
REQUEST	Login	Datasets	1672414215431	1672414215764	OK	 
REQUEST	Login	ReportingGroups	1672414215431	1672414216255	OK	 
REQUEST	Login	Roles	1672414215432	1672414216257	OK	 
GROUP	Login	1672414214894	1672414216257	1357	OK
REQUEST	ViewUser	FetchUserDetails	1672414216258	1672414216489	OK	 
REQUEST	ViewUser	Roles	1672414216492	1672414217350	OK	 
REQUEST	ViewUser	StaffGrades	1672414216493	1672414217353	OK	 
REQUEST	ViewUser	FetchUserHistory	1672414216491	1672414217354	OK	 
REQUEST	ViewUser	RoleGroups	1672414216491	1672414217363	OK	 
REQUEST	ViewUser	Groups	1672414216492	1672414217366	OK	 
REQUEST	ViewUser	Establishments	1672414216492	1672414217366	OK	 
REQUEST	ViewUser	Datasets	1672414217351	1672414217408	OK	 
GROUP	ViewUser	1672414216257	1672414217409	1149	OK
REQUEST	Login	GoToLoginPage	1672414235484	1672414235503	OK	 
REQUEST	Login	SubmitCredentials	1672414235505	1672414235566	OK	 
REQUEST	Login	SubmitCredentials Redirect 1	1672414235566	1672414235577	OK	 
REQUEST	Login	GetAccessToken	1672414235578	1672414235803	OK	 
REQUEST	Login	GetCurrentUserDetails	1672414235805	1672414236005	OK	 
REQUEST	Login	Roles	1672414236008	1672414236310	OK	 
REQUEST	Login	Datasets	1672414236007	1672414236315	OK	 
REQUEST	Login	ReportingGroups	1672414236007	1672414236649	OK	 
REQUEST	Login	FileshareGroups	1672414236008	1672414236651	OK	 
GROUP	Login	1672414235484	1672414236651	1160	OK
REQUEST	ViewUser	FetchUserDetails	1672414236652	1672414237289	OK	 
REQUEST	ViewUser	RoleGroups	1672414237292	1672414237908	OK	 
REQUEST	ViewUser	Groups	1672414237293	1672414237909	OK	 
REQUEST	ViewUser	Datasets	1672414237908	1672414237954	OK	 
REQUEST	ViewUser	Roles	1672414237292	1672414238249	OK	 
REQUEST	ViewUser	StaffGrades	1672414237293	1672414238252	OK	 
REQUEST	ViewUser	Establishments	1672414237293	1672414238253	OK	 
REQUEST	ViewUser	FetchUserHistory	1672414237292	1672414238254	OK	 
GROUP	ViewUser	1672414236651	1672414238254	1600	OK
REQUEST	Login	GoToLoginPage	1672414245000	1672414245017	OK	 
REQUEST	Login	SubmitCredentials	1672414245019	1672414245078	OK	 
REQUEST	Login	SubmitCredentials Redirect 1	1672414245078	1672414245090	OK	 
REQUEST	Login	GetAccessToken	1672414245091	1672414245298	OK	 
REQUEST	Login	GetCurrentUserDetails	1672414245299	1672414245551	OK	 
REQUEST	Login	FileshareGroups	1672414245554	1672414245855	OK	 
REQUEST	Login	Datasets	1672414245553	1672414245857	OK	 
REQUEST	Login	ReportingGroups	1672414245554	1672414246167	OK	 
REQUEST	Login	Roles	1672414245554	1672414246239	OK	 
GROUP	Login	1672414245000	1672414246240	1234	OK
REQUEST	ViewUser	FetchUserDetails	1672414246241	1672414246484	OK	 
REQUEST	ViewUser	Roles	1672414246486	1672414246641	OK	 
REQUEST	ViewUser	StaffGrades	1672414246487	1672414246684	OK	 
REQUEST	ViewUser	Datasets	1672414246641	1672414246687	OK	 
REQUEST	ViewUser	RoleGroups	1672414246486	1672414247247	OK	 
REQUEST	ViewUser	Establishments	1672414246487	1672414247250	OK	 
REQUEST	ViewUser	FetchUserHistory	1672414246486	1672414247251	OK	 
REQUEST	ViewUser	Groups	1672414246487	1672414247283	OK	 
GROUP	ViewUser	1672414246240	1672414247284	1041	OK
REQUEST	Login	GoToLoginPage	1672414255268	1672414255282	OK	 
REQUEST	Login	SubmitCredentials	1672414255285	1672414255347	OK	 
REQUEST	Login	SubmitCredentials Redirect 1	1672414255348	1672414255358	OK	 
REQUEST	Login	GetAccessToken	1672414255359	1672414255675	OK	 
REQUEST	Login	GetCurrentUserDetails	1672414255676	1672414255860	OK	 
REQUEST	Login	Datasets	1672414255862	1672414256149	OK	 
REQUEST	Login	Roles	1672414255863	1672414256167	OK	 
REQUEST	Login	FileshareGroups	1672414255863	1672414256169	OK	 
REQUEST	Login	ReportingGroups	1672414255862	1672414256643	OK	 
GROUP	Login	1672414255268	1672414256643	1367	OK
REQUEST	ViewUser	FetchUserDetails	1672414256644	1672414257049	OK	 
REQUEST	ViewUser	Roles	1672414257053	1672414257145	OK	 
REQUEST	ViewUser	RoleGroups	1672414257053	1672414257147	OK	 
REQUEST	ViewUser	StaffGrades	1672414257055	1672414257160	OK	 
REQUEST	ViewUser	Establishments	1672414257054	1672414257362	OK	 
REQUEST	ViewUser	Datasets	1672414257146	1672414257547	OK	 
REQUEST	ViewUser	FetchUserHistory	1672414257052	1672414257571	OK	 
REQUEST	ViewUser	Groups	1672414257054	1672414257961	OK	 
GROUP	ViewUser	1672414256643	1672414257961	1314	OK
REQUEST	Login	GoToLoginPage	1672414276778	1672414276793	OK	 
REQUEST	Login	SubmitCredentials	1672414276795	1672414276858	OK	 
REQUEST	Login	SubmitCredentials Redirect 1	1672414276859	1672414276868	OK	 
REQUEST	Login	GetAccessToken	1672414276869	1672414277072	OK	 
REQUEST	Login	GetCurrentUserDetails	1672414277073	1672414277265	OK	 
REQUEST	Login	FileshareGroups	1672414277268	1672414277552	OK	 
REQUEST	Login	Roles	1672414277268	1672414277554	OK	 
REQUEST	Login	Datasets	1672414277267	1672414278360	OK	 
REQUEST	Login	ReportingGroups	1672414277267	1672414278439	OK	 
GROUP	Login	1672414276778	1672414278440	1656	OK
REQUEST	Search	SearchByUsername	1672414278441	1672414278994	OK	 
GROUP	Search	1672414278440	1672414278996	553	OK
REQUEST	Login	GoToLoginPage	1672414293606	1672414293621	OK	 
REQUEST	Login	SubmitCredentials	1672414293624	1672414293685	OK	 
REQUEST	Login	SubmitCredentials Redirect 1	1672414293685	1672414293695	OK	 
REQUEST	Login	GetAccessToken	1672414293695	1672414294048	OK	 
REQUEST	Login	GetCurrentUserDetails	1672414294049	1672414294252	OK	 
REQUEST	Login	Datasets	1672414294254	1672414294544	OK	 
REQUEST	Login	Roles	1672414294257	1672414294547	OK	 
REQUEST	Login	FileshareGroups	1672414294255	1672414294548	OK	 
REQUEST	Login	ReportingGroups	1672414294254	1672414294669	OK	 
GROUP	Login	1672414293606	1672414294669	1057	OK
REQUEST	ViewUser	FetchUserDetails	1672414294670	1672414294780	OK	 
REQUEST	ViewUser	RoleGroups	1672414294782	1672414294802	OK	 
REQUEST	ViewUser	Roles	1672414294782	1672414294803	OK	 
REQUEST	ViewUser	StaffGrades	1672414294783	1672414294859	OK	 
REQUEST	ViewUser	Establishments	1672414294783	1672414295148	OK	 
REQUEST	ViewUser	Datasets	1672414294802	1672414295158	OK	 
REQUEST	ViewUser	FetchUserHistory	1672414294782	1672414295548	OK	 
REQUEST	ViewUser	Groups	1672414294783	1672414295662	OK	 
GROUP	ViewUser	1672414294670	1672414295663	992	OK
REQUEST	Login	GoToLoginPage	1672414302681	1672414302694	OK	 
REQUEST	Login	SubmitCredentials	1672414302696	1672414302756	OK	 
REQUEST	Login	SubmitCredentials Redirect 1	1672414302756	1672414302765	OK	 
REQUEST	Login	GetAccessToken	1672414302766	1672414302985	OK	 
REQUEST	Login	GetCurrentUserDetails	1672414302986	1672414303187	OK	 
REQUEST	Login	Roles	1672414303189	1672414303445	OK	 
REQUEST	Login	Datasets	1672414303188	1672414303448	OK	 
REQUEST	Login	ReportingGroups	1672414303189	1672414303685	OK	 
REQUEST	Login	FileshareGroups	1672414303189	1672414303686	OK	 
GROUP	Login	1672414302681	1672414303686	1000	OK
REQUEST	ViewUser	FetchUserDetails	1672414303687	1672414303915	OK	 
REQUEST	Login	GoToLoginPage	1672414304070	1672414304178	OK	 
REQUEST	ViewUser	Roles	1672414303919	1672414304183	OK	 
REQUEST	ViewUser	StaffGrades	1672414303921	1672414304228	OK	 
REQUEST	ViewUser	Datasets	1672414304183	1672414304235	OK	 
REQUEST	ViewUser	RoleGroups	1672414303918	1672414304649	OK	 
REQUEST	ViewUser	FetchUserHistory	1672414303918	1672414304651	OK	 
REQUEST	ViewUser	Groups	1672414303919	1672414304743	OK	 
REQUEST	Login	SubmitCredentials	1672414304180	1672414304854	OK	 
REQUEST	ViewUser	Establishments	1672414303919	1672414304858	OK	 
GROUP	ViewUser	1672414303686	1672414304858	1168	OK
REQUEST	Login	SubmitCredentials Redirect 1	1672414304854	1672414304866	OK	 
REQUEST	Login	GetAccessToken	1672414304866	1672414305691	OK	 
REQUEST	Login	GetCurrentUserDetails	1672414305692	1672414305902	OK	 
REQUEST	Login	FileshareGroups	1672414305905	1672414306200	OK	 
REQUEST	Login	Datasets	1672414305904	1672414306204	OK	 
REQUEST	Login	Roles	1672414305905	1672414306246	OK	 
REQUEST	Login	ReportingGroups	1672414305905	1672414306249	OK	 
GROUP	Login	1672414304069	1672414306249	2174	OK
REQUEST	Search	SearchByUsername	1672414306250	1672414306739	OK	 
GROUP	Search	1672414306249	1672414306740	489	OK
REQUEST	Login	GoToLoginPage	1672414332759	1672414332779	OK	 
REQUEST	Login	SubmitCredentials	1672414332781	1672414332840	OK	 
REQUEST	Login	SubmitCredentials Redirect 1	1672414332840	1672414332852	OK	 
REQUEST	Login	GetAccessToken	1672414332853	1672414333174	OK	 
REQUEST	Login	GoToLoginPage	1672414333250	1672414333265	OK	 
REQUEST	Login	SubmitCredentials	1672414333266	1672414333405	OK	 
REQUEST	Login	GetCurrentUserDetails	1672414333175	1672414333407	OK	 
REQUEST	Login	SubmitCredentials Redirect 1	1672414333406	1672414333418	OK	 
REQUEST	Login	FileshareGroups	1672414333409	1672414333838	OK	 
REQUEST	Login	Datasets	1672414333409	1672414333842	OK	 
REQUEST	Login	ReportingGroups	1672414333409	1672414333976	OK	 
REQUEST	Login	Roles	1672414333410	1672414333977	OK	 
GROUP	Login	1672414332758	1672414333977	1213	OK
REQUEST	Login	GetAccessToken	1672414333419	1672414334174	OK	 
REQUEST	ViewUser	FetchUserDetails	1672414333978	1672414334256	OK	 
REQUEST	ViewUser	RoleGroups	1672414334259	1672414334713	OK	 
REQUEST	ViewUser	Roles	1672414334259	1672414334715	OK	 
REQUEST	ViewUser	StaffGrades	1672414334260	1672414334717	OK	 
REQUEST	ViewUser	Datasets	1672414334714	1672414334775	OK	 
REQUEST	Login	GoToLoginPage	1672414334832	1672414335563	OK	 
REQUEST	ViewUser	Groups	1672414334259	1672414335566	OK	 
REQUEST	Login	GetCurrentUserDetails	1672414334175	1672414335569	OK	 
REQUEST	ViewUser	Establishments	1672414334259	1672414335639	OK	 
REQUEST	ViewUser	FetchUserHistory	1672414334258	1672414335640	OK	 
GROUP	ViewUser	1672414333978	1672414335640	1660	OK
REQUEST	Login	Roles	1672414335572	1672414335826	OK	 
REQUEST	Login	ReportingGroups	1672414335571	1672414335989	OK	 
REQUEST	Login	FileshareGroups	1672414335572	1672414335990	OK	 
REQUEST	Login	SubmitCredentials	1672414335565	1672414335990	OK	 
REQUEST	Login	Datasets	1672414335571	1672414335992	OK	 
GROUP	Login	1672414333249	1672414335993	2737	OK
REQUEST	Login	SubmitCredentials Redirect 1	1672414335991	1672414336002	OK	 
REQUEST	ViewUser	FetchUserDetails	1672414335995	1672414336094	OK	 
REQUEST	ViewUser	Roles	1672414336097	1672414336116	OK	 
REQUEST	ViewUser	Establishments	1672414336097	1672414336151	OK	 
REQUEST	ViewUser	Datasets	1672414336119	1672414336161	OK	 
REQUEST	ViewUser	FetchUserHistory	1672414336096	1672414336168	OK	 
REQUEST	ViewUser	RoleGroups	1672414336097	1672414336215	OK	 
REQUEST	Login	GetAccessToken	1672414336003	1672414336215	OK	 
REQUEST	ViewUser	StaffGrades	1672414336098	1672414336354	OK	 
REQUEST	Login	GetCurrentUserDetails	1672414336216	1672414336432	OK	 
REQUEST	Login	Roles	1672414336434	1672414337186	OK	 
REQUEST	Login	ReportingGroups	1672414336434	1672414337187	OK	 
REQUEST	ViewUser	Groups	1672414336097	1672414337658	OK	 
GROUP	ViewUser	1672414335993	1672414337658	1661	OK
REQUEST	Login	FileshareGroups	1672414336434	1672414337659	OK	 
REQUEST	Login	Datasets	1672414336434	1672414337664	OK	 
GROUP	Login	1672414334832	1672414337664	2826	OK
REQUEST	ViewUser	FetchUserDetails	1672414337665	1672414338031	OK	 
REQUEST	ViewUser	Groups	1672414338040	1672414338446	OK	 
REQUEST	ViewUser	RoleGroups	1672414338039	1672414338447	OK	 
REQUEST	ViewUser	Establishments	1672414338040	1672414338449	OK	 
REQUEST	ViewUser	Roles	1672414338039	1672414338450	OK	 
REQUEST	ViewUser	StaffGrades	1672414338040	1672414338453	OK	 
REQUEST	ViewUser	FetchUserHistory	1672414338039	1672414338455	OK	 
REQUEST	ViewUser	Datasets	1672414338447	1672414338493	OK	 
GROUP	ViewUser	1672414337664	1672414338494	822	OK
REQUEST	Login	GoToLoginPage	1672414339036	1672414339052	OK	 
REQUEST	Login	SubmitCredentials	1672414339054	1672414339185	OK	 
REQUEST	Login	SubmitCredentials Redirect 1	1672414339185	1672414339197	OK	 
REQUEST	Login	GetAccessToken	1672414339200	1672414339586	OK	 
REQUEST	Login	GetCurrentUserDetails	1672414339587	1672414339782	OK	 
REQUEST	Login	FileshareGroups	1672414339785	1672414340078	OK	 
REQUEST	Login	Roles	1672414339785	1672414340079	OK	 
REQUEST	Login	ReportingGroups	1672414339784	1672414340147	OK	 
REQUEST	Login	Datasets	1672414339784	1672414340150	OK	 
GROUP	Login	1672414339036	1672414340150	1106	OK
REQUEST	Search	SearchByUsername	1672414340151	1672414340835	OK	 
GROUP	Search	1672414340150	1672414340836	684	OK
REQUEST	Login	GoToLoginPage	1672414354156	1672414354171	OK	 
REQUEST	Login	SubmitCredentials	1672414354172	1672414354227	OK	 
REQUEST	Login	SubmitCredentials Redirect 1	1672414354228	1672414354236	OK	 
REQUEST	Login	GetAccessToken	1672414354237	1672414354458	OK	 
REQUEST	Login	GetCurrentUserDetails	1672414354459	1672414354670	OK	 
REQUEST	Login	Roles	1672414354673	1672414354970	OK	 
REQUEST	Login	Datasets	1672414354672	1672414354973	OK	 
REQUEST	Login	ReportingGroups	1672414354672	1672414355454	OK	 
REQUEST	Login	FileshareGroups	1672414354672	1672414355456	OK	 
GROUP	Login	1672414354155	1672414355456	1294	OK
REQUEST	ViewUser	FetchUserDetails	1672414355458	1672414355818	OK	 
REQUEST	ViewUser	RoleGroups	1672414355820	1672414356190	OK	 
REQUEST	ViewUser	StaffGrades	1672414355821	1672414356193	OK	 
REQUEST	ViewUser	Datasets	1672414356190	1672414356242	OK	 
REQUEST	ViewUser	Groups	1672414355821	1672414356749	OK	 
REQUEST	ViewUser	Roles	1672414355821	1672414356752	OK	 
REQUEST	ViewUser	Establishments	1672414355821	1672414356752	OK	 
REQUEST	ViewUser	FetchUserHistory	1672414355820	1672414356754	OK	 
GROUP	ViewUser	1672414355456	1672414356754	1294	OK
REQUEST	Login	GoToLoginPage	1672414378678	1672414378695	OK	 
REQUEST	Login	SubmitCredentials	1672414378697	1672414378756	OK	 
REQUEST	Login	SubmitCredentials Redirect 1	1672414378757	1672414378770	OK	 
REQUEST	Login	GetAccessToken	1672414378770	1672414378970	OK	 
REQUEST	Login	GetCurrentUserDetails	1672414378971	1672414379170	OK	 
REQUEST	Login	Roles	1672414379173	1672414379327	OK	 
REQUEST	Login	FileshareGroups	1672414379173	1672414379570	OK	 
REQUEST	Login	Datasets	1672414379172	1672414379571	OK	 
REQUEST	Login	ReportingGroups	1672414379172	1672414379572	OK	 
GROUP	Login	1672414378678	1672414379572	888	OK
REQUEST	ViewUser	FetchUserDetails	1672414379572	1672414379678	OK	 
REQUEST	ViewUser	Roles	1672414379680	1672414379700	OK	 
REQUEST	ViewUser	RoleGroups	1672414379680	1672414379701	OK	 
REQUEST	ViewUser	StaffGrades	1672414379681	1672414379744	OK	 
REQUEST	ViewUser	Establishments	1672414379680	1672414379759	OK	 
REQUEST	ViewUser	Datasets	1672414379700	1672414379775	OK	 
REQUEST	ViewUser	FetchUserHistory	1672414379679	1672414379783	OK	 
REQUEST	ViewUser	Groups	1672414379680	1672414379862	OK	 
GROUP	ViewUser	1672414379572	1672414379862	289	OK
REQUEST	Login	GoToLoginPage	1672414430754	1672414430772	OK	 
REQUEST	Login	SubmitCredentials	1672414430774	1672414430833	OK	 
REQUEST	Login	SubmitCredentials Redirect 1	1672414430833	1672414430843	OK	 
REQUEST	Login	GetAccessToken	1672414430844	1672414431030	OK	 
REQUEST	Login	GetCurrentUserDetails	1672414431031	1672414431221	OK	 
REQUEST	Login	ReportingGroups	1672414431223	1672414431473	OK	 
REQUEST	Login	Datasets	1672414431223	1672414431478	OK	 
REQUEST	Login	Roles	1672414431224	1672414431481	OK	 
REQUEST	Login	FileshareGroups	1672414431223	1672414431481	OK	 
GROUP	Login	1672414430753	1672414431481	722	OK
REQUEST	ViewUser	FetchUserDetails	1672414431482	1672414431705	OK	 
REQUEST	ViewUser	Roles	1672414431708	1672414432063	OK	 
REQUEST	ViewUser	RoleGroups	1672414431707	1672414432064	OK	 
REQUEST	ViewUser	StaffGrades	1672414431708	1672414432067	OK	 
REQUEST	ViewUser	Groups	1672414431708	1672414432764	OK	 
REQUEST	ViewUser	FetchUserHistory	1672414431707	1672414432766	OK	 
REQUEST	ViewUser	Establishments	1672414431708	1672414432768	OK	 
REQUEST	ViewUser	Datasets	1672414432064	1672414432842	OK	 
GROUP	ViewUser	1672414431482	1672414432843	1359	OK
REQUEST	Login	GoToLoginPage	1672414460444	1672414460462	OK	 
REQUEST	Login	SubmitCredentials	1672414460464	1672414460521	OK	 
REQUEST	Login	SubmitCredentials Redirect 1	1672414460521	1672414460534	OK	 
REQUEST	Login	GetAccessToken	1672414460534	1672414460776	OK	 
REQUEST	Login	GetCurrentUserDetails	1672414460777	1672414460987	OK	 
REQUEST	Login	ReportingGroups	1672414460988	1672414461279	OK	 
REQUEST	Login	Roles	1672414460989	1672414461280	OK	 
REQUEST	Login	FileshareGroups	1672414460989	1672414461343	OK	 
REQUEST	Login	Datasets	1672414460988	1672414461346	OK	 
GROUP	Login	1672414460444	1672414461347	899	OK
REQUEST	ViewUser	FetchUserDetails	1672414461347	1672414461610	OK	 
REQUEST	ViewUser	Roles	1672414461612	1672414462034	OK	 
REQUEST	ViewUser	FetchUserHistory	1672414461612	1672414462037	OK	 
REQUEST	ViewUser	Groups	1672414461613	1672414462049	OK	 
REQUEST	ViewUser	RoleGroups	1672414461612	1672414462050	OK	 
REQUEST	ViewUser	Establishments	1672414461613	1672414462064	OK	 
REQUEST	ViewUser	StaffGrades	1672414461613	1672414462077	OK	 
REQUEST	ViewUser	Datasets	1672414462035	1672414462085	OK	 
GROUP	ViewUser	1672414461347	1672414462086	737	OK
REQUEST	Login	GoToLoginPage	1672414467933	1672414467947	OK	 
REQUEST	Login	SubmitCredentials	1672414467948	1672414468008	OK	 
REQUEST	Login	SubmitCredentials Redirect 1	1672414468009	1672414468018	OK	 
REQUEST	Login	GetAccessToken	1672414468019	1672414468214	OK	 
REQUEST	Login	GetCurrentUserDetails	1672414468215	1672414468427	OK	 
REQUEST	Login	Roles	1672414468430	1672414468720	OK	 
REQUEST	Login	Datasets	1672414468429	1672414468723	OK	 
REQUEST	Login	FileshareGroups	1672414468430	1672414468965	OK	 
REQUEST	Login	ReportingGroups	1672414468429	1672414468965	OK	 
GROUP	Login	1672414467932	1672414468965	1026	OK
REQUEST	ViewUser	FetchUserDetails	1672414468966	1672414469074	OK	 
REQUEST	ViewUser	Roles	1672414469076	1672414469095	OK	 
REQUEST	ViewUser	RoleGroups	1672414469075	1672414469097	OK	 
REQUEST	ViewUser	StaffGrades	1672414469077	1672414469132	OK	 
REQUEST	ViewUser	Establishments	1672414469076	1672414469134	OK	 
REQUEST	ViewUser	FetchUserHistory	1672414469075	1672414469148	OK	 
REQUEST	ViewUser	Datasets	1672414469095	1672414469149	OK	 
REQUEST	ViewUser	Groups	1672414469076	1672414469554	OK	 
GROUP	ViewUser	1672414468965	1672414469555	588	OK
REQUEST	Login	GoToLoginPage	1672414483438	1672414483451	OK	 
REQUEST	Login	SubmitCredentials	1672414483453	1672414483509	OK	 
REQUEST	Login	SubmitCredentials Redirect 1	1672414483510	1672414483519	OK	 
REQUEST	Login	GetAccessToken	1672414483520	1672414483729	OK	 
REQUEST	Login	GetCurrentUserDetails	1672414483730	1672414483935	OK	 
REQUEST	Login	Roles	1672414483938	1672414484407	OK	 
REQUEST	Login	FileshareGroups	1672414483937	1672414484408	OK	 
REQUEST	Login	ReportingGroups	1672414483937	1672414484656	OK	 
REQUEST	Login	Datasets	1672414483936	1672414484659	OK	 
GROUP	Login	1672414483438	1672414484659	1215	OK
REQUEST	Search	SearchByUsername	1672414484660	1672414485332	OK	 
GROUP	Search	1672414484659	1672414485332	672	OK
REQUEST	Login	GoToLoginPage	1672414512231	1672414512251	OK	 
REQUEST	Login	SubmitCredentials	1672414512253	1672414512313	OK	 
REQUEST	Login	SubmitCredentials Redirect 1	1672414512314	1672414512323	OK	 
REQUEST	Login	GetAccessToken	1672414512324	1672414512550	OK	 
REQUEST	Login	GetCurrentUserDetails	1672414512551	1672414512848	OK	 
REQUEST	Login	FileshareGroups	1672414512850	1672414513135	OK	 
REQUEST	Login	Roles	1672414512850	1672414513138	OK	 
REQUEST	Login	ReportingGroups	1672414512850	1672414513580	OK	 
REQUEST	Login	Datasets	1672414512850	1672414513584	OK	 
GROUP	Login	1672414512231	1672414513584	1347	OK
REQUEST	ViewUser	FetchUserDetails	1672414513584	1672414513955	OK	 
REQUEST	ViewUser	RoleGroups	1672414513958	1672414514256	OK	 
REQUEST	ViewUser	StaffGrades	1672414513959	1672414514260	OK	 
REQUEST	ViewUser	Datasets	1672414514257	1672414514302	OK	 
REQUEST	ViewUser	Groups	1672414513959	1672414514798	OK	 
REQUEST	ViewUser	Roles	1672414513958	1672414514799	OK	 
REQUEST	ViewUser	FetchUserHistory	1672414513958	1672414514799	OK	 
REQUEST	ViewUser	Establishments	1672414513959	1672414514802	OK	 
GROUP	ViewUser	1672414513584	1672414514802	1215	OK
REQUEST	Login	GoToLoginPage	1672414537179	1672414537196	OK	 
REQUEST	Login	SubmitCredentials	1672414537199	1672414537262	OK	 
REQUEST	Login	SubmitCredentials Redirect 1	1672414537263	1672414537274	OK	 
REQUEST	Login	GetAccessToken	1672414537275	1672414537519	OK	 
REQUEST	Login	GetCurrentUserDetails	1672414537520	1672414537712	OK	 
REQUEST	Login	Roles	1672414537714	1672414537906	OK	 
REQUEST	Login	FileshareGroups	1672414537714	1672414539142	OK	 
REQUEST	Login	ReportingGroups	1672414537714	1672414539143	OK	 
REQUEST	Login	Datasets	1672414537713	1672414539148	OK	 
GROUP	Login	1672414537178	1672414539148	1962	OK
REQUEST	Search	SearchByUsername	1672414539149	1672414539744	OK	 
GROUP	Search	1672414539148	1672414539744	595	OK
REQUEST	Login	GoToLoginPage	1672414550771	1672414550785	OK	 
REQUEST	Login	SubmitCredentials	1672414550786	1672414550846	OK	 
REQUEST	Login	SubmitCredentials Redirect 1	1672414550847	1672414550856	OK	 
REQUEST	Login	GetAccessToken	1672414550857	1672414551066	OK	 
REQUEST	Login	GetCurrentUserDetails	1672414551066	1672414551268	OK	 
REQUEST	Login	FileshareGroups	1672414551270	1672414551588	OK	 
REQUEST	Login	Datasets	1672414551269	1672414551591	OK	 
REQUEST	Login	Roles	1672414551270	1672414551844	OK	 
REQUEST	Login	ReportingGroups	1672414551269	1672414551953	OK	 
GROUP	Login	1672414550770	1672414551954	1179	OK
REQUEST	ViewUser	FetchUserDetails	1672414551954	1672414552266	OK	 
REQUEST	ViewUser	Roles	1672414552268	1672414552290	OK	 
REQUEST	ViewUser	RoleGroups	1672414552268	1672414552346	OK	 
REQUEST	ViewUser	Datasets	1672414552291	1672414552458	OK	 
REQUEST	ViewUser	StaffGrades	1672414552269	1672414552461	OK	 
REQUEST	ViewUser	Establishments	1672414552268	1672414552541	OK	 
REQUEST	ViewUser	FetchUserHistory	1672414552267	1672414552666	OK	 
REQUEST	ViewUser	Groups	1672414552268	1672414552768	OK	 
GROUP	ViewUser	1672414551954	1672414552768	813	OK
REQUEST	Login	GoToLoginPage	1672414555199	1672414555212	OK	 
REQUEST	Login	SubmitCredentials	1672414555214	1672414555273	OK	 
REQUEST	Login	SubmitCredentials Redirect 1	1672414555273	1672414555282	OK	 
REQUEST	Login	GetAccessToken	1672414555283	1672414555482	OK	 
REQUEST	Login	GetCurrentUserDetails	1672414555483	1672414555683	OK	 
REQUEST	Login	Roles	1672414555685	1672414555846	OK	 
REQUEST	Login	ReportingGroups	1672414555684	1672414556141	OK	 
REQUEST	Login	FileshareGroups	1672414555685	1672414556141	OK	 
REQUEST	Login	Datasets	1672414555684	1672414556145	OK	 
GROUP	Login	1672414555198	1672414556145	941	OK
REQUEST	ViewUser	FetchUserDetails	1672414556146	1672414556404	OK	 
REQUEST	ViewUser	Roles	1672414556406	1672414556779	OK	 
REQUEST	ViewUser	Establishments	1672414556406	1672414556784	OK	 
REQUEST	ViewUser	FetchUserHistory	1672414556405	1672414556784	OK	 
REQUEST	ViewUser	Datasets	1672414556779	1672414556832	OK	 
REQUEST	ViewUser	StaffGrades	1672414556406	1672414557444	OK	 
REQUEST	ViewUser	Groups	1672414556406	1672414557444	OK	 
REQUEST	ViewUser	RoleGroups	1672414556406	1672414557444	OK	 
GROUP	ViewUser	1672414556145	1672414557445	1298	OK
REQUEST	Login	GoToLoginPage	1672414566696	1672414566710	OK	 
REQUEST	Login	SubmitCredentials	1672414566712	1672414566776	OK	 
REQUEST	Login	SubmitCredentials Redirect 1	1672414566776	1672414566786	OK	 
REQUEST	Login	GetAccessToken	1672414566786	1672414566987	OK	 
REQUEST	Login	GetCurrentUserDetails	1672414566987	1672414567202	OK	 
REQUEST	Login	FileshareGroups	1672414567204	1672414567366	OK	 
REQUEST	Login	ReportingGroups	1672414567204	1672414567699	OK	 
REQUEST	Login	Roles	1672414567205	1672414567700	OK	 
REQUEST	Login	Datasets	1672414567204	1672414567701	OK	 
GROUP	Login	1672414566695	1672414567701	1002	OK
REQUEST	ViewUser	FetchUserDetails	1672414567702	1672414567812	OK	 
REQUEST	ViewUser	RoleGroups	1672414567813	1672414567833	OK	 
REQUEST	ViewUser	Roles	1672414567814	1672414567833	OK	 
REQUEST	ViewUser	Establishments	1672414567814	1672414567869	OK	 
REQUEST	ViewUser	StaffGrades	1672414567814	1672414567871	OK	 
REQUEST	ViewUser	Datasets	1672414567833	1672414567875	OK	 
REQUEST	ViewUser	FetchUserHistory	1672414567813	1672414567911	OK	 
REQUEST	ViewUser	Groups	1672414567814	1672414567968	OK	 
GROUP	ViewUser	1672414567701	1672414567969	266	OK
REQUEST	Login	GoToLoginPage	1672414588911	1672414588928	OK	 
REQUEST	Login	GoToLoginPage	1672414588930	1672414588944	OK	 
REQUEST	Login	SubmitCredentials	1672414588931	1672414588991	OK	 
REQUEST	Login	SubmitCredentials	1672414588948	1672414589002	OK	 
REQUEST	Login	SubmitCredentials Redirect 1	1672414588991	1672414589002	OK	 
REQUEST	Login	SubmitCredentials Redirect 1	1672414589002	1672414589142	OK	 
REQUEST	Login	GetAccessToken	1672414589143	1672414589358	OK	 
REQUEST	Login	GoToLoginPage	1672414589700	1672414589715	OK	 
REQUEST	Login	GetAccessToken	1672414589003	1672414589957	OK	 
REQUEST	Login	SubmitCredentials	1672414589717	1672414590046	OK	 
REQUEST	Login	SubmitCredentials Redirect 1	1672414590046	1672414590153	OK	 
REQUEST	Login	GetCurrentUserDetails	1672414589958	1672414590156	OK	 
REQUEST	Login	Roles	1672414590158	1672414590908	OK	 
REQUEST	Login	GetAccessToken	1672414590154	1672414590911	OK	 
REQUEST	Login	Datasets	1672414590157	1672414590912	OK	 
REQUEST	Login	GetCurrentUserDetails	1672414589359	1672414590939	OK	 
REQUEST	Login	ReportingGroups	1672414590158	1672414590952	OK	 
REQUEST	Login	FileshareGroups	1672414590158	1672414591041	OK	 
GROUP	Login	1672414588911	1672414591041	2124	OK
REQUEST	Login	FileshareGroups	1672414590941	1672414591260	OK	 
REQUEST	Login	Datasets	1672414590940	1672414591268	OK	 
REQUEST	Search	SearchByUsername	1672414591042	1672414591868	OK	 
GROUP	Search	1672414591041	1672414591869	826	OK
REQUEST	Login	ReportingGroups	1672414590940	1672414591903	OK	 
REQUEST	Login	Roles	1672414590941	1672414591903	OK	 
GROUP	Login	1672414588930	1672414591904	2967	OK
REQUEST	Login	GetCurrentUserDetails	1672414590911	1672414591907	OK	 
REQUEST	Login	FileshareGroups	1672414591909	1672414592208	OK	 
REQUEST	Login	Datasets	1672414591908	1672414592212	OK	 
REQUEST	Login	ReportingGroups	1672414591908	1672414592686	OK	 
REQUEST	Login	Roles	1672414591909	1672414592688	OK	 
GROUP	Login	1672414589700	1672414592688	2984	OK
REQUEST	Search	SearchByUsername	1672414591904	1672414592688	OK	 
GROUP	Search	1672414591904	1672414592688	784	OK
REQUEST	ViewUser	FetchUserDetails	1672414592689	1672414592949	OK	 
REQUEST	ViewUser	Roles	1672414592951	1672414593125	OK	 
REQUEST	ViewUser	StaffGrades	1672414592951	1672414593167	OK	 
REQUEST	ViewUser	Datasets	1672414593126	1672414593169	OK	 
REQUEST	ViewUser	RoleGroups	1672414592951	1672414593653	OK	 
REQUEST	ViewUser	Groups	1672414592951	1672414593654	OK	 
REQUEST	ViewUser	FetchUserHistory	1672414592950	1672414593655	OK	 
REQUEST	ViewUser	Establishments	1672414592951	1672414593700	OK	 
GROUP	ViewUser	1672414592688	1672414593701	1011	OK
REQUEST	Login	GoToLoginPage	1672414614011	1672414614027	OK	 
REQUEST	Login	SubmitCredentials	1672414614029	1672414614086	OK	 
REQUEST	Login	SubmitCredentials Redirect 1	1672414614086	1672414614096	OK	 
REQUEST	Login	GetAccessToken	1672414614097	1672414614332	OK	 
REQUEST	Login	GetCurrentUserDetails	1672414614333	1672414614549	OK	 
REQUEST	Login	Roles	1672414614551	1672414614841	OK	 
REQUEST	Login	Datasets	1672414614550	1672414614846	OK	 
REQUEST	Login	FileshareGroups	1672414614551	1672414615148	OK	 
REQUEST	Login	ReportingGroups	1672414614550	1672414615153	OK	 
GROUP	Login	1672414614011	1672414615153	1137	OK
REQUEST	UpdateUser	FetchUserDetails	1672414615154	1672414615249	OK	 
REQUEST	UpdateUser	UpdateUser	1672414615251	1672414616734	OK	 
GROUP	UpdateUser	1672414615153	1672414616734	1578	OK
REQUEST	Login	GoToLoginPage	1672414623775	1672414623791	OK	 
REQUEST	Login	SubmitCredentials	1672414623793	1672414623851	OK	 
REQUEST	Login	SubmitCredentials Redirect 1	1672414623852	1672414623864	OK	 
REQUEST	Login	GetAccessToken	1672414623865	1672414624065	OK	 
REQUEST	Login	GetCurrentUserDetails	1672414624065	1672414624306	OK	 
REQUEST	Login	ReportingGroups	1672414624307	1672414624656	OK	 
REQUEST	Login	Roles	1672414624308	1672414624742	OK	 
REQUEST	Login	FileshareGroups	1672414624307	1672414624745	OK	 
REQUEST	Login	Datasets	1672414624307	1672414624748	OK	 
GROUP	Login	1672414623775	1672414624748	968	OK
REQUEST	Search	SearchByUsername	1672414624749	1672414625512	OK	 
GROUP	Search	1672414624749	1672414625512	763	OK
REQUEST	Login	GoToLoginPage	1672414634622	1672414634638	OK	 
REQUEST	Login	SubmitCredentials	1672414634639	1672414634696	OK	 
REQUEST	Login	SubmitCredentials Redirect 1	1672414634696	1672414634704	OK	 
REQUEST	Login	GetAccessToken	1672414634705	1672414634917	OK	 
REQUEST	Login	GetCurrentUserDetails	1672414634917	1672414635145	OK	 
REQUEST	Login	Roles	1672414635151	1672414635441	OK	 
REQUEST	Login	Datasets	1672414635149	1672414635442	OK	 
REQUEST	Login	FileshareGroups	1672414635150	1672414635664	OK	 
REQUEST	Login	ReportingGroups	1672414635149	1672414635739	OK	 
GROUP	Login	1672414634622	1672414635739	1112	OK
REQUEST	ViewUser	FetchUserDetails	1672414635740	1672414635864	OK	 
REQUEST	ViewUser	RoleGroups	1672414635866	1672414636043	OK	 
REQUEST	ViewUser	Roles	1672414635866	1672414636044	OK	 
REQUEST	ViewUser	Establishments	1672414635867	1672414636146	OK	 
REQUEST	ViewUser	StaffGrades	1672414635867	1672414636157	OK	 
REQUEST	ViewUser	Datasets	1672414636044	1672414636246	OK	 
REQUEST	ViewUser	FetchUserHistory	1672414635866	1672414636256	OK	 
REQUEST	ViewUser	Groups	1672414635867	1672414636366	OK	 
GROUP	ViewUser	1672414635739	1672414636366	624	OK
REQUEST	Login	GoToLoginPage	1672414653349	1672414653365	OK	 
REQUEST	Login	SubmitCredentials	1672414653367	1672414653428	OK	 
REQUEST	Login	SubmitCredentials Redirect 1	1672414653429	1672414653441	OK	 
REQUEST	Login	GetAccessToken	1672414653442	1672414653686	OK	 
REQUEST	Login	GetCurrentUserDetails	1672414653686	1672414653901	OK	 
REQUEST	Login	FileshareGroups	1672414653905	1672414654179	OK	 
REQUEST	Login	Datasets	1672414653902	1672414654181	OK	 
REQUEST	Login	Roles	1672414653906	1672414654539	OK	 
REQUEST	Login	ReportingGroups	1672414653902	1672414654569	OK	 
GROUP	Login	1672414653348	1672414654570	1216	OK
REQUEST	Search	SearchByUsername	1672414654570	1672414655140	OK	 
GROUP	Search	1672414654570	1672414655140	570	OK
REQUEST	Login	GoToLoginPage	1672414723614	1672414723637	OK	 
REQUEST	Login	SubmitCredentials	1672414723638	1672414723707	OK	 
REQUEST	Login	SubmitCredentials Redirect 1	1672414723707	1672414723719	OK	 
REQUEST	Login	GetAccessToken	1672414723720	1672414723955	OK	 
REQUEST	Login	GetCurrentUserDetails	1672414723956	1672414724143	OK	 
REQUEST	Login	FileshareGroups	1672414724145	1672414724439	OK	 
REQUEST	Login	Roles	1672414724145	1672414724439	OK	 
REQUEST	Login	ReportingGroups	1672414724144	1672414724550	OK	 
REQUEST	Login	Datasets	1672414724144	1672414724550	OK	 
GROUP	Login	1672414723614	1672414724551	933	OK
REQUEST	ViewUser	FetchUserDetails	1672414724552	1672414724776	OK	 
REQUEST	ViewUser	RoleGroups	1672414724778	1672414725168	OK	 
REQUEST	ViewUser	Roles	1672414724778	1672414725172	OK	 
REQUEST	ViewUser	StaffGrades	1672414724779	1672414725175	OK	 
REQUEST	ViewUser	Datasets	1672414725168	1672414725224	OK	 
REQUEST	ViewUser	Groups	1672414724778	1672414725785	OK	 
REQUEST	ViewUser	FetchUserHistory	1672414724778	1672414725786	OK	 
REQUEST	ViewUser	Establishments	1672414724779	1672414725789	OK	 
GROUP	ViewUser	1672414724551	1672414725789	1235	OK
REQUEST	Login	GoToLoginPage	1672414728787	1672414728801	OK	 
REQUEST	Login	SubmitCredentials	1672414728803	1672414728871	OK	 
REQUEST	Login	SubmitCredentials Redirect 1	1672414728872	1672414728884	OK	 
REQUEST	Login	GetAccessToken	1672414728885	1672414729123	OK	 
REQUEST	Login	GetCurrentUserDetails	1672414729124	1672414729326	OK	 
REQUEST	Login	Roles	1672414729330	1672414729484	OK	 
REQUEST	Login	ReportingGroups	1672414729329	1672414729801	OK	 
REQUEST	Login	FileshareGroups	1672414729329	1672414729802	OK	 
REQUEST	Login	Datasets	1672414729328	1672414729804	OK	 
GROUP	Login	1672414728787	1672414729804	1010	OK
REQUEST	Search	SearchByUsername	1672414729805	1672414730301	OK	 
GROUP	Search	1672414729804	1672414730301	496	OK
REQUEST	Login	GoToLoginPage	1672414735672	1672414735687	OK	 
REQUEST	Login	SubmitCredentials	1672414735689	1672414735748	OK	 
REQUEST	Login	SubmitCredentials Redirect 1	1672414735748	1672414735757	OK	 
REQUEST	Login	GetAccessToken	1672414735758	1672414735980	OK	 
REQUEST	Login	GetCurrentUserDetails	1672414735981	1672414736182	OK	 
REQUEST	Login	FileshareGroups	1672414736184	1672414736528	OK	 
REQUEST	Login	Datasets	1672414736183	1672414736533	OK	 
REQUEST	Login	ReportingGroups	1672414736184	1672414737448	OK	 
REQUEST	Login	Roles	1672414736184	1672414737449	OK	 
GROUP	Login	1672414735672	1672414737449	1772	OK
REQUEST	Search	SearchByUsername	1672414737450	1672414738146	OK	 
GROUP	Search	1672414737450	1672414738147	696	OK
REQUEST	Login	GoToLoginPage	1672414744023	1672414744037	OK	 
REQUEST	Login	SubmitCredentials	1672414744038	1672414744095	OK	 
REQUEST	Login	SubmitCredentials Redirect 1	1672414744095	1672414744106	OK	 
REQUEST	Login	GetAccessToken	1672414744107	1672414744315	OK	 
REQUEST	Login	GetCurrentUserDetails	1672414744316	1672414744522	OK	 
REQUEST	Login	FileshareGroups	1672414744523	1672414744819	OK	 
REQUEST	Login	Roles	1672414744524	1672414744819	OK	 
REQUEST	Login	ReportingGroups	1672414744523	1672414744849	OK	 
REQUEST	Login	Datasets	1672414744523	1672414744853	OK	 
GROUP	Login	1672414744023	1672414744853	826	OK
REQUEST	Search	SearchByUsername	1672414744853	1672414745484	OK	 
GROUP	Search	1672414744853	1672414745484	631	OK
REQUEST	Login	GoToLoginPage	1672414762720	1672414762737	OK	 
REQUEST	Login	SubmitCredentials	1672414762738	1672414762791	OK	 
REQUEST	Login	SubmitCredentials Redirect 1	1672414762792	1672414762802	OK	 
REQUEST	Login	GetAccessToken	1672414762802	1672414763105	OK	 
REQUEST	Login	GetCurrentUserDetails	1672414763105	1672414763314	OK	 
REQUEST	Login	FileshareGroups	1672414763316	1672414763632	OK	 
REQUEST	Login	Datasets	1672414763315	1672414763636	OK	 
REQUEST	Login	ReportingGroups	1672414763315	1672414763857	OK	 
REQUEST	Login	Roles	1672414763316	1672414763857	OK	 
GROUP	Login	1672414762720	1672414763857	1134	OK
REQUEST	ViewUser	FetchUserDetails	1672414763858	1672414764107	OK	 
REQUEST	ViewUser	Roles	1672414764109	1672414764285	OK	 
REQUEST	ViewUser	StaffGrades	1672414764110	1672414764326	OK	 
REQUEST	ViewUser	Establishments	1672414764110	1672414764336	OK	 
REQUEST	ViewUser	RoleGroups	1672414764109	1672414764662	OK	 
REQUEST	ViewUser	Groups	1672414764110	1672414764663	OK	 
REQUEST	ViewUser	FetchUserHistory	1672414764109	1672414764665	OK	 
REQUEST	ViewUser	Datasets	1672414764285	1672414764696	OK	 
GROUP	ViewUser	1672414763858	1672414764697	837	OK
REQUEST	Login	GoToLoginPage	1672414769461	1672414769474	OK	 
REQUEST	Login	SubmitCredentials	1672414769476	1672414769524	OK	 
REQUEST	Login	SubmitCredentials Redirect 1	1672414769525	1672414769536	OK	 
REQUEST	Login	GetAccessToken	1672414769537	1672414769726	OK	 
REQUEST	Login	GetCurrentUserDetails	1672414769727	1672414769926	OK	 
REQUEST	Login	FileshareGroups	1672414769928	1672414770215	OK	 
REQUEST	Login	Roles	1672414769928	1672414770216	OK	 
REQUEST	Login	ReportingGroups	1672414769928	1672414770392	OK	 
REQUEST	Login	Datasets	1672414769927	1672414770408	OK	 
GROUP	Login	1672414769461	1672414770408	941	OK
REQUEST	ViewUser	FetchUserDetails	1672414770408	1672414770687	OK	 
REQUEST	ViewUser	RoleGroups	1672414770689	1672414770957	OK	 
REQUEST	ViewUser	Roles	1672414770689	1672414770960	OK	 
REQUEST	ViewUser	Establishments	1672414770689	1672414770962	OK	 
REQUEST	ViewUser	Datasets	1672414770958	1672414771001	OK	 
REQUEST	ViewUser	StaffGrades	1672414770689	1672414771050	OK	 
REQUEST	ViewUser	FetchUserHistory	1672414770688	1672414771250	OK	 
REQUEST	ViewUser	Groups	1672414770689	1672414771657	OK	 
GROUP	ViewUser	1672414770408	1672414771657	1248	OK
REQUEST	Login	GoToLoginPage	1672414793238	1672414793258	OK	 
REQUEST	Login	SubmitCredentials	1672414793260	1672414793309	OK	 
REQUEST	Login	SubmitCredentials Redirect 1	1672414793309	1672414793322	OK	 
REQUEST	Login	GetAccessToken	1672414793323	1672414793525	OK	 
REQUEST	Login	GetCurrentUserDetails	1672414793526	1672414793740	OK	 
REQUEST	Login	Roles	1672414793742	1672414794170	OK	 
REQUEST	Login	FileshareGroups	1672414793741	1672414794171	OK	 
REQUEST	Login	ReportingGroups	1672414793741	1672414794398	OK	 
REQUEST	Login	Datasets	1672414793741	1672414794401	OK	 
GROUP	Login	1672414793238	1672414794402	1160	OK
REQUEST	UpdateUser	FetchUserDetails	1672414794402	1672414794633	OK	 
REQUEST	UpdateUser	UpdateUser	1672414794634	1672414795820	OK	 
GROUP	UpdateUser	1672414794402	1672414795820	1417	OK
REQUEST	Login	GoToLoginPage	1672414805682	1672414805694	OK	 
REQUEST	Login	SubmitCredentials	1672414805695	1672414805754	OK	 
REQUEST	Login	SubmitCredentials Redirect 1	1672414805754	1672414805763	OK	 
REQUEST	Login	GetAccessToken	1672414805763	1672414805984	OK	 
REQUEST	Login	GetCurrentUserDetails	1672414805985	1672414806238	OK	 
REQUEST	Login	Roles	1672414806240	1672414806569	OK	 
REQUEST	Login	Datasets	1672414806239	1672414806571	OK	 
REQUEST	Login	FileshareGroups	1672414806240	1672414806941	OK	 
REQUEST	Login	ReportingGroups	1672414806240	1672414807251	OK	 
GROUP	Login	1672414805682	1672414807251	1566	OK
REQUEST	ViewUser	FetchUserDetails	1672414807252	1672414807645	OK	 
REQUEST	ViewUser	RoleGroups	1672414807646	1672414807668	OK	 
REQUEST	ViewUser	Roles	1672414807646	1672414807668	OK	 
REQUEST	ViewUser	StaffGrades	1672414807647	1672414807703	OK	 
REQUEST	ViewUser	Establishments	1672414807646	1672414807706	OK	 
REQUEST	ViewUser	FetchUserHistory	1672414807646	1672414807716	OK	 
REQUEST	ViewUser	Datasets	1672414807668	1672414807859	OK	 
REQUEST	ViewUser	Groups	1672414807646	1672414808179	OK	 
GROUP	ViewUser	1672414807251	1672414808179	926	OK
REQUEST	Login	GoToLoginPage	1672414809022	1672414809038	OK	 
REQUEST	Login	SubmitCredentials	1672414809039	1672414809094	OK	 
REQUEST	Login	SubmitCredentials Redirect 1	1672414809094	1672414809105	OK	 
REQUEST	Login	GetAccessToken	1672414809106	1672414809318	OK	 
REQUEST	Login	GetCurrentUserDetails	1672414809319	1672414809521	OK	 
REQUEST	Login	ReportingGroups	1672414809523	1672414809780	OK	 
REQUEST	Login	FileshareGroups	1672414809523	1672414809780	OK	 
REQUEST	Login	Roles	1672414809523	1672414809835	OK	 
REQUEST	Login	Datasets	1672414809522	1672414809838	OK	 
GROUP	Login	1672414809021	1672414809839	813	OK
REQUEST	ViewUser	FetchUserDetails	1672414809839	1672414810076	OK	 
REQUEST	ViewUser	RoleGroups	1672414810078	1672414810508	OK	 
REQUEST	ViewUser	StaffGrades	1672414810078	1672414810510	OK	 
REQUEST	ViewUser	FetchUserHistory	1672414810077	1672414810511	OK	 
REQUEST	ViewUser	Datasets	1672414810508	1672414810561	OK	 
REQUEST	ViewUser	Groups	1672414810078	1672414810986	OK	 
REQUEST	ViewUser	Roles	1672414810078	1672414810987	OK	 
REQUEST	ViewUser	Establishments	1672414810078	1672414811027	OK	 
GROUP	ViewUser	1672414809839	1672414811027	1187	OK
REQUEST	Login	GoToLoginPage	1672414872110	1672414872131	OK	 
REQUEST	Login	SubmitCredentials	1672414872133	1672414872199	OK	 
REQUEST	Login	SubmitCredentials Redirect 1	1672414872199	1672414872210	OK	 
REQUEST	Login	GetAccessToken	1672414872210	1672414872447	OK	 
REQUEST	Login	GetCurrentUserDetails	1672414872448	1672414872663	OK	 
REQUEST	Login	FileshareGroups	1672414872665	1672414872971	OK	 
REQUEST	Login	Roles	1672414872665	1672414872973	OK	 
REQUEST	Login	ReportingGroups	1672414872665	1672414873354	OK	 
REQUEST	Login	Datasets	1672414872665	1672414873357	OK	 
GROUP	Login	1672414872110	1672414873357	1243	OK
REQUEST	ViewUser	FetchUserDetails	1672414873358	1672414874067	OK	 
REQUEST	ViewUser	RoleGroups	1672414874069	1672414874656	OK	 
REQUEST	ViewUser	Groups	1672414874069	1672414874658	OK	 
REQUEST	ViewUser	StaffGrades	1672414874069	1672414874660	OK	 
REQUEST	ViewUser	Datasets	1672414874657	1672414874710	OK	 
REQUEST	ViewUser	Establishments	1672414874069	1672414874717	OK	 
REQUEST	ViewUser	Roles	1672414874069	1672414874717	OK	 
REQUEST	ViewUser	FetchUserHistory	1672414874068	1672414874720	OK	 
GROUP	ViewUser	1672414873357	1672414874720	1361	OK
REQUEST	Login	GoToLoginPage	1672414874972	1672414874990	OK	 
REQUEST	Login	SubmitCredentials	1672414874991	1672414875048	OK	 
REQUEST	Login	SubmitCredentials Redirect 1	1672414875049	1672414875061	OK	 
REQUEST	Login	GetAccessToken	1672414875061	1672414875285	OK	 
REQUEST	Login	GetCurrentUserDetails	1672414875285	1672414875517	OK	 
REQUEST	Login	ReportingGroups	1672414875519	1672414875882	OK	 
REQUEST	Login	Roles	1672414875519	1672414875883	OK	 
REQUEST	Login	FileshareGroups	1672414875519	1672414875966	OK	 
REQUEST	Login	Datasets	1672414875518	1672414875970	OK	 
GROUP	Login	1672414874972	1672414875970	995	OK
REQUEST	Search	SearchByUsername	1672414875970	1672414876628	OK	 
GROUP	Search	1672414875970	1672414876629	658	OK
REQUEST	Login	GoToLoginPage	1672414890401	1672414890417	OK	 
REQUEST	Login	SubmitCredentials	1672414890418	1672414890483	OK	 
REQUEST	Login	SubmitCredentials Redirect 1	1672414890483	1672414890495	OK	 
REQUEST	Login	GetAccessToken	1672414890496	1672414890694	OK	 
REQUEST	Login	GetCurrentUserDetails	1672414890694	1672414890895	OK	 
REQUEST	Login	ReportingGroups	1672414890897	1672414891200	OK	 
REQUEST	Login	FileshareGroups	1672414890897	1672414891200	OK	 
REQUEST	Login	Roles	1672414890897	1672414891225	OK	 
REQUEST	Login	Datasets	1672414890896	1672414891229	OK	 
GROUP	Login	1672414890401	1672414891229	825	OK
REQUEST	Search	SearchByUsername	1672414891230	1672414891856	OK	 
GROUP	Search	1672414891230	1672414891856	626	OK
REQUEST	Login	GoToLoginPage	1672414892020	1672414892035	OK	 
REQUEST	Login	SubmitCredentials	1672414892036	1672414892094	OK	 
REQUEST	Login	SubmitCredentials Redirect 1	1672414892094	1672414892106	OK	 
REQUEST	Login	GetAccessToken	1672414892106	1672414892317	OK	 
REQUEST	Login	GetCurrentUserDetails	1672414892317	1672414892523	OK	 
REQUEST	Login	FileshareGroups	1672414892525	1672414892748	OK	 
REQUEST	Login	Roles	1672414892525	1672414892827	OK	 
REQUEST	Login	Datasets	1672414892524	1672414892830	OK	 
REQUEST	Login	ReportingGroups	1672414892524	1672414893154	OK	 
GROUP	Login	1672414892020	1672414893155	1132	OK
REQUEST	ViewUser	FetchUserDetails	1672414893155	1672414893265	OK	 
REQUEST	ViewUser	RoleGroups	1672414893266	1672414893285	OK	 
REQUEST	ViewUser	StaffGrades	1672414893267	1672414893329	OK	 
REQUEST	ViewUser	Datasets	1672414893285	1672414893341	OK	 
REQUEST	ViewUser	Roles	1672414893267	1672414893351	OK	 
REQUEST	ViewUser	Establishments	1672414893267	1672414893539	OK	 
REQUEST	ViewUser	FetchUserHistory	1672414893266	1672414893562	OK	 
REQUEST	ViewUser	Groups	1672414893267	1672414893975	OK	 
GROUP	ViewUser	1672414893155	1672414893976	819	OK
REQUEST	Login	GoToLoginPage	1672414896313	1672414896328	OK	 
REQUEST	Login	SubmitCredentials	1672414896329	1672414896387	OK	 
REQUEST	Login	SubmitCredentials Redirect 1	1672414896387	1672414896399	OK	 
REQUEST	Login	GetAccessToken	1672414896402	1672414896611	OK	 
REQUEST	Login	GetCurrentUserDetails	1672414896611	1672414896833	OK	 
REQUEST	Login	FileshareGroups	1672414896835	1672414897184	OK	 
REQUEST	Login	Datasets	1672414896834	1672414897186	OK	 
REQUEST	Login	Roles	1672414896835	1672414897307	OK	 
REQUEST	Login	ReportingGroups	1672414896834	1672414897308	OK	 
GROUP	Login	1672414896312	1672414897308	990	OK
REQUEST	ViewUser	FetchUserDetails	1672414897310	1672414897558	OK	 
REQUEST	ViewUser	Groups	1672414897560	1672414899274	OK	 
REQUEST	ViewUser	FetchUserHistory	1672414897559	1672414899275	OK	 
REQUEST	ViewUser	Establishments	1672414897560	1672414899276	OK	 
REQUEST	ViewUser	RoleGroups	1672414897560	1672414899359	OK	 
REQUEST	ViewUser	Roles	1672414897560	1672414899361	OK	 
REQUEST	ViewUser	StaffGrades	1672414897560	1672414899362	OK	 
REQUEST	ViewUser	Datasets	1672414899274	1672414899376	OK	 
GROUP	ViewUser	1672414897308	1672414899376	2065	OK
REQUEST	Login	GoToLoginPage	1672414923778	1672414923796	OK	 
REQUEST	Login	SubmitCredentials	1672414923799	1672414923856	OK	 
REQUEST	Login	SubmitCredentials Redirect 1	1672414923856	1672414923868	OK	 
REQUEST	Login	GetAccessToken	1672414923869	1672414924157	OK	 
REQUEST	Login	GetCurrentUserDetails	1672414924158	1672414924403	OK	 
REQUEST	Login	FileshareGroups	1672414924405	1672414924744	OK	 
REQUEST	Login	Datasets	1672414924404	1672414924749	OK	 
REQUEST	Login	ReportingGroups	1672414924404	1672414925049	OK	 
REQUEST	Login	Roles	1672414924405	1672414925050	OK	 
GROUP	Login	1672414923778	1672414925050	1266	OK
REQUEST	ViewUser	FetchUserDetails	1672414925051	1672414925280	OK	 
REQUEST	ViewUser	StaffGrades	1672414925282	1672414925724	OK	 
REQUEST	ViewUser	Roles	1672414925281	1672414925725	OK	 
REQUEST	ViewUser	Establishments	1672414925282	1672414925727	OK	 
REQUEST	ViewUser	Datasets	1672414925724	1672414925847	OK	 
REQUEST	ViewUser	Groups	1672414925281	1672414926078	OK	 
REQUEST	ViewUser	RoleGroups	1672414925281	1672414926079	OK	 
REQUEST	ViewUser	FetchUserHistory	1672414925281	1672414926084	OK	 
GROUP	ViewUser	1672414925050	1672414926084	1032	OK
REQUEST	Login	GoToLoginPage	1672414945501	1672414945517	OK	 
REQUEST	Login	SubmitCredentials	1672414945519	1672414945656	OK	 
REQUEST	Login	SubmitCredentials Redirect 1	1672414945656	1672414945669	OK	 
REQUEST	Login	GetAccessToken	1672414945670	1672414946667	OK	 
REQUEST	Login	GetCurrentUserDetails	1672414946667	1672414946865	OK	 
REQUEST	Login	FileshareGroups	1672414946867	1672414947206	OK	 
REQUEST	Login	Datasets	1672414946866	1672414947210	OK	 
REQUEST	Login	ReportingGroups	1672414946867	1672414947548	OK	 
REQUEST	Login	Roles	1672414946867	1672414947549	OK	 
GROUP	Login	1672414945501	1672414947549	2044	OK
REQUEST	ViewUser	FetchUserDetails	1672414947550	1672414947794	OK	 
REQUEST	ViewUser	RoleGroups	1672414947795	1672414948278	OK	 
REQUEST	ViewUser	Roles	1672414947796	1672414948279	OK	 
REQUEST	ViewUser	Establishments	1672414947796	1672414948279	OK	 
REQUEST	ViewUser	Datasets	1672414948278	1672414948322	OK	 
REQUEST	ViewUser	Groups	1672414947796	1672414948359	OK	 
REQUEST	ViewUser	FetchUserHistory	1672414947795	1672414948360	OK	 
REQUEST	ViewUser	StaffGrades	1672414947797	1672414948362	OK	 
GROUP	ViewUser	1672414947549	1672414948362	811	OK
REQUEST	Login	GoToLoginPage	1672414954285	1672414954301	OK	 
REQUEST	Login	SubmitCredentials	1672414954302	1672414954358	OK	 
REQUEST	Login	SubmitCredentials Redirect 1	1672414954358	1672414954368	OK	 
REQUEST	Login	GetAccessToken	1672414954368	1672414954641	OK	 
REQUEST	Login	GetCurrentUserDetails	1672414954644	1672414954847	OK	 
REQUEST	Login	ReportingGroups	1672414954848	1672414955182	OK	 
REQUEST	Login	Roles	1672414954849	1672414955340	OK	 
REQUEST	Login	FileshareGroups	1672414954848	1672414955341	OK	 
REQUEST	Login	Datasets	1672414954848	1672414955342	OK	 
GROUP	Login	1672414954284	1672414955342	1052	OK
REQUEST	Search	SearchByUsername	1672414955343	1672414955964	OK	 
GROUP	Search	1672414955342	1672414955964	621	OK
REQUEST	Login	GoToLoginPage	1672414968368	1672414968384	OK	 
REQUEST	Login	SubmitCredentials	1672414968386	1672414968438	OK	 
REQUEST	Login	SubmitCredentials Redirect 1	1672414968439	1672414968449	OK	 
REQUEST	Login	GetAccessToken	1672414968450	1672414968655	OK	 
REQUEST	Login	GetCurrentUserDetails	1672414968655	1672414968839	OK	 
REQUEST	Login	Roles	1672414968841	1672414969177	OK	 
REQUEST	Login	Datasets	1672414968840	1672414969181	OK	 
REQUEST	Login	ReportingGroups	1672414968840	1672414969546	OK	 
REQUEST	Login	FileshareGroups	1672414968840	1672414969550	OK	 
GROUP	Login	1672414968368	1672414969550	1177	OK
REQUEST	Login	GoToLoginPage	1672414969589	1672414969604	OK	 
REQUEST	Login	SubmitCredentials	1672414969605	1672414970351	OK	 
REQUEST	ViewUser	FetchUserDetails	1672414969550	1672414970352	OK	 
REQUEST	Login	SubmitCredentials Redirect 1	1672414970351	1672414970362	OK	 
REQUEST	ViewUser	RoleGroups	1672414970353	1672414970661	OK	 
REQUEST	ViewUser	FetchUserHistory	1672414970353	1672414970664	OK	 
REQUEST	ViewUser	StaffGrades	1672414970354	1672414970709	OK	 
REQUEST	ViewUser	Datasets	1672414970661	1672414970714	OK	 
REQUEST	ViewUser	Groups	1672414970354	1672414971041	OK	 
REQUEST	ViewUser	Roles	1672414970353	1672414971041	OK	 
REQUEST	ViewUser	Establishments	1672414970354	1672414971278	OK	 
GROUP	ViewUser	1672414969550	1672414971278	1727	OK
REQUEST	Login	GetAccessToken	1672414970362	1672414971281	OK	 
REQUEST	Login	GetCurrentUserDetails	1672414971281	1672414971485	OK	 
REQUEST	Login	FileshareGroups	1672414971487	1672414971651	OK	 
REQUEST	Login	ReportingGroups	1672414971486	1672414972743	OK	 
REQUEST	Login	Roles	1672414971487	1672414972744	OK	 
REQUEST	Login	Datasets	1672414971486	1672414972747	OK	 
GROUP	Login	1672414969589	1672414972748	3157	OK
REQUEST	ViewUser	FetchUserDetails	1672414972748	1672414972984	OK	 
REQUEST	ViewUser	Roles	1672414972985	1672414973434	OK	 
REQUEST	ViewUser	RoleGroups	1672414972985	1672414973436	OK	 
REQUEST	ViewUser	Establishments	1672414972985	1672414973443	OK	 
REQUEST	ViewUser	Datasets	1672414973435	1672414973487	OK	 
REQUEST	ViewUser	Groups	1672414972985	1672414973606	OK	 
REQUEST	ViewUser	FetchUserHistory	1672414972985	1672414973609	OK	 
REQUEST	ViewUser	StaffGrades	1672414972985	1672414973610	OK	 
GROUP	ViewUser	1672414972748	1672414973610	861	OK
REQUEST	Login	GoToLoginPage	1672414975678	1672414975693	OK	 
REQUEST	Login	SubmitCredentials	1672414975695	1672414975749	OK	 
REQUEST	Login	SubmitCredentials Redirect 1	1672414975749	1672414975760	OK	 
REQUEST	Login	GetAccessToken	1672414975761	1672414975974	OK	 
REQUEST	Login	GetCurrentUserDetails	1672414975975	1672414976193	OK	 
REQUEST	Login	Datasets	1672414976194	1672414976466	OK	 
REQUEST	Login	Roles	1672414976195	1672414976472	OK	 
REQUEST	Login	FileshareGroups	1672414976194	1672414976472	OK	 
REQUEST	Login	ReportingGroups	1672414976194	1672414976962	OK	 
GROUP	Login	1672414975678	1672414976962	1279	OK
REQUEST	Search	SearchByUsername	1672414976963	1672414977447	OK	 
GROUP	Search	1672414976962	1672414977448	484	OK
REQUEST	Login	GoToLoginPage	1672414981781	1672414981797	OK	 
REQUEST	Login	SubmitCredentials	1672414981798	1672414981853	OK	 
REQUEST	Login	SubmitCredentials Redirect 1	1672414981853	1672414981865	OK	 
REQUEST	Login	GetAccessToken	1672414981865	1672414982066	OK	 
REQUEST	Login	GetCurrentUserDetails	1672414982067	1672414982272	OK	 
REQUEST	Login	FileshareGroups	1672414982274	1672414982439	OK	 
REQUEST	Login	Roles	1672414982274	1672414982859	OK	 
REQUEST	Login	Datasets	1672414982273	1672414982862	OK	 
REQUEST	Login	ReportingGroups	1672414982274	1672414982956	OK	 
GROUP	Login	1672414981781	1672414982956	1172	OK
REQUEST	UpdateUser	FetchUserDetails	1672414982957	1672414983053	OK	 
REQUEST	UpdateUser	UpdateUser	1672414983054	1672414983993	OK	 
GROUP	UpdateUser	1672414982956	1672414983993	1035	OK
REQUEST	Login	GoToLoginPage	1672414990744	1672414990761	OK	 
REQUEST	Login	SubmitCredentials	1672414990763	1672414990816	OK	 
REQUEST	Login	SubmitCredentials Redirect 1	1672414990816	1672414990826	OK	 
REQUEST	Login	GetAccessToken	1672414990827	1672414991045	OK	 
REQUEST	Login	GetCurrentUserDetails	1672414991045	1672414991234	OK	 
REQUEST	Login	FileshareGroups	1672414991235	1672414991554	OK	 
REQUEST	Login	Roles	1672414991235	1672414991555	OK	 
REQUEST	Login	ReportingGroups	1672414991235	1672414991620	OK	 
REQUEST	Login	Datasets	1672414991235	1672414991623	OK	 
GROUP	Login	1672414990744	1672414991624	876	OK
REQUEST	ViewUser	FetchUserDetails	1672414991624	1672414991889	OK	 
REQUEST	ViewUser	RoleGroups	1672414991890	1672414992370	OK	 
REQUEST	ViewUser	Establishments	1672414991890	1672414992373	OK	 
REQUEST	ViewUser	Datasets	1672414992370	1672414992446	OK	 
REQUEST	ViewUser	Groups	1672414991890	1672414992663	OK	 
REQUEST	ViewUser	StaffGrades	1672414991891	1672414992664	OK	 
REQUEST	ViewUser	Roles	1672414991890	1672414992664	OK	 
REQUEST	ViewUser	FetchUserHistory	1672414991890	1672414992666	OK	 
GROUP	ViewUser	1672414991624	1672414992666	1041	OK
REQUEST	Login	GoToLoginPage	1672415004987	1672415005002	OK	 
REQUEST	Login	SubmitCredentials	1672415005003	1672415005051	OK	 
REQUEST	Login	SubmitCredentials Redirect 1	1672415005051	1672415005063	OK	 
REQUEST	Login	GetAccessToken	1672415005064	1672415005272	OK	 
REQUEST	Login	GetCurrentUserDetails	1672415005273	1672415005465	OK	 
REQUEST	Login	ReportingGroups	1672415005466	1672415005970	OK	 
REQUEST	Login	FileshareGroups	1672415005466	1672415005970	OK	 
REQUEST	Login	Roles	1672415005467	1672415006068	OK	 
REQUEST	Login	Datasets	1672415005466	1672415006074	OK	 
GROUP	Login	1672415004987	1672415006074	1083	OK
REQUEST	ViewUser	FetchUserDetails	1672415006075	1672415006326	OK	 
REQUEST	ViewUser	RoleGroups	1672415006327	1672415006944	OK	 
REQUEST	ViewUser	Groups	1672415006327	1672415006945	OK	 
REQUEST	ViewUser	FetchUserHistory	1672415006327	1672415006946	OK	 
REQUEST	ViewUser	Datasets	1672415006944	1672415006997	OK	 
REQUEST	ViewUser	Roles	1672415006327	1672415007147	OK	 
REQUEST	ViewUser	StaffGrades	1672415006328	1672415007251	OK	 
REQUEST	ViewUser	Establishments	1672415006327	1672415007255	OK	 
GROUP	ViewUser	1672415006074	1672415007256	1181	OK
REQUEST	Login	GoToLoginPage	1672415020371	1672415020385	OK	 
REQUEST	Login	SubmitCredentials	1672415020386	1672415020444	OK	 
REQUEST	Login	SubmitCredentials Redirect 1	1672415020444	1672415020452	OK	 
REQUEST	Login	GetAccessToken	1672415020453	1672415020665	OK	 
REQUEST	Login	GetCurrentUserDetails	1672415020666	1672415020877	OK	 
REQUEST	Login	FileshareGroups	1672415020883	1672415021049	OK	 
REQUEST	Login	ReportingGroups	1672415020878	1672415021520	OK	 
REQUEST	Login	Roles	1672415020883	1672415021520	OK	 
REQUEST	Login	Datasets	1672415020878	1672415021525	OK	 
GROUP	Login	1672415020370	1672415021525	1150	OK
REQUEST	Search	SearchByUsername	1672415021526	1672415022159	OK	 
GROUP	Search	1672415021526	1672415022159	633	OK
REQUEST	Login	GoToLoginPage	1672415026776	1672415026790	OK	 
REQUEST	Login	SubmitCredentials	1672415026791	1672415026842	OK	 
REQUEST	Login	SubmitCredentials Redirect 1	1672415026843	1672415026853	OK	 
REQUEST	Login	GetAccessToken	1672415026854	1672415027052	OK	 
REQUEST	Login	GetCurrentUserDetails	1672415027052	1672415027246	OK	 
REQUEST	Login	FileshareGroups	1672415027248	1672415027401	OK	 
REQUEST	Login	ReportingGroups	1672415027247	1672415028557	OK	 
REQUEST	Login	Roles	1672415027248	1672415028557	OK	 
REQUEST	Login	Datasets	1672415027247	1672415028561	OK	 
GROUP	Login	1672415026776	1672415028561	1781	OK
REQUEST	Search	SearchByUsername	1672415028561	1672415029196	OK	 
GROUP	Search	1672415028561	1672415029196	635	OK
REQUEST	Login	GoToLoginPage	1672415038342	1672415038358	OK	 
REQUEST	Login	SubmitCredentials	1672415038359	1672415038409	OK	 
REQUEST	Login	SubmitCredentials Redirect 1	1672415038409	1672415038422	OK	 
REQUEST	Login	GetAccessToken	1672415038423	1672415038608	OK	 
REQUEST	Login	GetCurrentUserDetails	1672415038609	1672415038822	OK	 
REQUEST	Login	Roles	1672415038824	1672415039077	OK	 
REQUEST	Login	FileshareGroups	1672415038824	1672415039078	OK	 
REQUEST	Login	ReportingGroups	1672415038823	1672415039188	OK	 
REQUEST	Login	Datasets	1672415038823	1672415039189	OK	 
GROUP	Login	1672415038342	1672415039189	843	OK
REQUEST	Search	SearchByUsername	1672415039190	1672415039796	OK	 
GROUP	Search	1672415039189	1672415039797	606	OK
REQUEST	Login	GoToLoginPage	1672415113725	1672415113745	OK	 
REQUEST	Login	SubmitCredentials	1672415113747	1672415113810	OK	 
REQUEST	Login	SubmitCredentials Redirect 1	1672415113810	1672415113820	OK	 
REQUEST	Login	GetAccessToken	1672415113820	1672415114049	OK	 
REQUEST	Login	GetCurrentUserDetails	1672415114049	1672415114267	OK	 
REQUEST	Login	Roles	1672415114269	1672415114586	OK	 
REQUEST	Login	Datasets	1672415114268	1672415114589	OK	 
REQUEST	Login	FileshareGroups	1672415114269	1672415114844	OK	 
REQUEST	Login	ReportingGroups	1672415114268	1672415114845	OK	 
GROUP	Login	1672415113725	1672415114846	1118	OK
REQUEST	ViewUser	FetchUserDetails	1672415114846	1672415115013	OK	 
REQUEST	ViewUser	Roles	1672415115014	1672415115035	OK	 
REQUEST	ViewUser	RoleGroups	1672415115014	1672415115036	OK	 
REQUEST	ViewUser	StaffGrades	1672415115015	1672415115071	OK	 
REQUEST	ViewUser	Establishments	1672415115014	1672415115087	OK	 
REQUEST	ViewUser	Datasets	1672415115035	1672415115139	OK	 
REQUEST	ViewUser	FetchUserHistory	1672415115014	1672415115153	OK	 
REQUEST	ViewUser	Groups	1672415115014	1672415115645	OK	 
GROUP	ViewUser	1672415114846	1672415115645	798	OK
REQUEST	Login	GoToLoginPage	1672415154691	1672415154709	OK	 
REQUEST	Login	SubmitCredentials	1672415154710	1672415154767	OK	 
REQUEST	Login	SubmitCredentials Redirect 1	1672415154767	1672415154778	OK	 
REQUEST	Login	GetAccessToken	1672415154778	1672415155021	OK	 
REQUEST	Login	GetCurrentUserDetails	1672415155022	1672415155246	OK	 
REQUEST	Login	Roles	1672415155249	1672415155600	OK	 
REQUEST	Login	Datasets	1672415155248	1672415155602	OK	 
REQUEST	Login	ReportingGroups	1672415155248	1672415155807	OK	 
REQUEST	Login	FileshareGroups	1672415155248	1672415155808	OK	 
GROUP	Login	1672415154691	1672415155808	1113	OK
REQUEST	Search	SearchByUsername	1672415155809	1672415156429	OK	 
GROUP	Search	1672415155808	1672415156429	620	OK
REQUEST	Login	GoToLoginPage	1672415184254	1672415184273	OK	 
REQUEST	Login	SubmitCredentials	1672415184274	1672415184326	OK	 
REQUEST	Login	SubmitCredentials Redirect 1	1672415184327	1672415184340	OK	 
REQUEST	Login	GetAccessToken	1672415184341	1672415184610	OK	 
REQUEST	Login	GetCurrentUserDetails	1672415184610	1672415184826	OK	 
REQUEST	Login	Roles	1672415184831	1672415185135	OK	 
REQUEST	Login	FileshareGroups	1672415184831	1672415185138	OK	 
REQUEST	Login	ReportingGroups	1672415184828	1672415185561	OK	 
REQUEST	Login	Datasets	1672415184827	1672415185564	OK	 
GROUP	Login	1672415184254	1672415185564	1306	OK
REQUEST	Login	GoToLoginPage	1672415186110	1672415186127	OK	 
REQUEST	Login	SubmitCredentials	1672415186129	1672415186345	OK	 
REQUEST	Search	SearchByUsername	1672415185566	1672415186346	OK	 
GROUP	Search	1672415185564	1672415186347	780	OK
REQUEST	Login	SubmitCredentials Redirect 1	1672415186345	1672415186356	OK	 
REQUEST	Login	GetAccessToken	1672415186357	1672415186575	OK	 
REQUEST	Login	GoToLoginPage	1672415186618	1672415186632	OK	 
REQUEST	Login	SubmitCredentials	1672415186634	1672415186684	OK	 
REQUEST	Login	SubmitCredentials Redirect 1	1672415186684	1672415186777	OK	 
REQUEST	Login	GetCurrentUserDetails	1672415186576	1672415186781	OK	 
REQUEST	Login	Roles	1672415186782	1672415187041	OK	 
REQUEST	Login	ReportingGroups	1672415186782	1672415187042	OK	 
REQUEST	Login	FileshareGroups	1672415186782	1672415187307	OK	 
REQUEST	Login	Datasets	1672415186782	1672415187311	OK	 
GROUP	Login	1672415186110	1672415187311	1197	OK
REQUEST	Login	GetAccessToken	1672415186777	1672415187314	OK	 
REQUEST	Login	GetCurrentUserDetails	1672415187314	1672415187524	OK	 
REQUEST	ViewUser	FetchUserDetails	1672415187312	1672415187600	OK	 
REQUEST	Login	FileshareGroups	1672415187526	1672415188472	OK	 
REQUEST	ViewUser	Roles	1672415187602	1672415188472	OK	 
REQUEST	Login	Roles	1672415187526	1672415188473	OK	 
REQUEST	ViewUser	StaffGrades	1672415187602	1672415188475	OK	 
REQUEST	ViewUser	Establishments	1672415187602	1672415188476	OK	 
REQUEST	ViewUser	FetchUserHistory	1672415187602	1672415188476	OK	 
REQUEST	Login	ReportingGroups	1672415187526	1672415188847	OK	 
REQUEST	ViewUser	RoleGroups	1672415187602	1672415188848	OK	 
REQUEST	Login	Datasets	1672415187526	1672415188850	OK	 
GROUP	Login	1672415186617	1672415188850	2229	OK
REQUEST	ViewUser	Groups	1672415187602	1672415188852	OK	 
REQUEST	ViewUser	Datasets	1672415188472	1672415188864	OK	 
GROUP	ViewUser	1672415187311	1672415188864	1551	OK
REQUEST	ViewUser	FetchUserDetails	1672415188850	1672415189066	OK	 
REQUEST	ViewUser	Roles	1672415189068	1672415189090	OK	 
REQUEST	ViewUser	RoleGroups	1672415189067	1672415189090	OK	 
REQUEST	ViewUser	Establishments	1672415189068	1672415189138	OK	 
REQUEST	ViewUser	Datasets	1672415189090	1672415189141	OK	 
REQUEST	ViewUser	StaffGrades	1672415189068	1672415189347	OK	 
REQUEST	ViewUser	FetchUserHistory	1672415189067	1672415189447	OK	 
REQUEST	ViewUser	Groups	1672415189068	1672415189844	OK	 
GROUP	ViewUser	1672415188850	1672415189845	994	OK
REQUEST	Login	GoToLoginPage	1672415213615	1672415213629	OK	 
REQUEST	Login	SubmitCredentials	1672415213631	1672415213687	OK	 
REQUEST	Login	SubmitCredentials Redirect 1	1672415213688	1672415213698	OK	 
REQUEST	Login	GetAccessToken	1672415213698	1672415214021	OK	 
REQUEST	Login	GetCurrentUserDetails	1672415214022	1672415214207	OK	 
REQUEST	Login	ReportingGroups	1672415214208	1672415214853	OK	 
REQUEST	Login	FileshareGroups	1672415214209	1672415215368	OK	 
REQUEST	Login	Roles	1672415214209	1672415215368	OK	 
REQUEST	Login	Datasets	1672415214208	1672415215371	OK	 
GROUP	Login	1672415213614	1672415215371	1751	OK
REQUEST	Search	SearchByUsername	1672415215371	1672415215982	OK	 
GROUP	Search	1672415215371	1672415215982	611	OK
REQUEST	Login	GoToLoginPage	1672415228378	1672415228397	OK	 
REQUEST	Login	SubmitCredentials	1672415228398	1672415228454	OK	 
REQUEST	Login	SubmitCredentials Redirect 1	1672415228454	1672415228468	OK	 
REQUEST	Login	GetAccessToken	1672415228468	1672415228673	OK	 
REQUEST	Login	GetCurrentUserDetails	1672415228673	1672415228873	OK	 
REQUEST	Login	FileshareGroups	1672415228874	1672415229094	OK	 
REQUEST	Login	ReportingGroups	1672415228874	1672415229095	OK	 
REQUEST	Login	Roles	1672415228874	1672415229162	OK	 
REQUEST	Login	Datasets	1672415228874	1672415229168	OK	 
GROUP	Login	1672415228378	1672415229168	788	OK
REQUEST	Search	SearchByUsername	1672415229169	1672415229788	OK	 
GROUP	Search	1672415229168	1672415229788	619	OK
REQUEST	Login	GoToLoginPage	1672415297879	1672415297902	OK	 
REQUEST	Login	SubmitCredentials	1672415297903	1672415297970	OK	 
REQUEST	Login	SubmitCredentials Redirect 1	1672415297970	1672415297982	OK	 
REQUEST	Login	GetAccessToken	1672415297983	1672415298195	OK	 
REQUEST	Login	GetCurrentUserDetails	1672415298196	1672415298405	OK	 
REQUEST	Login	Roles	1672415298407	1672415298712	OK	 
REQUEST	Login	Datasets	1672415298406	1672415298718	OK	 
REQUEST	Login	FileshareGroups	1672415298407	1672415298997	OK	 
REQUEST	Login	ReportingGroups	1672415298406	1672415298998	OK	 
GROUP	Login	1672415297878	1672415298998	1115	OK
REQUEST	Search	SearchByUsername	1672415298998	1672415299488	OK	 
GROUP	Search	1672415298998	1672415299488	490	OK
REQUEST	Login	GoToLoginPage	1672415304174	1672415304191	OK	 
REQUEST	Login	SubmitCredentials	1672415304192	1672415304252	OK	 
REQUEST	Login	SubmitCredentials Redirect 1	1672415304252	1672415304265	OK	 
REQUEST	Login	GetAccessToken	1672415304266	1672415304475	OK	 
REQUEST	Login	GetCurrentUserDetails	1672415304475	1672415304675	OK	 
REQUEST	Login	FileshareGroups	1672415304677	1672415305004	OK	 
REQUEST	Login	Datasets	1672415304676	1672415305010	OK	 
REQUEST	Login	ReportingGroups	1672415304676	1672415305190	OK	 
REQUEST	Login	Roles	1672415304677	1672415305191	OK	 
GROUP	Login	1672415304174	1672415305191	1014	OK
REQUEST	Search	SearchByUsername	1672415305191	1672415305812	OK	 
GROUP	Search	1672415305191	1672415305812	621	OK
REQUEST	Login	GoToLoginPage	1672415313023	1672415313039	OK	 
REQUEST	Login	SubmitCredentials	1672415313040	1672415313149	OK	 
REQUEST	Login	SubmitCredentials Redirect 1	1672415313149	1672415313159	OK	 
REQUEST	Login	GetAccessToken	1672415313160	1672415313763	OK	 
REQUEST	Login	GetCurrentUserDetails	1672415313764	1672415313959	OK	 
REQUEST	Login	Roles	1672415313961	1672415314254	OK	 
REQUEST	Login	Datasets	1672415313960	1672415314257	OK	 
REQUEST	Login	FileshareGroups	1672415313960	1672415314669	OK	 
REQUEST	Login	ReportingGroups	1672415313960	1672415314740	OK	 
GROUP	Login	1672415313023	1672415314740	1713	OK
REQUEST	Search	SearchByUsername	1672415314741	1672415315230	OK	 
GROUP	Search	1672415314740	1672415315231	489	OK
REQUEST	Login	GoToLoginPage	1672415334268	1672415334282	OK	 
REQUEST	Login	SubmitCredentials	1672415334285	1672415334349	OK	 
REQUEST	Login	SubmitCredentials Redirect 1	1672415334349	1672415334358	OK	 
REQUEST	Login	GetAccessToken	1672415334358	1672415334578	OK	 
REQUEST	Login	GetCurrentUserDetails	1672415334578	1672415334773	OK	 
REQUEST	Login	Roles	1672415334775	1672415335008	OK	 
REQUEST	Login	Datasets	1672415334774	1672415335010	OK	 
REQUEST	Login	FileshareGroups	1672415334774	1672415335239	OK	 
REQUEST	Login	ReportingGroups	1672415334774	1672415335239	OK	 
GROUP	Login	1672415334268	1672415335239	967	OK
REQUEST	Search	SearchByUsername	1672415335240	1672415335851	OK	 
GROUP	Search	1672415335239	1672415335851	611	OK
REQUEST	Login	GoToLoginPage	1672415360468	1672415360484	OK	 
REQUEST	Login	SubmitCredentials	1672415360485	1672415360545	OK	 
REQUEST	Login	SubmitCredentials Redirect 1	1672415360545	1672415360558	OK	 
REQUEST	Login	GetAccessToken	1672415360559	1672415360771	OK	 
GROUP	Login	1672415360468	1672415360773	301	OK
USER	Search	END	1672415360777
REQUEST	Login	GoToLoginPage	1672415417546	1672415417565	OK	 
REQUEST	Login	SubmitCredentials	1672415417566	1672415417630	OK	 
REQUEST	Login	SubmitCredentials Redirect 1	1672415417631	1672415417641	OK	 
REQUEST	Login	GetAccessToken	1672415417641	1672415417842	OK	 
USER	Search	END	1672415417962
REQUEST	Login	GetCurrentUserDetails	1672415417842	1672415418033	OK	 
REQUEST	Login	Roles	1672415418034	1672415418200	OK	 
REQUEST	Login	ReportingGroups	1672415418034	1672415419269	OK	 
REQUEST	Login	FileshareGroups	1672415418034	1672415419270	OK	 
REQUEST	Login	Datasets	1672415418034	1672415419273	OK	 
GROUP	Login	1672415417546	1672415419274	1725	OK
REQUEST	Search	SearchByUsername	1672415419274	1672415419923	OK	 
GROUP	Search	1672415419274	1672415419923	649	OK
USER	Search	END	1672415429833
USER	ViewUser	END	1672415458828
REQUEST	Login	GoToLoginPage	1672415459874	1672415459892	OK	 
REQUEST	Login	SubmitCredentials	1672415459893	1672415459948	OK	 
REQUEST	Login	SubmitCredentials Redirect 1	1672415459949	1672415459961	OK	 
REQUEST	Login	GetAccessToken	1672415459961	1672415460176	OK	 
REQUEST	Login	GetCurrentUserDetails	1672415460176	1672415460696	OK	 
REQUEST	Login	FileshareGroups	1672415460698	1672415460982	OK	 
REQUEST	Login	ReportingGroups	1672415460698	1672415460984	OK	 
REQUEST	Login	Roles	1672415460698	1672415460985	OK	 
REQUEST	Login	Datasets	1672415460697	1672415460985	OK	 
GROUP	Login	1672415459874	1672415460985	1108	OK
REQUEST	ViewUser	FetchUserDetails	1672415460988	1672415461228	OK	 
REQUEST	ViewUser	RoleGroups	1672415461229	1672415461681	OK	 
REQUEST	ViewUser	StaffGrades	1672415461230	1672415461685	OK	 
REQUEST	ViewUser	Establishments	1672415461229	1672415461686	OK	 
REQUEST	ViewUser	FetchUserHistory	1672415461229	1672415461687	OK	 
REQUEST	ViewUser	Groups	1672415461229	1672415461689	OK	 
REQUEST	ViewUser	Roles	1672415461229	1672415461690	OK	 
REQUEST	ViewUser	Datasets	1672415461681	1672415461752	OK	 
GROUP	ViewUser	1672415460985	1672415461752	763	OK
USER	ViewUser	END	1672415461754
REQUEST	Login	GoToLoginPage	1672415465466	1672415465481	OK	 
REQUEST	Login	SubmitCredentials	1672415465482	1672415465535	OK	 
REQUEST	Login	SubmitCredentials Redirect 1	1672415465535	1672415465545	OK	 
REQUEST	Login	GetAccessToken	1672415465545	1672415465777	OK	 
REQUEST	Login	GetCurrentUserDetails	1672415465777	1672415465984	OK	 
REQUEST	Login	Roles	1672415465985	1672415466149	OK	 
REQUEST	Login	FileshareGroups	1672415465985	1672415467160	OK	 
REQUEST	Login	ReportingGroups	1672415465985	1672415467160	OK	 
REQUEST	Login	Datasets	1672415465985	1672415467164	OK	 
GROUP	Login	1672415465466	1672415467164	1696	OK
REQUEST	ViewUser	FetchUserDetails	1672415467164	1672415467417	OK	 
REQUEST	ViewUser	Roles	1672415467418	1672415467868	OK	 
REQUEST	ViewUser	Establishments	1672415467418	1672415467870	OK	 
REQUEST	ViewUser	FetchUserHistory	1672415467418	1672415467872	OK	 
REQUEST	ViewUser	Groups	1672415467418	1672415468151	OK	 
REQUEST	ViewUser	RoleGroups	1672415467418	1672415468151	OK	 
REQUEST	ViewUser	Datasets	1672415467868	1672415468258	OK	 
REQUEST	ViewUser	StaffGrades	1672415467418	1672415468345	OK	 
GROUP	ViewUser	1672415467164	1672415468345	1180	OK
USER	Search	END	1672415469069
USER	Search	END	1672415473404
USER	Search	END	1672415506623
GROUP	Search	1672413820055	1672415539590	0	OK
USER	Search	END	1672415539591
